\BOOKMARK [0][-]{chapter.1}{Introduction}{}% 1
\BOOKMARK [1][-]{section.1.1}{Motivation}{chapter.1}% 2
\BOOKMARK [1][-]{section.1.2}{Contributions}{chapter.1}% 3
\BOOKMARK [1][-]{section.1.3}{Organization}{chapter.1}% 4
\BOOKMARK [0][-]{chapter.2}{Related Work}{}% 5
\BOOKMARK [1][-]{section.2.1}{Reducing Annotation Cost}{chapter.2}% 6
\BOOKMARK [1][-]{section.2.2}{Reducing Computational Cost}{chapter.2}% 7
\BOOKMARK [1][-]{section.2.3}{Self-aware Vision Algorithms}{chapter.2}% 8
\BOOKMARK [0][-]{chapter.3}{Efficient Visual Annotation with Speech Recognition}{}% 9
\BOOKMARK [1][-]{section.3.1}{Introduction}{chapter.3}% 10
\BOOKMARK [1][-]{section.3.2}{Related Work}{chapter.3}% 11
\BOOKMARK [2][-]{subsection.3.2.1}{Semantic Image Segmentation}{section.3.2}% 12
\BOOKMARK [2][-]{subsection.3.2.2}{Integration of Vision and Language \(Speech\)}{section.3.2}% 13
\BOOKMARK [1][-]{section.3.3}{Speech-based Annotation}{chapter.3}% 14
\BOOKMARK [2][-]{subsection.3.3.1}{The Draw \046 Tell Annotation Tool}{section.3.3}% 15
\BOOKMARK [2][-]{subsection.3.3.2}{Integration with Webly Supervised Object Recognition}{section.3.3}% 16
\BOOKMARK [2][-]{subsection.3.3.3}{Annotation Results}{section.3.3}% 17
\BOOKMARK [1][-]{section.3.4}{Semantic Image Segmentation}{chapter.3}% 18
\BOOKMARK [2][-]{subsection.3.4.1}{Scribbles to Heatmaps}{section.3.4}% 19
\BOOKMARK [2][-]{subsection.3.4.2}{Heatmap-based FCN}{section.3.4}% 20
\BOOKMARK [1][-]{section.3.5}{Experiments}{chapter.3}% 21
\BOOKMARK [2][-]{subsection.3.5.1}{Experimental Settings}{section.3.5}% 22
\BOOKMARK [2][-]{subsection.3.5.2}{Results}{section.3.5}% 23
\BOOKMARK [1][-]{section.3.6}{Conclusion}{chapter.3}% 24
\BOOKMARK [0][-]{chapter.4}{Representation Learning with Unlabeled Data}{}% 25
\BOOKMARK [1][-]{subsection.4.0.1}{Motivations}{chapter.4}% 26
\BOOKMARK [2][-]{subsection.4.0.2}{Contributions}{subsection.4.0.1}% 27
\BOOKMARK [1][-]{section.4.1}{Related Work}{chapter.4}% 28
\BOOKMARK [1][-]{section.4.2}{Observations}{chapter.4}% 29
\BOOKMARK [2][-]{subsection.4.2.1}{Observation 1}{section.4.2}% 30
\BOOKMARK [2][-]{subsection.4.2.2}{Observation 2}{section.4.2}% 31
\BOOKMARK [1][-]{section.4.3}{Our Approach}{chapter.4}% 32
\BOOKMARK [2][-]{subsection.4.3.1}{Max-Min Sampling}{section.4.3}% 33
\BOOKMARK [2][-]{subsection.4.3.2}{Ensemble Projection}{section.4.3}% 34
\BOOKMARK [1][-]{section.4.4}{Experiments}{chapter.4}% 35
\BOOKMARK [2][-]{subsection.4.4.1}{Semi-supervised Image Classification}{section.4.4}% 36
\BOOKMARK [2][-]{subsection.4.4.2}{Self-taught Image Classification}{section.4.4}% 37
\BOOKMARK [2][-]{subsection.4.4.3}{Image Clustering}{section.4.4}% 38
\BOOKMARK [1][-]{section.4.5}{Conclusion}{chapter.4}% 39
\BOOKMARK [0][-]{chapter.5}{conclusion}{}% 40
