This is pdfTeX, Version 3.14159265-2.6-1.40.16 (TeX Live 2015) (preloaded format=pdflatex 2015.5.24)  18 APR 2016 22:31
entering extended mode
 \write18 enabled.
 file:line:error style messages enabled.
 %&-line parsing enabled.
**main2.tex
(./main2.tex
LaTeX2e <2015/01/01>
Babel <3.9l> and hyphenation patterns for 79 languages loaded.
(./llncs.cls
Document Class: llncs 2013/09/27 v2.18 
 LaTeX document class for Lecture Notes in Computer Science
(/usr/local/texlive/2015/texmf-dist/tex/latex/base/article.cls
Document Class: article 2014/09/29 v1.4h Standard LaTeX document class
(/usr/local/texlive/2015/texmf-dist/tex/latex/base/size10.clo
File: size10.clo 2014/09/29 v1.4h Standard LaTeX file (size option)
)
\c@part=\count79
\c@section=\count80
\c@subsection=\count81
\c@subsubsection=\count82
\c@paragraph=\count83
\c@subparagraph=\count84
\c@figure=\count85
\c@table=\count86
\abovecaptionskip=\skip41
\belowcaptionskip=\skip42
\bibindent=\dimen102
)
(/usr/local/texlive/2015/texmf-dist/tex/latex/tools/multicol.sty
Package: multicol 2015/03/31 v1.8m multicolumn formatting (FMi)
\c@tracingmulticols=\count87
\mult@box=\box26
\multicol@leftmargin=\dimen103
\c@unbalance=\count88
\c@collectmore=\count89
\doublecol@number=\count90
\multicoltolerance=\count91
\multicolpretolerance=\count92
\full@width=\dimen104
\page@free=\dimen105
\premulticols=\dimen106
\postmulticols=\dimen107
\multicolsep=\skip43
\multicolbaselineskip=\skip44
\partial@page=\box27
\last@line=\box28
\maxbalancingoverflow=\dimen108
\mult@rightbox=\box29
\mult@grightbox=\box30
\mult@gfirstbox=\box31
\mult@firstbox=\box32
\@tempa=\box33
\@tempa=\box34
\@tempa=\box35
\@tempa=\box36
\@tempa=\box37
\@tempa=\box38
\@tempa=\box39
\@tempa=\box40
\@tempa=\box41
\@tempa=\box42
\@tempa=\box43
\@tempa=\box44
\@tempa=\box45
\@tempa=\box46
\@tempa=\box47
\@tempa=\box48
\@tempa=\box49
\c@columnbadness=\count93
\c@finalcolumnbadness=\count94
\last@try=\dimen109
\multicolovershoot=\dimen110
\multicolundershoot=\dimen111
\mult@nat@firstbox=\box50
\colbreak@box=\box51
\mc@col@check@num=\count95
)
(/usr/local/texlive/2015/texmf-dist/tex/latex/oberdiek/aliascnt.sty
Package: aliascnt 2009/09/08 v1.3 Alias counters (HO)

(/usr/local/texlive/2015/texmf-dist/tex/latex/carlisle/remreset.sty))
\c@chapter=\count96
LaTeX Font Info:    Redeclaring math symbol \Gamma on input line 362.
LaTeX Font Info:    Redeclaring math symbol \Delta on input line 363.
LaTeX Font Info:    Redeclaring math symbol \Theta on input line 364.
LaTeX Font Info:    Redeclaring math symbol \Lambda on input line 365.
LaTeX Font Info:    Redeclaring math symbol \Xi on input line 366.
LaTeX Font Info:    Redeclaring math symbol \Pi on input line 367.
LaTeX Font Info:    Redeclaring math symbol \Sigma on input line 368.
LaTeX Font Info:    Redeclaring math symbol \Upsilon on input line 369.
LaTeX Font Info:    Redeclaring math symbol \Phi on input line 370.
LaTeX Font Info:    Redeclaring math symbol \Psi on input line 371.
LaTeX Font Info:    Redeclaring math symbol \Omega on input line 372.
\tocchpnum=\dimen112
\tocsecnum=\dimen113
\tocsectotal=\dimen114
\tocsubsecnum=\dimen115
\tocsubsectotal=\dimen116
\tocsubsubsecnum=\dimen117
\tocsubsubsectotal=\dimen118
\tocparanum=\dimen119
\tocparatotal=\dimen120
\tocsubparanum=\dimen121
\@tempcntc=\count97
\fnindent=\dimen122
\c@@inst=\count98
\c@@auth=\count99
\c@auco=\count100
\instindent=\dimen123
\authrun=\box52
\authorrunning=\toks14
\tocauthor=\toks15
\titrun=\box53
\titlerunning=\toks16
\toctitle=\toks17
\c@theorem=\count101
\c@case=\count102
\c@conjecture=\count103
\c@corollary=\count104
\c@definition=\count105
\c@example=\count106
\c@exercise=\count107
\c@lemma=\count108
\c@note=\count109
\c@problem=\count110
\c@property=\count111
\c@proposition=\count112
\c@question=\count113
\c@solution=\count114
\c@remark=\count115
\headlineindent=\dimen124
)
(/usr/local/texlive/2015/texmf-dist/tex/latex/graphics/graphicx.sty
Package: graphicx 2014/10/28 v1.0g Enhanced LaTeX Graphics (DPC,SPQR)

(/usr/local/texlive/2015/texmf-dist/tex/latex/graphics/keyval.sty
Package: keyval 2014/10/28 v1.15 key=value parser (DPC)
\KV@toks@=\toks18
)
(/usr/local/texlive/2015/texmf-dist/tex/latex/graphics/graphics.sty
Package: graphics 2014/10/28 v1.0p Standard LaTeX Graphics (DPC,SPQR)

(/usr/local/texlive/2015/texmf-dist/tex/latex/graphics/trig.sty
Package: trig 1999/03/16 v1.09 sin cos tan (DPC)
)
(/usr/local/texlive/2015/texmf-dist/tex/latex/latexconfig/graphics.cfg
File: graphics.cfg 2010/04/23 v1.9 graphics configuration of TeX Live
)
Package graphics Info: Driver file: pdftex.def on input line 94.

(/usr/local/texlive/2015/texmf-dist/tex/latex/pdftex-def/pdftex.def
File: pdftex.def 2011/05/27 v0.06d Graphics/color for pdfTeX

(/usr/local/texlive/2015/texmf-dist/tex/generic/oberdiek/infwarerr.sty
Package: infwarerr 2010/04/08 v1.3 Providing info/warning/error messages (HO)
)
(/usr/local/texlive/2015/texmf-dist/tex/generic/oberdiek/ltxcmds.sty
Package: ltxcmds 2011/11/09 v1.22 LaTeX kernel commands for general use (HO)
)
\Gread@gobject=\count116
))
\Gin@req@height=\dimen125
\Gin@req@width=\dimen126
)
(/usr/local/texlive/2015/texmf-dist/tex/latex/amsmath/amsmath.sty
Package: amsmath 2013/01/14 v2.14 AMS math features
\@mathmargin=\skip45

For additional information on amsmath, use the `?' option.
(/usr/local/texlive/2015/texmf-dist/tex/latex/amsmath/amstext.sty
Package: amstext 2000/06/29 v2.01

(/usr/local/texlive/2015/texmf-dist/tex/latex/amsmath/amsgen.sty
File: amsgen.sty 1999/11/30 v2.0
\@emptytoks=\toks19
\ex@=\dimen127
))
(/usr/local/texlive/2015/texmf-dist/tex/latex/amsmath/amsbsy.sty
Package: amsbsy 1999/11/29 v1.2d
\pmbraise@=\dimen128
)
(/usr/local/texlive/2015/texmf-dist/tex/latex/amsmath/amsopn.sty
Package: amsopn 1999/12/14 v2.01 operator names
)
\inf@bad=\count117
LaTeX Info: Redefining \frac on input line 210.
\uproot@=\count118
\leftroot@=\count119
LaTeX Info: Redefining \overline on input line 306.
\classnum@=\count120
\DOTSCASE@=\count121
LaTeX Info: Redefining \ldots on input line 378.
LaTeX Info: Redefining \dots on input line 381.
LaTeX Info: Redefining \cdots on input line 466.
\Mathstrutbox@=\box54
\strutbox@=\box55
\big@size=\dimen129
LaTeX Font Info:    Redeclaring font encoding OML on input line 566.
LaTeX Font Info:    Redeclaring font encoding OMS on input line 567.


Package amsmath Warning: Unable to redefine math accent \vec.

\macc@depth=\count122
\c@MaxMatrixCols=\count123
\dotsspace@=\muskip10
\c@parentequation=\count124
\dspbrk@lvl=\count125
\tag@help=\toks20
\row@=\count126
\column@=\count127
\maxfields@=\count128
\andhelp@=\toks21
\eqnshift@=\dimen130
\alignsep@=\dimen131
\tagshift@=\dimen132
\tagwidth@=\dimen133
\totwidth@=\dimen134
\lineht@=\dimen135
\@envbody=\toks22
\multlinegap=\skip46
\multlinetaggap=\skip47
\mathdisplay@stack=\toks23
LaTeX Info: Redefining \[ on input line 2665.
LaTeX Info: Redefining \] on input line 2666.
) (/usr/local/texlive/2015/texmf-dist/tex/latex/amsfonts/amssymb.sty
Package: amssymb 2013/01/14 v3.01 AMS font symbols

(/usr/local/texlive/2015/texmf-dist/tex/latex/amsfonts/amsfonts.sty
Package: amsfonts 2013/01/14 v3.01 Basic AMSFonts support
\symAMSa=\mathgroup4
\symAMSb=\mathgroup5
LaTeX Font Info:    Overwriting math alphabet `\mathfrak' in version `bold'
(Font)                  U/euf/m/n --> U/euf/b/n on input line 106.
))
(./ruler.sty
Package: ruler 
 (./eso-pic.sty
Package: eso-pic 2002/11/16 v1.1b eso-pic (RN)
 (./cvpr_eso.sty

LaTeX Warning: You have requested package `eso-pic',
               but the package provides `everyshi'.

Package: everyshi 2001/05/15 v3.00 EveryShipout Package (MS)
))
\cvprrulerbox=\box56
\cvprrulercount=\count129
\cvprrulercounttmp=\count130
\cvprruleroffset=\dimen136
\cv@lineheight=\dimen137
\cv@boxheight=\dimen138
\cv@tmpbox=\box57
\cv@refno=\count131
\cv@tot=\count132
\cv@tmpc@=\count133
\cv@tmpc=\count134
) (/usr/local/texlive/2015/texmf-dist/tex/latex/graphics/color.sty
Package: color 2014/10/28 v1.1a Standard LaTeX Color (DPC)

(/usr/local/texlive/2015/texmf-dist/tex/latex/latexconfig/color.cfg
File: color.cfg 2007/01/18 v1.5 color configuration of teTeX/TeXLive
)
Package color Info: Driver file: pdftex.def on input line 142.
)
(/usr/local/texlive/2015/texmf-dist/tex/latex/psnfss/times.sty
Package: times 2005/04/12 PSNFSS-v9.2a (SPQR) 
)
(/usr/local/texlive/2015/texmf-dist/tex/latex/graphics/epsfig.sty
Package: epsfig 1999/02/16 v1.7a (e)psfig emulation (SPQR)
\epsfxsize=\dimen139
\epsfysize=\dimen140
)
(/usr/local/texlive/2015/texmf-dist/tex/latex/url/url.sty
\Urlmuskip=\muskip11
Package: url 2013/09/16  ver 3.4  Verb mode for urls, etc.
)
(/usr/local/texlive/2015/texmf-dist/tex/latex/sidecap/sidecap.sty
Package: sidecap 2003/06/06 v1.6f SideCap Package (RN/HjG)

(/usr/local/texlive/2015/texmf-dist/tex/latex/base/ifthen.sty
Package: ifthen 2014/09/29 v1.1c Standard LaTeX ifthen package (DPC)
)
\SC@BOXWD=\dimen141
\SC@CAPWD=\dimen142
\SC@tempdima=\dimen143
\SC@tempdimb=\dimen144
\c@SC@C=\count135
\SC@BOX=\box58
)
(/usr/local/texlive/2015/texmf-dist/tex/latex/rotating/rotating.sty
Package: rotating 2009/03/28 v2.16a rotated objects in LaTeX
\c@r@tfl@t=\count136
\rotFPtop=\skip48
\rotFPbot=\skip49
\rot@float@box=\box59
\rot@mess@toks=\toks24
)
(/usr/local/texlive/2015/texmf-dist/tex/latex/cite/cite.sty
LaTeX Info: Redefining \cite on input line 302.
LaTeX Info: Redefining \nocite on input line 332.
Package: cite 2015/02/27  v 5.5
)
(/usr/local/texlive/2015/texmf-dist/tex/latex/multirow/multirow.sty
\bigstrutjot=\dimen145
)
(./wraptable.sty
\WF@wrappedlines=\count137
\WF@size=\dimen146
\WF@box=\box60
\WF@hsep=\dimen147
\WF@tsep=\dimen148
)
(/usr/local/texlive/2015/texmf-dist/tex/latex/wrapfig/wrapfig.sty
\wrapoverhang=\dimen149
\WF@size=\dimen150
\c@WF@wrappedlines=\count138
\WF@box=\box61
\WF@everypar=\toks25
Package: wrapfig 2003/01/31  v 3.6
)
(/usr/local/texlive/2015/texmf-dist/tex/latex/tools/xspace.sty
Package: xspace 2014/10/28 v1.13 Space after command names (DPC,MH)
)
(/usr/local/texlive/2015/texmf-dist/tex/latex/hyperref/hyperref.sty
Package: hyperref 2012/11/06 v6.83m Hypertext links for LaTeX

(/usr/local/texlive/2015/texmf-dist/tex/generic/oberdiek/hobsub-hyperref.sty
Package: hobsub-hyperref 2012/05/28 v1.13 Bundle oberdiek, subset hyperref (HO)


(/usr/local/texlive/2015/texmf-dist/tex/generic/oberdiek/hobsub-generic.sty
Package: hobsub-generic 2012/05/28 v1.13 Bundle oberdiek, subset generic (HO)
Package: hobsub 2012/05/28 v1.13 Construct package bundles (HO)
Package hobsub Info: Skipping package `infwarerr' (already loaded).
Package hobsub Info: Skipping package `ltxcmds' (already loaded).
Package: ifluatex 2010/03/01 v1.3 Provides the ifluatex switch (HO)
Package ifluatex Info: LuaTeX not detected.
Package: ifvtex 2010/03/01 v1.5 Detect VTeX and its facilities (HO)
Package ifvtex Info: VTeX not detected.
Package: intcalc 2007/09/27 v1.1 Expandable calculations with integers (HO)
Package: ifpdf 2011/01/30 v2.3 Provides the ifpdf switch (HO)
Package ifpdf Info: pdfTeX in PDF mode is detected.
Package: etexcmds 2011/02/16 v1.5 Avoid name clashes with e-TeX commands (HO)
Package etexcmds Info: Could not find \expanded.
(etexcmds)             That can mean that you are not using pdfTeX 1.50 or
(etexcmds)             that some package has redefined \expanded.
(etexcmds)             In the latter case, load this package earlier.
Package: kvsetkeys 2012/04/25 v1.16 Key value parser (HO)
Package: kvdefinekeys 2011/04/07 v1.3 Define keys (HO)
Package: pdftexcmds 2011/11/29 v0.20 Utility functions of pdfTeX for LuaTeX (HO
)
Package pdftexcmds Info: LuaTeX not detected.
Package pdftexcmds Info: \pdf@primitive is available.
Package pdftexcmds Info: \pdf@ifprimitive is available.
Package pdftexcmds Info: \pdfdraftmode found.
Package: pdfescape 2011/11/25 v1.13 Implements pdfTeX's escape features (HO)
Package: bigintcalc 2012/04/08 v1.3 Expandable calculations on big integers (HO
)
Package: bitset 2011/01/30 v1.1 Handle bit-vector datatype (HO)
Package: uniquecounter 2011/01/30 v1.2 Provide unlimited unique counter (HO)
)
Package hobsub Info: Skipping package `hobsub' (already loaded).
Package: letltxmacro 2010/09/02 v1.4 Let assignment for LaTeX macros (HO)
Package: hopatch 2012/05/28 v1.2 Wrapper for package hooks (HO)
Package: xcolor-patch 2011/01/30 xcolor patch
Package: atveryend 2011/06/30 v1.8 Hooks at the very end of document (HO)
Package atveryend Info: \enddocument detected (standard20110627).
Package: atbegshi 2011/10/05 v1.16 At begin shipout hook (HO)
Package: refcount 2011/10/16 v3.4 Data extraction from label references (HO)
Package: hycolor 2011/01/30 v1.7 Color options for hyperref/bookmark (HO)
)
(/usr/local/texlive/2015/texmf-dist/tex/generic/ifxetex/ifxetex.sty
Package: ifxetex 2010/09/12 v0.6 Provides ifxetex conditional
)
(/usr/local/texlive/2015/texmf-dist/tex/latex/oberdiek/auxhook.sty
Package: auxhook 2011/03/04 v1.3 Hooks for auxiliary files (HO)
)
(/usr/local/texlive/2015/texmf-dist/tex/latex/oberdiek/kvoptions.sty
Package: kvoptions 2011/06/30 v3.11 Key value format for package options (HO)
)
\@linkdim=\dimen151
\Hy@linkcounter=\count139
\Hy@pagecounter=\count140

(/usr/local/texlive/2015/texmf-dist/tex/latex/hyperref/pd1enc.def
File: pd1enc.def 2012/11/06 v6.83m Hyperref: PDFDocEncoding definition (HO)
)
\Hy@SavedSpaceFactor=\count141

(/usr/local/texlive/2015/texmf-dist/tex/latex/latexconfig/hyperref.cfg
File: hyperref.cfg 2002/06/06 v1.2 hyperref configuration of TeXLive
)
Package hyperref Info: Option `breaklinks' set `true' on input line 4319.


Package hyperref Warning: Option `letterpaper' is no longer used.

Package hyperref Info: Option `colorlinks' set `true' on input line 4319.
Package hyperref Info: Option `bookmarks' set `false' on input line 4319.
Package hyperref Info: Hyper figures OFF on input line 4443.
Package hyperref Info: Link nesting OFF on input line 4448.
Package hyperref Info: Hyper index ON on input line 4451.
Package hyperref Info: Plain pages OFF on input line 4458.
Package hyperref Info: Backreferencing ON on input line 4461.
Package hyperref Info: Implicit mode ON; LaTeX internals redefined.
Package hyperref Info: Bookmarks OFF on input line 4694.
(/usr/local/texlive/2015/texmf-dist/tex/latex/hyperref/backref.sty
Package: backref 2012/07/25 v1.38 Bibliographical back referencing

(/usr/local/texlive/2015/texmf-dist/tex/latex/oberdiek/rerunfilecheck.sty
Package: rerunfilecheck 2011/04/15 v1.7 Rerun checks for auxiliary files (HO)
Package uniquecounter Info: New unique counter `rerunfilecheck' on input line 2
82.
))
\c@Hy@tempcnt=\count142
LaTeX Info: Redefining \url on input line 5041.
\XeTeXLinkMargin=\dimen152
\Fld@menulength=\count143
\Field@Width=\dimen153
\Fld@charsize=\dimen154
Package hyperref Info: Hyper figures OFF on input line 6295.
Package hyperref Info: Link nesting OFF on input line 6300.
Package hyperref Info: Hyper index ON on input line 6303.
Package hyperref Info: backreferencing ON on input line 6308.
Package hyperref Info: Link coloring ON on input line 6313.
Package hyperref Info: Link coloring with OCG OFF on input line 6320.
Package hyperref Info: PDF/A mode OFF on input line 6325.
LaTeX Info: Redefining \ref on input line 6365.
LaTeX Info: Redefining \pageref on input line 6369.
\Hy@abspage=\count144
\c@Item=\count145
\c@Hfootnote=\count146
)

Package hyperref Message: Driver (autodetected): hpdftex.

(/usr/local/texlive/2015/texmf-dist/tex/latex/hyperref/hpdftex.def
File: hpdftex.def 2012/11/06 v6.83m Hyperref driver for pdfTeX
\Fld@listcount=\count147
\c@bookmark@seq@number=\count148
\Hy@SectionHShift=\skip50
)
(/usr/local/texlive/2015/texmf-dist/tex/latex/geometry/geometry.sty
Package: geometry 2010/09/12 v5.6 Page Geometry
\Gm@cnth=\count149
\Gm@cntv=\count150
\c@Gm@tempcnt=\count151
\Gm@bindingoffset=\dimen155
\Gm@wd@mp=\dimen156
\Gm@odd@mp=\dimen157
\Gm@even@mp=\dimen158
\Gm@layoutwidth=\dimen159
\Gm@layoutheight=\dimen160
\Gm@layouthoffset=\dimen161
\Gm@layoutvoffset=\dimen162
\Gm@dimlist=\toks26
)
(./main2.aux)
\openout1 = `main2.aux'.

LaTeX Font Info:    Checking defaults for OML/cmm/m/it on input line 41.
LaTeX Font Info:    ... okay on input line 41.
LaTeX Font Info:    Checking defaults for T1/cmr/m/n on input line 41.
LaTeX Font Info:    ... okay on input line 41.
LaTeX Font Info:    Checking defaults for OT1/cmr/m/n on input line 41.
LaTeX Font Info:    ... okay on input line 41.
LaTeX Font Info:    Checking defaults for OMS/cmsy/m/n on input line 41.
LaTeX Font Info:    ... okay on input line 41.
LaTeX Font Info:    Checking defaults for OMX/cmex/m/n on input line 41.
LaTeX Font Info:    ... okay on input line 41.
LaTeX Font Info:    Checking defaults for U/cmr/m/n on input line 41.
LaTeX Font Info:    ... okay on input line 41.
LaTeX Font Info:    Checking defaults for PD1/pdf/m/n on input line 41.
LaTeX Font Info:    ... okay on input line 41.
LaTeX Font Info:    Try loading font information for OT1+ptm on input line 41.
 (/usr/local/texlive/2015/texmf-dist/tex/latex/psnfss/ot1ptm.fd
File: ot1ptm.fd 2001/06/04 font definitions for OT1/ptm.
)
(/usr/local/texlive/2015/texmf-dist/tex/context/base/supp-pdf.mkii
[Loading MPS to PDF converter (version 2006.09.02).]
\scratchcounter=\count152
\scratchdimen=\dimen163
\scratchbox=\box62
\nofMPsegments=\count153
\nofMParguments=\count154
\everyMPshowfont=\toks27
\MPscratchCnt=\count155
\MPscratchDim=\dimen164
\MPnumerator=\count156
\makeMPintoPDFobject=\count157
\everyMPtoPDFconversion=\toks28
) (/usr/local/texlive/2015/texmf-dist/tex/latex/oberdiek/epstopdf-base.sty
Package: epstopdf-base 2010/02/09 v2.5 Base part for package epstopdf

(/usr/local/texlive/2015/texmf-dist/tex/latex/oberdiek/grfext.sty
Package: grfext 2010/08/19 v1.1 Manage graphics extensions (HO)
)
Package grfext Info: Graphics extension search list:
(grfext)             [.png,.pdf,.jpg,.mps,.jpeg,.jbig2,.jb2,.PNG,.PDF,.JPG,.JPE
G,.JBIG2,.JB2,.eps]
(grfext)             \AppendGraphicsExtensions on input line 452.

(/usr/local/texlive/2015/texmf-dist/tex/latex/latexconfig/epstopdf-sys.cfg
File: epstopdf-sys.cfg 2010/07/13 v1.3 Configuration of (r)epstopdf for TeX Liv
e
))
ABD: EveryShipout initializing macros
(/usr/local/texlive/2015/texmf-dist/tex/latex/ms/ragged2e.sty
Package: ragged2e 2009/05/21 v2.1 ragged2e Package (MS)

(/usr/local/texlive/2015/texmf-dist/tex/latex/ms/everysel.sty
Package: everysel 2011/10/28 v1.2 EverySelectfont Package (MS)

ABD: EverySelectfont initializing macros
LaTeX Info: Redefining \selectfont on input line 126.
)
\CenteringLeftskip=\skip51
\RaggedLeftLeftskip=\skip52
\RaggedRightLeftskip=\skip53
\CenteringRightskip=\skip54
\RaggedLeftRightskip=\skip55
\RaggedRightRightskip=\skip56
\CenteringParfillskip=\skip57
\RaggedLeftParfillskip=\skip58
\RaggedRightParfillskip=\skip59
\JustifyingParfillskip=\skip60
\CenteringParindent=\skip61
\RaggedLeftParindent=\skip62
\RaggedRightParindent=\skip63
\JustifyingParindent=\skip64
)
\AtBeginShipoutBox=\box63
Package atbegshi Info: Package `everyshi' patched.
Package hyperref Info: Link coloring ON on input line 41.

(/usr/local/texlive/2015/texmf-dist/tex/latex/hyperref/nameref.sty
Package: nameref 2012/10/27 v2.43 Cross-referencing by name of section

(/usr/local/texlive/2015/texmf-dist/tex/generic/oberdiek/gettitlestring.sty
Package: gettitlestring 2010/12/03 v1.4 Cleanup title references (HO)
)
\c@section@level=\count158
)
LaTeX Info: Redefining \ref on input line 41.
LaTeX Info: Redefining \pageref on input line 41.
LaTeX Info: Redefining \nameref on input line 41.

*geometry* driver: auto-detecting
*geometry* detected driver: pdftex
*geometry* verbose mode - [ preamble ] result:
* driver: pdftex
* paper: custom
* layout: <same size as paper>
* layoutoffset:(h,v)=(0.0pt,0.0pt)
* modes: twoside 
* h-part:(L,W,R)=(34.1433pt, 347.12361pt, 34.14333pt)
* v-part:(T,H,B)=(34.1433pt, 549.13818pt, 34.14331pt)
* \paperwidth=415.41023pt
* \paperheight=617.42479pt
* \textwidth=347.12361pt
* \textheight=549.13818pt
* \oddsidemargin=-38.1267pt
* \evensidemargin=-38.12666pt
* \topmargin=-66.1267pt
* \headheight=12.0pt
* \headsep=16.0pt
* \topskip=10.0pt
* \footskip=30.0pt
* \marginparwidth=90.0pt
* \marginparsep=11.0pt
* \columnsep=10.0pt
* \skip\footins=9.0pt plus 4.0pt minus 2.0pt
* \hoffset=0.0pt
* \voffset=0.0pt
* \mag=1000
* \@twocolumnfalse
* \@twosidetrue
* \@mparswitchtrue
* \@reversemarginfalse
* (1in=72.27pt=25.4mm, 1cm=28.453pt)

LaTeX Font Info:    Font shape `OT1/ptm/bx/n' in size <14.4> not available
(Font)              Font shape `OT1/ptm/b/n' tried instead on input line 60.
LaTeX Font Info:    Try loading font information for U+msa on input line 60.
(/usr/local/texlive/2015/texmf-dist/tex/latex/amsfonts/umsa.fd
File: umsa.fd 2013/01/14 v3.01 AMS symbols A
)
LaTeX Font Info:    Try loading font information for U+msb on input line 60.

(/usr/local/texlive/2015/texmf-dist/tex/latex/amsfonts/umsb.fd
File: umsb.fd 2013/01/14 v3.01 AMS symbols B
)
LaTeX Font Info:    Font shape `OT1/ptm/bx/n' in size <9> not available
(Font)              Font shape `OT1/ptm/b/n' tried instead on input line 61.
LaTeX Font Info:    Font shape `OT1/ptm/bx/n' in size <12> not available
(Font)              Font shape `OT1/ptm/b/n' tried instead on input line 91.
LaTeX Font Info:    Font shape `OT1/ptm/bx/n' in size <10> not available
(Font)              Font shape `OT1/ptm/b/n' tried instead on input line 95.


LaTeX Warning: Citation `deepnet:nips12' on page 1 undefined on input line 95.


LaTeX Warning: Citation `Decaf:icml2014' on page 1 undefined on input line 95.


LaTeX Warning: Citation `vgg16' on page 1 undefined on input line 95.


LaTeX Warning: Citation `rcnn' on page 1 undefined on input line 98.


LaTeX Warning: Citation `Long_2015_CVPR' on page 1 undefined on input line 98.


LaTeX Warning: Citation `rcnn_crf' on page 1 undefined on input line 98.

<fig1/007109.png, id=4, 501.875pt x 333.245pt>
File: fig1/007109.png Graphic file (type png)
 <use fig1/007109.png>
Package pdftex.def Info: fig1/007109.png used on input line 114.
(pdftex.def)             Requested size: 62.4797pt x 41.48262pt.

<fig1/007109-bbx.pdf, id=5, 435.6275pt x 290.08376pt>
File: fig1/007109-bbx.pdf Graphic file (type pdf)

<use fig1/007109-bbx.pdf>
Package pdftex.def Info: fig1/007109-bbx.pdf used on input line 116.
(pdftex.def)             Requested size: 62.4797pt x 41.60294pt.

<fig1/007109-point.jpg, id=6, 376.40625pt x 249.93375pt>
File: fig1/007109-point.jpg Graphic file (type jpg)

<use fig1/007109-point.jpg>
Package pdftex.def Info: fig1/007109-point.jpg used on input line 118.
(pdftex.def)             Requested size: 62.4797pt x 41.48517pt.

<fig1/007109-keywords.pdf, id=7, 433.62pt x 288.07625pt>
File: fig1/007109-keywords.pdf Graphic file (type pdf)

<use fig1/007109-keywords.pdf>
Package pdftex.def Info: fig1/007109-keywords.pdf used on input line 120.
(pdftex.def)             Requested size: 62.4797pt x 41.50844pt.

<fig1/007109-scribble1.jpg, id=8, 376.40625pt x 249.93375pt>
File: fig1/007109-scribble1.jpg Graphic file (type jpg)

<use fig1/007109-scribble1.jpg>
Package pdftex.def Info: fig1/007109-scribble1.jpg used on input line 122.
(pdftex.def)             Requested size: 62.4797pt x 41.48517pt.
 <fig1/mouse1.png, id=9, 513.92pt x 513.92pt>
File: fig1/mouse1.png Graphic file (type png)

<use fig1/mouse1.png>
Package pdftex.def Info: fig1/mouse1.png used on input line 125.
(pdftex.def)             Requested size: 7.70847pt x 7.70847pt.
File: fig1/mouse1.png Graphic file (type png)
 <use fig1/mouse1.png>
Package pdftex.def Info: fig1/mouse1.png used on input line 127.
(pdftex.def)             Requested size: 7.70847pt x 7.70847pt.
File: fig1/mouse1.png Graphic file (type png)
 <use fig1/mouse1.png>
Package pdftex.def Info: fig1/mouse1.png used on input line 128.
(pdftex.def)             Requested size: 7.70847pt x 7.70847pt.
File: fig1/mouse1.png Graphic file (type png)

<use fig1/mouse1.png>
Package pdftex.def Info: fig1/mouse1.png used on input line 129.
(pdftex.def)             Requested size: 7.70847pt x 7.70847pt.
File: fig1/mouse1.png Graphic file (type png)
 <use fig1/mouse1.png>
Package pdftex.def Info: fig1/mouse1.png used on input line 130.
(pdftex.def)             Requested size: 7.70847pt x 7.70847pt.

<fig1/microphone.png, id=11, 256.96pt x 256.96pt>
File: fig1/microphone.png Graphic file (type png)
 <use fig1/microphone.png>
Package pdftex.def Info: fig1/microphone.png used on input line 130.
(pdftex.def)             Requested size: 7.70847pt x 7.70847pt.


LaTeX Warning: Citation `open:surface' on page 1 undefined on input line 147.


LaTeX Warning: Citation `whatpoint' on page 1 undefined on input line 151.


LaTeX Warning: Citation `coco:eccv' on page 1 undefined on input line 151.


LaTeX Warning: Citation `scalable:annotation' on page 1 undefined on input line
 155.


LaTeX Warning: Citation `coco:eccv' on page 1 undefined on input line 155.


LaTeX Warning: Citation `rcnn' on page 1 undefined on input line 157.


LaTeX Warning: Citation `rcnn_crf' on page 1 undefined on input line 157.


LaTeX Warning: Citation `crfasrnn' on page 1 undefined on input line 157.


LaTeX Warning: Citation `weak:seg:xu' on page 1 undefined on input line 158.


LaTeX Warning: Citation `BoxSup' on page 1 undefined on input line 158.


LaTeX Warning: Citation `ConsCNN' on page 1 undefined on input line 158.


LaTeX Warning: Citation `whatpoint' on page 1 undefined on input line 159.


LaTeX Warning: Citation `markov:topic' on page 1 undefined on input line 160.


LaTeX Warning: Citation `cnn:em' on page 1 undefined on input line 160.


LaTeX Warning: Reference `fig:1' on page 1 undefined on input line 160.

LaTeX Font Info:    Try loading font information for OT1+phv on input line 163.

(/usr/local/texlive/2015/texmf-dist/tex/latex/psnfss/ot1phv.fd
File: ot1phv.fd 2001/06/04 scalable font definitions for OT1/phv.
) [1{/usr/local/texlive/2015/texmf-var/fonts/map/pdftex/updmap/pdftex.map}


]

LaTeX Warning: Reference `fig:1' on page 2 undefined on input line 173.


LaTeX Warning: Citation `open:surface' on page 2 undefined on input line 178.


LaTeX Warning: Citation `coco:eccv' on page 2 undefined on input line 179.

Missing character: There is no â in font ptmr7t!
Missing character: There is no € in font ptmr7t!
Missing character: There is no ™ in font ptmr7t!

LaTeX Warning: Citation `Long_2015_CVPR' on page 2 undefined on input line 227.



LaTeX Warning: Reference `fig:2' on page 2 undefined on input line 230.


LaTeX Warning: Citation `Long_2015_CVPR' on page 2 undefined on input line 231.



Overfull \hbox (2.69276pt too wide) in paragraph at lines 224--238
\OT1/ptm/m/n/10 cor-re-spond-ing classes by com-bin-ing in-ter-ac-tive im-age s
eg-men-ta-tion and en-sem-ble learn-
 []

[2 <./fig1/007109.png> <./fig1/007109-bbx.pdf> <./fig1/007109-point.jpg> <./fig
1/007109-keywords.pdf> <./fig1/007109-scribble1.jpg> <./fig1/mouse1.png> <./fig
1/microphone.png>] <fig2/figure2-crop.pdf, id=44, 906.38625pt x 228.855pt>
File: fig2/figure2-crop.pdf Graphic file (type pdf)

<use fig2/figure2-crop.pdf>
Package pdftex.def Info: fig2/figure2-crop.pdf used on input line 241.
(pdftex.def)             Requested size: 329.76636pt x 83.26074pt.


LaTeX Warning: Citation `Long_2015_CVPR' on page 3 undefined on input line 243.



LaTeX Warning: Citation `Long_2015_CVPR' on page 3 undefined on input line 243.



LaTeX Warning: Reference `sec:related' on page 3 undefined on input line 252.


LaTeX Warning: Reference `sec:annotation' on page 3 undefined on input line 253
.


LaTeX Warning: Reference `sec:method' on page 3 undefined on input line 254.


LaTeX Warning: Reference `sec:experiments' on page 3 undefined on input line 25
5.


LaTeX Warning: Reference `sec:con' on page 3 undefined on input line 256.


LaTeX Warning: Citation `texton:boost' on page 3 undefined on input line 268.


LaTeX Warning: Citation `fully-crf' on page 3 undefined on input line 268.


LaTeX Warning: Citation `rcnn' on page 3 undefined on input line 270.


LaTeX Warning: Citation `Long_2015_CVPR' on page 3 undefined on input line 271.



LaTeX Warning: Citation `rcnn_crf' on page 3 undefined on input line 271.


LaTeX Warning: Citation `crfasrnn' on page 3 undefined on input line 271.


LaTeX Warning: Citation `cnn:mil' on page 3 undefined on input line 276.


LaTeX Warning: Citation `Long_2015_CVPR' on page 3 undefined on input line 277.



LaTeX Warning: Citation `cnn:em' on page 3 undefined on input line 278.


LaTeX Warning: Citation `BoxSup' on page 3 undefined on input line 278.


LaTeX Warning: Citation `ConsCNN' on page 3 undefined on input line 278.


LaTeX Warning: Citation `whatpoint' on page 3 undefined on input line 279.

[3 <./fig2/figure2-crop.pdf>]

LaTeX Warning: Reference `fig:1' on page 4 undefined on input line 293.


LaTeX Warning: Citation `camvid:data' on page 4 undefined on input line 294.


LaTeX Warning: Citation `NYU' on page 4 undefined on input line 295.


LaTeX Warning: Citation `pascal:2011' on page 4 undefined on input line 295.


LaTeX Warning: Citation `coco:eccv' on page 4 undefined on input line 296.


LaTeX Warning: Citation `pascal:context' on page 4 undefined on input line 297.



LaTeX Warning: Citation `open:surface' on page 4 undefined on input line 299.


LaTeX Warning: Citation `label:me' on page 4 undefined on input line 299.


LaTeX Warning: Citation `scalable:annotation' on page 4 undefined on input line
 301.


LaTeX Warning: Citation `coco:eccv' on page 4 undefined on input line 301.


LaTeX Warning: Citation `AFrameSel' on page 4 undefined on input line 302.


LaTeX Warning: Citation `expected:loss' on page 4 undefined on input line 302.


LaTeX Warning: Citation `detect:eyetr' on page 4 undefined on input line 304.


LaTeX Warning: Citation `show:tell:caption' on page 4 undefined on input line 3
40.


LaTeX Warning: Citation `youtube2text' on page 4 undefined on input line 340.


LaTeX Warning: Citation `fgm:coling14' on page 4 undefined on input line 340.


LaTeX Warning: Citation `deep:alignment:vl' on page 4 undefined on input line 3
40.


LaTeX Warning: Citation `babytalk' on page 4 undefined on input line 340.


LaTeX Warning: Citation `pixel:tone' on page 4 undefined on input line 356.


LaTeX Warning: Citation `image:spirit' on page 4 undefined on input line 357.


LaTeX Warning: Citation `show:tell' on page 4 undefined on input line 364.


LaTeX Warning: Citation `speech:anno:img' on page 4 undefined on input line 364
.


LaTeX Warning: Citation `speech:retri:img' on page 4 undefined on input line 36
4.


LaTeX Warning: Citation `video:anno:knowledgebase' on page 4 undefined on input
 line 364.


LaTeX Warning: Citation `smile' on page 4 undefined on input line 364.


LaTeX Warning: Citation `geodesic:star' on page 4 undefined on input line 377.


LaTeX Warning: Citation `end-to-end:speech' on page 4 undefined on input line 3
78.


LaTeX Warning: Citation `end-to-end:speech' on page 4 undefined on input line 3
78.


Overfull \hbox (0.4421pt too wide) in paragraph at lines 374--379
\OT1/ptm/m/n/10 scrib-bles on the ob-jects and telling the sys-tem their names.
 Draw-ing scrib-bles is straight-
 []

[4]

LaTeX Warning: Citation `SR:review' on page 5 undefined on input line 380.


LaTeX Warning: Reference `sec:web' on page 5 undefined on input line 392.


LaTeX Warning: Citation `lexfree2015' on page 5 undefined on input line 410.


LaTeX Warning: Citation `edge:box' on page 5 undefined on input line 417.

[5]

LaTeX Warning: Citation `webly:cnn' on page 6 undefined on input line 422.


LaTeX Warning: Citation `rcnn' on page 6 undefined on input line 422.


LaTeX Warning: Citation `webly:cnn' on page 6 undefined on input line 422.


LaTeX Warning: Citation `vgg16' on page 6 undefined on input line 422.


LaTeX Warning: Citation `imagenet' on page 6 undefined on input line 422.


LaTeX Warning: Citation `sphinx' on page 6 undefined on input line 463.


LaTeX Warning: Citation `sphinx:webtrain' on page 6 undefined on input line 463
.


LaTeX Warning: Citation `pascal:2011' on page 6 undefined on input line 465.


LaTeX Warning: Citation `coco:eccv' on page 6 undefined on input line 465.


LaTeX Warning: Reference `table:class:eval' on page 6 undefined on input line 4
66.


LaTeX Warning: Citation `end-to-end:speech' on page 6 undefined on input line 4
68.


LaTeX Warning: Citation `lexfree2015' on page 6 undefined on input line 468.


LaTeX Warning: Citation `coco:eccv' on page 6 undefined on input line 468.

[6]

LaTeX Warning: Citation `pascal:2011' on page 7 undefined on input line 490.


LaTeX Warning: Citation `semantic:contour' on page 7 undefined on input line 49
3.


LaTeX Warning: Reference `table:anno' on page 7 undefined on input line 507.


LaTeX Warning: Reference `fig:1' on page 7 undefined on input line 548.


LaTeX Warning: Citation `whatpoint' on page 7 undefined on input line 552.


LaTeX Warning: Citation `whatpoint' on page 7 undefined on input line 566.

[7]

LaTeX Warning: Citation `best:two:world' on page 8 undefined on input line 571.



LaTeX Warning: Citation `annotation:strength' on page 8 undefined on input line
 571.


LaTeX Warning: Citation `open:surface' on page 8 undefined on input line 584.


LaTeX Warning: Reference `table:speed' on page 8 undefined on input line 601.


LaTeX Warning: Citation `rcnn' on page 8 undefined on input line 659.


LaTeX Warning: Citation `Long_2015_CVPR' on page 8 undefined on input line 659.



LaTeX Warning: Citation `crfasrnn' on page 8 undefined on input line 659.


LaTeX Warning: Citation `Long_2015_CVPR' on page 8 undefined on input line 663.



LaTeX Warning: Reference `fig:3' on page 8 undefined on input line 685.


LaTeX Warning: Reference `fig:3' on page 8 undefined on input line 688.


LaTeX Warning: Citation `geodesic:star' on page 8 undefined on input line 690.


LaTeX Warning: Reference `fig:3' on page 8 undefined on input line 691.


LaTeX Warning: Reference `fig:3' on page 8 undefined on input line 702.

[8] <fig3/006488-scribbles1.jpg, id=155, 728.7225pt x 619.31375pt>
File: fig3/006488-scribbles1.jpg Graphic file (type jpg)

<use fig3/006488-scribbles1.jpg>
Package pdftex.def Info: fig3/006488-scribbles1.jpg used on input line 716.
(pdftex.def)             Requested size: 79.83694pt x 67.84122pt.

<fig3/006488-scribbles-aug.jpg, id=156, 1138.2525pt x 968.61874pt>
File: fig3/006488-scribbles-aug.jpg Graphic file (type jpg)

<use fig3/006488-scribbles-aug.jpg>
Package pdftex.def Info: fig3/006488-scribbles-aug.jpg used on input line 718.
(pdftex.def)             Requested size: 79.83694pt x 67.92847pt.

<fig3/heatmap-dog-all.jpg, id=157, 521.95pt x 446.66875pt>
File: fig3/heatmap-dog-all.jpg Graphic file (type jpg)

<use fig3/heatmap-dog-all.jpg>
Package pdftex.def Info: fig3/heatmap-dog-all.jpg used on input line 720.
(pdftex.def)             Requested size: 79.83694pt x 68.31964pt.

<fig3/heatmap-person-all.jpg, id=158, 521.95pt x 446.66875pt>
File: fig3/heatmap-person-all.jpg Graphic file (type jpg)

<use fig3/heatmap-person-all.jpg>
Package pdftex.def Info: fig3/heatmap-person-all.jpg used on input line 722.
(pdftex.def)             Requested size: 79.83694pt x 68.31964pt.


LaTeX Warning: Citation `geodesic:star' on page 9 undefined on input line 757.


LaTeX Warning: Citation `edge:srf' on page 9 undefined on input line 766.

[9 <./fig3/006488-scribbles1.jpg> <./fig3/006488-scribbles-aug.jpg> <./fig3/hea
tmap-dog-all.jpg> <./fig3/heatmap-person-all.jpg>]

LaTeX Warning: Reference `fig:4' on page 10 undefined on input line 806.


LaTeX Warning: Citation `edge:box' on page 10 undefined on input line 808.

File: fig3/006488-scribbles1.jpg Graphic file (type jpg)
<use fig3/006488-scribbles1.jpg>
Package pdftex.def Info: fig3/006488-scribbles1.jpg used on input line 815.
(pdftex.def)             Requested size: 79.83958pt x 67.85066pt.

<fig3/006488-geodesic.jpg, id=174, 501.875pt x 426.59375pt>
File: fig3/006488-geodesic.jpg Graphic file (type jpg)

<use fig3/006488-geodesic.jpg>
Package pdftex.def Info: fig3/006488-geodesic.jpg used on input line 817.
(pdftex.def)             Requested size: 79.83958pt x 67.85931pt.


LaTeX Warning: Reference `eq:sampling' on page 10 undefined on input line 825.


LaTeX Warning: Reference `eq:sampling' on page 10 undefined on input line 825.


Package wrapfig Warning: Stationary wrapfigure forced to float on input line 82
9.


LaTeX Warning: Citation `Long_2015_CVPR' on page 10 undefined on input line 831
.


LaTeX Warning: Citation `Long_2015_CVPR' on page 10 undefined on input line 835
.


LaTeX Warning: Citation `cnn:em' on page 10 undefined on input line 836.


LaTeX Warning: Reference `eq:fcnloss' on page 10 undefined on input line 856.

[10 <./fig3/006488-geodesic.jpg>]

LaTeX Warning: Reference `eq:fcnloss' on page 11 undefined on input line 865.


LaTeX Warning: Reference `fig:2' on page 11 undefined on input line 867.


LaTeX Warning: Citation `pascal:2011' on page 11 undefined on input line 879.


LaTeX Warning: Citation `Long_2015_CVPR' on page 11 undefined on input line 883
.


LaTeX Warning: Citation `ConsCNN' on page 11 undefined on input line 883.


LaTeX Warning: Citation `cnn:em' on page 11 undefined on input line 883.


LaTeX Warning: Citation `whatpoint' on page 11 undefined on input line 883.


LaTeX Warning: Citation `semantic:contour' on page 11 undefined on input line 8
85.


LaTeX Warning: Citation `Long_2015_CVPR' on page 11 undefined on input line 891
.


LaTeX Warning: Citation `vgg16' on page 11 undefined on input line 893.


LaTeX Warning: Citation `imageNet:challenge' on page 11 undefined on input line
 894.


LaTeX Warning: Citation `Caffe' on page 11 undefined on input line 898.


LaTeX Warning: Citation `ConsCNN' on page 11 undefined on input line 912.


LaTeX Warning: Citation `whatpoint' on page 11 undefined on input line 912.


LaTeX Warning: Citation `cnn:em' on page 11 undefined on input line 912.


LaTeX Warning: Citation `Long_2015_CVPR' on page 11 undefined on input line 912
.


LaTeX Warning: Citation `cnn:mil' on page 11 undefined on input line 954.


LaTeX Warning: Citation `img:pix:cnn' on page 11 undefined on input line 954.


LaTeX Warning: Citation `whatpoint' on page 11 undefined on input line 954.


LaTeX Warning: Citation `cnn:em' on page 11 undefined on input line 954.


LaTeX Warning: Citation `BoxSup' on page 11 undefined on input line 954.


LaTeX Warning: Citation `SDS' on page 11 undefined on input line 954.


LaTeX Warning: Citation `Long_2015_CVPR' on page 11 undefined on input line 954
.


LaTeX Warning: Citation `zoomout:fet' on page 11 undefined on input line 954.


LaTeX Warning: Citation `rcnn_crf' on page 11 undefined on input line 954.


LaTeX Warning: Reference `fig:scribble:aug' on page 11 undefined on input line 
964.

[11] <fig7/scribble_aug_curve.pdf, id=196, 350.30875pt x 227.85126pt>
File: fig7/scribble_aug_curve.pdf Graphic file (type pdf)

<use fig7/scribble_aug_curve.pdf>
Package pdftex.def Info: fig7/scribble_aug_curve.pdf used on input line 969.
(pdftex.def)             Requested size: 131.90532pt x 90.25232pt.


LaTeX Warning: Reference `table:val' on page 12 undefined on input line 980.


LaTeX Warning: Citation `rcnn_crf' on page 12 undefined on input line 985.


LaTeX Warning: Citation `ConsCNN' on page 12 undefined on input line 985.


LaTeX Warning: Citation `fully-crf' on page 12 undefined on input line 985.


LaTeX Warning: Citation `Long_2015_CVPR' on page 12 undefined on input line 989
.


LaTeX Warning: Citation `cnn:em' on page 12 undefined on input line 990.


LaTeX Warning: Reference `table:speed' on page 12 undefined on input line 991.


LaTeX Warning: Citation `whatpoint' on page 12 undefined on input line 993.


LaTeX Warning: Citation `ConsCNN' on page 12 undefined on input line 993.


LaTeX Warning: Reference `fig:5' on page 12 undefined on input line 996.


Underfull \hbox (badness 2884) in paragraph at lines 979--1000
[][]\OT1/ptm/b/n/10 Validation Re-sult\OT1/ptm/m/n/10 : We first eval-u-ate the

 []

[12 <./fig7/scribble_aug_curve.pdf>]

LaTeX Warning: Reference `table:voc12:test' on page 13 undefined on input line 
1002.


LaTeX Warning: Citation `img:pix:cnn' on page 13 undefined on input line 1010.


LaTeX Warning: Citation `BoxSup' on page 13 undefined on input line 1011.


LaTeX Warning: Citation `MCG' on page 13 undefined on input line 1012.


LaTeX Warning: Citation `cnn:em' on page 13 undefined on input line 1014.


LaTeX Warning: Citation `BoxSup' on page 13 undefined on input line 1014.


LaTeX Warning: Citation `rcnn_crf' on page 13 undefined on input line 1022.


LaTeX Warning: Citation `cnn:em' on page 13 undefined on input line 1022.


LaTeX Warning: Citation `ConsCNN' on page 13 undefined on input line 1022.


LaTeX Warning: Citation `fully-crf' on page 13 undefined on input line 1023.

<fig5/2007_001678.jpg, id=211, 501.875pt x 334.24875pt>
File: fig5/2007_001678.jpg Graphic file (type jpg)

<use fig5/2007_001678.jpg>
Package pdftex.def Info: fig5/2007_001678.jpg used on input line 1066.
(pdftex.def)             Requested size: 79.83449pt x 55.53627pt.

<fig5/2007_000346.jpg, id=212, 501.875pt x 376.40625pt>
File: fig5/2007_000346.jpg Graphic file (type jpg)

<use fig5/2007_000346.jpg>
Package pdftex.def Info: fig5/2007_000346.jpg used on input line 1066.
(pdftex.def)             Requested size: 79.83449pt x 55.53954pt.

<fig5/2007_000925.jpg, id=213, 501.875pt x 354.32375pt>
File: fig5/2007_000925.jpg Graphic file (type jpg)

<use fig5/2007_000925.jpg>
Package pdftex.def Info: fig5/2007_000925.jpg used on input line 1066.
(pdftex.def)             Requested size: 79.83449pt x 55.54135pt.

<fig5/2009_005260.jpg, id=214, 376.40625pt x 282.30469pt>
File: fig5/2009_005260.jpg Graphic file (type jpg)

<use fig5/2009_005260.jpg>
Package pdftex.def Info: fig5/2009_005260.jpg used on input line 1066.
(pdftex.def)             Requested size: 79.83449pt x 55.5381pt.

Overfull \hbox (6.30641pt too wide) in paragraph at lines 1066--1066
[]\OT1/ptm/m/n/9 GT 
 []

<fig5/2007_001678_gt.png, id=215, 501.875pt x 334.24875pt>
File: fig5/2007_001678_gt.png Graphic file (type png)

<use fig5/2007_001678_gt.png>
Package pdftex.def Info: fig5/2007_001678_gt.png used on input line 1066.
(pdftex.def)             Requested size: 79.83449pt x 55.53627pt.

<fig5/2007_000346_gt.png, id=216, 501.875pt x 376.40625pt>
File: fig5/2007_000346_gt.png Graphic file (type png)

<use fig5/2007_000346_gt.png>
Package pdftex.def Info: fig5/2007_000346_gt.png used on input line 1066.
(pdftex.def)             Requested size: 79.83449pt x 55.53954pt.

<fig5/2007_000925_gt.png, id=217, 501.875pt x 354.32375pt>
File: fig5/2007_000925_gt.png Graphic file (type png)

<use fig5/2007_000925_gt.png>
Package pdftex.def Info: fig5/2007_000925_gt.png used on input line 1066.
(pdftex.def)             Requested size: 79.83449pt x 55.54135pt.

<fig5/2009_005260_gt.png, id=218, 501.875pt x 376.40625pt>
File: fig5/2009_005260_gt.png Graphic file (type png)

<use fig5/2009_005260_gt.png>
Package pdftex.def Info: fig5/2009_005260_gt.png used on input line 1066.
(pdftex.def)             Requested size: 79.83449pt x 55.53954pt.

Overfull \hbox (17.31305pt too wide) in paragraph at lines 1066--1066
[]\OT1/ptm/m/n/9 Result 
 []

<fig5/2007_001678_res_2.png, id=219, 501.875pt x 334.24875pt>
File: fig5/2007_001678_res_2.png Graphic file (type png)

<use fig5/2007_001678_res_2.png>
Package pdftex.def Info: fig5/2007_001678_res_2.png used on input line 1066.
(pdftex.def)             Requested size: 79.83449pt x 55.53627pt.

<fig5/2007_000346_res_2.png, id=220, 501.875pt x 376.40625pt>
File: fig5/2007_000346_res_2.png Graphic file (type png)

<use fig5/2007_000346_res_2.png>
Package pdftex.def Info: fig5/2007_000346_res_2.png used on input line 1066.
(pdftex.def)             Requested size: 79.83449pt x 55.53954pt.

<fig5/2007_000925_res_2.png, id=221, 501.875pt x 354.32375pt>
File: fig5/2007_000925_res_2.png Graphic file (type png)

<use fig5/2007_000925_res_2.png>
Package pdftex.def Info: fig5/2007_000925_res_2.png used on input line 1066.
(pdftex.def)             Requested size: 79.83449pt x 55.54135pt.

<fig5/2009_005260_res_2.png, id=222, 501.875pt x 376.40625pt>
File: fig5/2009_005260_res_2.png Graphic file (type png)

<use fig5/2009_005260_res_2.png>
Package pdftex.def Info: fig5/2009_005260_res_2.png used on input line 1066.
(pdftex.def)             Requested size: 79.83449pt x 55.53954pt.


LaTeX Warning: Reference `fig:6' on page 13 undefined on input line 1073.


LaTeX Warning: Citation `BoxSup' on page 13 undefined on input line 1087.

[13 <./fig5/2007_001678.jpg> <./fig5/2007_000346.jpg> <./fig5/2007_000925.jpg> 
<./fig5/2009_005260.jpg> <./fig5/2007_001678_gt.png> <./fig5/2007_000346_gt.png
> <./fig5/2007_000925_gt.png> <./fig5/2009_005260_gt.png> <./fig5/2007_001678_r
es_2.png> <./fig5/2007_000346_res_2.png> <./fig5/2007_000925_res_2.png> <./fig5
/2009_005260_res_2.png>]
<fig6/anno_cost_mIoU.pdf, id=237, 431.6125pt x 329.23pt>
File: fig6/anno_cost_mIoU.pdf Graphic file (type pdf)

<use fig6/anno_cost_mIoU.pdf>
Package pdftex.def Info: fig6/anno_cost_mIoU.pdf used on input line 1099.
(pdftex.def)             Requested size: 164.88377pt x 112.81082pt.

Underfull \hbox (badness 3872) in paragraph at lines 1101--1101
[]\OT1/ptm/b/n/9 Fig.7. []\OT1/ptm/m/n/9 Annotation vs. seg-men-ta-tion per-for
-
 []

Missing character: There is no â in font ptmr7t!
Missing character: There is no € in font ptmr7t!
Missing character: There is no ˜ in font ptmr7t!
Missing character: There is no â in font ptmr7t!
Missing character: There is no € in font ptmr7t!
Missing character: There is no ™ in font ptmr7t!
No file main2.bbl.
Package atveryend Info: Empty hook `BeforeClearDocument' on input line 1127.
[14 <./fig6/anno_cost_mIoU.pdf>]
Package atveryend Info: Empty hook `AfterLastShipout' on input line 1127.
 (./main2.aux)
Package atveryend Info: Executing hook `AtVeryEndDocument' on input line 1127.
Package atveryend Info: Empty hook `AtEndAfterFileList' on input line 1127.


LaTeX Warning: There were undefined references.


LaTeX Warning: Label(s) may have changed. Rerun to get cross-references right.

Package atveryend Info: Empty hook `AtVeryVeryEnd' on input line 1127.
 ) 
Here is how much of TeX's memory you used:
 7984 strings out of 493089
 115862 string characters out of 6134842
 241625 words of memory out of 5000000
 11236 multiletter control sequences out of 15000+600000
 33001 words of font info for 68 fonts, out of 8000000 for 9000
 1141 hyphenation exceptions out of 8191
 32i,15n,26p,1045b,367s stack positions out of 5000i,500n,10000p,200000b,80000s
{/usr/local/texlive/2015/texmf-dist/fonts/enc/dvips/base/8r.enc}</usr/local/t
exlive/2015/texmf-dist/fonts/type1/public/amsfonts/cm/cmbx10.pfb></usr/local/te
xlive/2015/texmf-dist/fonts/type1/public/amsfonts/cm/cmex10.pfb></usr/local/tex
live/2015/texmf-dist/fonts/type1/public/amsfonts/cm/cmmi10.pfb></usr/local/texl
ive/2015/texmf-dist/fonts/type1/public/amsfonts/cm/cmmi5.pfb></usr/local/texliv
e/2015/texmf-dist/fonts/type1/public/amsfonts/cm/cmmi7.pfb></usr/local/texlive/
2015/texmf-dist/fonts/type1/public/amsfonts/cm/cmmi9.pfb></usr/local/texlive/20
15/texmf-dist/fonts/type1/public/amsfonts/cm/cmr10.pfb></usr/local/texlive/2015
/texmf-dist/fonts/type1/public/amsfonts/cm/cmr7.pfb></usr/local/texlive/2015/te
xmf-dist/fonts/type1/public/amsfonts/cm/cmsy10.pfb></usr/local/texlive/2015/tex
mf-dist/fonts/type1/public/amsfonts/cm/cmsy5.pfb></usr/local/texlive/2015/texmf
-dist/fonts/type1/public/amsfonts/cm/cmsy7.pfb></usr/local/texlive/2015/texmf-d
ist/fonts/type1/public/amsfonts/symbols/msam10.pfb></usr/local/texlive/2015/tex
mf-dist/fonts/type1/public/amsfonts/symbols/msbm10.pfb></usr/local/texlive/2015
/texmf-dist/fonts/type1/urw/helvetic/uhvr8a.pfb></usr/local/texlive/2015/texmf-
dist/fonts/type1/urw/times/utmb8a.pfb></usr/local/texlive/2015/texmf-dist/fonts
/type1/urw/times/utmr8a.pfb></usr/local/texlive/2015/texmf-dist/fonts/type1/urw
/times/utmri8a.pfb>
Output written on main2.pdf (14 pages, 1244972 bytes).
PDF statistics:
 319 PDF objects out of 1000 (max. 8388607)
 193 compressed objects within 2 object streams
 55 named destinations out of 1000 (max. 500000)
 136 words of extra memory for PDF output out of 10000 (max. 10000000)

