This is pdfTeX, Version 3.1415926-2.4-1.40.13 (TeX Live 2012/Debian) (format=pdflatex 2016.2.16)  15 MAR 2016 06:41
entering extended mode
 restricted \write18 enabled.
 %&-line parsing enabled.
**main.tex
(./main.tex
LaTeX2e <2011/06/27>
Babel <v3.8m> and hyphenation patterns for english, dumylang, nohyphenation, et
hiopic, farsi, arabic, pinyin, croatian, bulgarian, ukrainian, russian, slovak,
 czech, danish, dutch, usenglishmax, ukenglish, finnish, french, basque, ngerma
n, german, swissgerman, ngerman-x-2012-05-30, german-x-2012-05-30, monogreek, g
reek, ibycus, ancientgreek, hungarian, bengali, tamil, hindi, telugu, gujarati,
 sanskrit, malayalam, kannada, assamese, marathi, oriya, panjabi, italian, lati
n, latvian, lithuanian, mongolian, mongolianlmc, nynorsk, bokmal, indonesian, e
speranto, coptic, welsh, irish, interlingua, serbian, serbianc, slovenian, friu
lan, romansh, estonian, romanian, armenian, uppersorbian, turkish, afrikaans, i
celandic, kurmanji, polish, portuguese, galician, catalan, spanish, swedish, th
ai, loaded.
(./elsarticle.cls
Document Class: elsarticle 2009/09/17, 1.20b: Elsevier Ltd
\@bls=\dimen102
(/usr/share/texlive/texmf-dist/tex/latex/base/article.cls
Document Class: article 2007/10/19 v1.4h Standard LaTeX document class
(/usr/share/texlive/texmf-dist/tex/latex/base/size12.clo
File: size12.clo 2007/10/19 v1.4h Standard LaTeX file (size option)
)
\c@part=\count79
\c@section=\count80
\c@subsection=\count81
\c@subsubsection=\count82
\c@paragraph=\count83
\c@subparagraph=\count84
\c@figure=\count85
\c@table=\count86
\abovecaptionskip=\skip41
\belowcaptionskip=\skip42
\bibindent=\dimen103
)
(/usr/share/texlive/texmf-dist/tex/latex/graphics/graphicx.sty
Package: graphicx 1999/02/16 v1.0f Enhanced LaTeX Graphics (DPC,SPQR)

(/usr/share/texlive/texmf-dist/tex/latex/graphics/keyval.sty
Package: keyval 1999/03/16 v1.13 key=value parser (DPC)
\KV@toks@=\toks14
)
(/usr/share/texlive/texmf-dist/tex/latex/graphics/graphics.sty
Package: graphics 2009/02/05 v1.0o Standard LaTeX Graphics (DPC,SPQR)

(/usr/share/texlive/texmf-dist/tex/latex/graphics/trig.sty
Package: trig 1999/03/16 v1.09 sin cos tan (DPC)
)
(/usr/share/texlive/texmf-dist/tex/latex/latexconfig/graphics.cfg
File: graphics.cfg 2010/04/23 v1.9 graphics configuration of TeX Live
)
Package graphics Info: Driver file: pdftex.def on input line 91.

(/usr/share/texlive/texmf-dist/tex/latex/pdftex-def/pdftex.def
File: pdftex.def 2011/05/27 v0.06d Graphics/color for pdfTeX

(/usr/share/texlive/texmf-dist/tex/generic/oberdiek/infwarerr.sty
Package: infwarerr 2010/04/08 v1.3 Providing info/warning/error messages (HO)
)
(/usr/share/texlive/texmf-dist/tex/generic/oberdiek/ltxcmds.sty
Package: ltxcmds 2011/11/09 v1.22 LaTeX kernel commands for general use (HO)
)
\Gread@gobject=\count87
))
\Gin@req@height=\dimen104
\Gin@req@width=\dimen105
)
(/usr/share/texlive/texmf-dist/tex/latex/psnfss/pifont.sty
Package: pifont 2005/04/12 PSNFSS-v9.2a Pi font support (SPQR) 
LaTeX Font Info:    Try loading font information for U+pzd on input line 63.

(/usr/share/texlive/texmf-dist/tex/latex/psnfss/upzd.fd
File: upzd.fd 2001/06/04 font definitions for U/pzd.
)
LaTeX Font Info:    Try loading font information for U+psy on input line 64.

(/usr/share/texlive/texmf-dist/tex/latex/psnfss/upsy.fd
File: upsy.fd 2001/06/04 font definitions for U/psy.
))
\c@tnote=\count88
\c@fnote=\count89
\c@cnote=\count90
\c@ead=\count91
\c@author=\count92
\@eadauthor=\toks15
\c@affn=\count93
\absbox=\box26
\keybox=\box27
\Columnwidth=\dimen106
\space@left=\dimen107
\els@boxa=\box28
\els@boxb=\box29
\leftMargin=\dimen108
\@enLab=\toks16
\@sep=\skip43
\@@sep=\skip44
 (./main.spl)
(/usr/share/texlive/texmf-dist/tex/latex/natbib/natbib.sty
Package: natbib 2010/09/13 8.31b (PWD, AO)
\bibhang=\skip45
\bibsep=\skip46
LaTeX Info: Redefining \cite on input line 694.
\c@NAT@ctr=\count94
)
\splwrite=\write3
\openout3 = `main.spl'.


(/usr/share/texlive/texmf-dist/tex/latex/geometry/geometry.sty
Package: geometry 2010/09/12 v5.6 Page Geometry

(/usr/share/texlive/texmf-dist/tex/generic/oberdiek/ifpdf.sty
Package: ifpdf 2011/01/30 v2.3 Provides the ifpdf switch (HO)
Package ifpdf Info: pdfTeX in PDF mode is detected.
)
(/usr/share/texlive/texmf-dist/tex/generic/oberdiek/ifvtex.sty
Package: ifvtex 2010/03/01 v1.5 Detect VTeX and its facilities (HO)
Package ifvtex Info: VTeX not detected.
)
(/usr/share/texlive/texmf-dist/tex/generic/ifxetex/ifxetex.sty
Package: ifxetex 2010/09/12 v0.6 Provides ifxetex conditional
)
\Gm@cnth=\count95
\Gm@cntv=\count96
\c@Gm@tempcnt=\count97
\Gm@bindingoffset=\dimen109
\Gm@wd@mp=\dimen110
\Gm@odd@mp=\dimen111
\Gm@even@mp=\dimen112
\Gm@layoutwidth=\dimen113
\Gm@layoutheight=\dimen114
\Gm@layouthoffset=\dimen115
\Gm@layoutvoffset=\dimen116
\Gm@dimlist=\toks17
)
\appnamewidth=\dimen117
)
(/usr/share/texlive/texmf-dist/tex/latex/psnfss/times.sty
Package: times 2005/04/12 PSNFSS-v9.2a (SPQR) 
)
(/usr/share/texlive/texmf-dist/tex/latex/graphics/epsfig.sty
Package: epsfig 1999/02/16 v1.7a (e)psfig emulation (SPQR)
\epsfxsize=\dimen118
\epsfysize=\dimen119
)
(/usr/share/texlive/texmf-dist/tex/latex/amsmath/amsmath.sty
Package: amsmath 2000/07/18 v2.13 AMS math features
\@mathmargin=\skip47

For additional information on amsmath, use the `?' option.
(/usr/share/texlive/texmf-dist/tex/latex/amsmath/amstext.sty
Package: amstext 2000/06/29 v2.01

(/usr/share/texlive/texmf-dist/tex/latex/amsmath/amsgen.sty
File: amsgen.sty 1999/11/30 v2.0
\@emptytoks=\toks18
\ex@=\dimen120
))
(/usr/share/texlive/texmf-dist/tex/latex/amsmath/amsbsy.sty
Package: amsbsy 1999/11/29 v1.2d
\pmbraise@=\dimen121
)
(/usr/share/texlive/texmf-dist/tex/latex/amsmath/amsopn.sty
Package: amsopn 1999/12/14 v2.01 operator names
)
\inf@bad=\count98
LaTeX Info: Redefining \frac on input line 211.
\uproot@=\count99
\leftroot@=\count100
LaTeX Info: Redefining \overline on input line 307.
\classnum@=\count101
\DOTSCASE@=\count102
LaTeX Info: Redefining \ldots on input line 379.
LaTeX Info: Redefining \dots on input line 382.
LaTeX Info: Redefining \cdots on input line 467.
\Mathstrutbox@=\box30
\strutbox@=\box31
\big@size=\dimen122
LaTeX Font Info:    Redeclaring font encoding OML on input line 567.
LaTeX Font Info:    Redeclaring font encoding OMS on input line 568.
\macc@depth=\count103
\c@MaxMatrixCols=\count104
\dotsspace@=\muskip10
\c@parentequation=\count105
\dspbrk@lvl=\count106
\tag@help=\toks19
\row@=\count107
\column@=\count108
\maxfields@=\count109
\andhelp@=\toks20
\eqnshift@=\dimen123
\alignsep@=\dimen124
\tagshift@=\dimen125
\tagwidth@=\dimen126
\totwidth@=\dimen127
\lineht@=\dimen128
\@envbody=\toks21
\multlinegap=\skip48
\multlinetaggap=\skip49
\mathdisplay@stack=\toks22
LaTeX Info: Redefining \[ on input line 2666.
LaTeX Info: Redefining \] on input line 2667.
)
(/usr/share/texlive/texmf-dist/tex/latex/amsfonts/amssymb.sty
Package: amssymb 2009/06/22 v3.00

(/usr/share/texlive/texmf-dist/tex/latex/amsfonts/amsfonts.sty
Package: amsfonts 2009/06/22 v3.00 Basic AMSFonts support
\symAMSa=\mathgroup4
\symAMSb=\mathgroup5
LaTeX Font Info:    Overwriting math alphabet `\mathfrak' in version `bold'
(Font)                  U/euf/m/n --> U/euf/b/n on input line 96.
))
(/usr/share/texlive/texmf-dist/tex/latex/amscls/amsthm.sty
Package: amsthm 2009/07/02 v2.20.1
\thm@style=\toks23
\thm@bodyfont=\toks24
\thm@headfont=\toks25
\thm@notefont=\toks26
\thm@headpunct=\toks27
\thm@preskip=\skip50
\thm@postskip=\skip51
\thm@headsep=\skip52
\dth@everypar=\toks28
LaTeX Info: Redefining \qed on input line 244.
) (./dengxin.sty
(/usr/share/texlive/texmf-dist/tex/latex/tools/calc.sty
Package: calc 2007/08/22 v4.3 Infix arithmetic (KKT,FJ)
\calc@Acount=\count110
\calc@Bcount=\count111
\calc@Adimen=\dimen129
\calc@Bdimen=\dimen130
\calc@Askip=\skip53
\calc@Bskip=\skip54
LaTeX Info: Redefining \setlength on input line 76.
LaTeX Info: Redefining \addtolength on input line 77.
\calc@Ccount=\count112
\calc@Cskip=\skip55
)
(/usr/share/texlive/texmf-dist/tex/latex/graphics/color.sty
Package: color 2005/11/14 v1.0j Standard LaTeX Color (DPC)

(/usr/share/texlive/texmf-dist/tex/latex/latexconfig/color.cfg
File: color.cfg 2007/01/18 v1.5 color configuration of teTeX/TeXLive
)
Package color Info: Driver file: pdftex.def on input line 130.
)
(/usr/share/texlive/texmf-dist/tex/latex/tools/xspace.sty
Package: xspace 2009/10/20 v1.13 Space after command names (DPC,MH)
))
(/usr/share/texmf/tex/latex/xcolor/xcolor.sty
Package: xcolor 2007/01/21 v2.11 LaTeX color extensions (UK)

(/usr/share/texlive/texmf-dist/tex/latex/latexconfig/color.cfg
File: color.cfg 2007/01/18 v1.5 color configuration of teTeX/TeXLive
)
Package xcolor Info: Driver file: pdftex.def on input line 225.

(/usr/share/texlive/texmf-dist/tex/latex/colortbl/colortbl.sty
Package: colortbl 2012/02/13 v1.0a Color table columns (DPC)

(/usr/share/texlive/texmf-dist/tex/latex/tools/array.sty
Package: array 2008/09/09 v2.4c Tabular extension package (FMi)
\col@sep=\dimen131
\extrarowheight=\dimen132
\NC@list=\toks29
\extratabsurround=\skip56
\backup@length=\skip57
)
\everycr=\toks30
\minrowclearance=\skip58
)
LaTeX Info: Redefining \color on input line 702.
\rownum=\count113
Package xcolor Info: Model `cmy' substituted by `cmy0' on input line 1337.
Package xcolor Info: Model `hsb' substituted by `rgb' on input line 1341.
Package xcolor Info: Model `RGB' extended on input line 1353.
Package xcolor Info: Model `HTML' substituted by `rgb' on input line 1355.
Package xcolor Info: Model `Hsb' substituted by `hsb' on input line 1356.
Package xcolor Info: Model `tHsb' substituted by `hsb' on input line 1357.
Package xcolor Info: Model `HSB' substituted by `hsb' on input line 1358.
Package xcolor Info: Model `Gray' substituted by `gray' on input line 1359.
Package xcolor Info: Model `wave' substituted by `hsb' on input line 1360.
)
(/usr/share/texlive/texmf-dist/tex/latex/sidecap/sidecap.sty
Package: sidecap 2003/06/06 v1.6f SideCap Package (RN/HjG)

(/usr/share/texlive/texmf-dist/tex/latex/base/ifthen.sty
Package: ifthen 2001/05/26 v1.1c Standard LaTeX ifthen package (DPC)
)
\SC@BOXWD=\dimen133
\SC@CAPWD=\dimen134
\SC@tempdima=\dimen135
\SC@tempdimb=\dimen136
\c@SC@C=\count114
\SC@BOX=\box32
)
(/usr/share/texlive/texmf-dist/tex/latex/tools/enumerate.sty
Package: enumerate 1999/03/05 v3.00 enumerate extensions (DPC)
\@enLab=\toks31
)
(/usr/share/texlive/texmf-dist/tex/latex/multirow/multirow.sty
\bigstrutjot=\dimen137
)
(/usr/share/texlive/texmf-dist/tex/latex/hyperref/hyperref.sty
Package: hyperref 2012/05/13 v6.82q Hypertext links for LaTeX

(/usr/share/texlive/texmf-dist/tex/generic/oberdiek/hobsub-hyperref.sty
Package: hobsub-hyperref 2012/05/28 v1.13 Bundle oberdiek, subset hyperref (HO)


(/usr/share/texlive/texmf-dist/tex/generic/oberdiek/hobsub-generic.sty
Package: hobsub-generic 2012/05/28 v1.13 Bundle oberdiek, subset generic (HO)
Package: hobsub 2012/05/28 v1.13 Construct package bundles (HO)
Package hobsub Info: Skipping package `infwarerr' (already loaded).
Package hobsub Info: Skipping package `ltxcmds' (already loaded).
Package: ifluatex 2010/03/01 v1.3 Provides the ifluatex switch (HO)
Package ifluatex Info: LuaTeX not detected.
Package hobsub Info: Skipping package `ifvtex' (already loaded).
Package: intcalc 2007/09/27 v1.1 Expandable calculations with integers (HO)
Package hobsub Info: Skipping package `ifpdf' (already loaded).
Package: etexcmds 2011/02/16 v1.5 Avoid name clashes with e-TeX commands (HO)
Package etexcmds Info: Could not find \expanded.
(etexcmds)             That can mean that you are not using pdfTeX 1.50 or
(etexcmds)             that some package has redefined \expanded.
(etexcmds)             In the latter case, load this package earlier.
Package: kvsetkeys 2012/04/25 v1.16 Key value parser (HO)
Package: kvdefinekeys 2011/04/07 v1.3 Define keys (HO)
Package: pdftexcmds 2011/11/29 v0.20 Utility functions of pdfTeX for LuaTeX (HO
)
Package pdftexcmds Info: LuaTeX not detected.
Package pdftexcmds Info: \pdf@primitive is available.
Package pdftexcmds Info: \pdf@ifprimitive is available.
Package pdftexcmds Info: \pdfdraftmode found.
Package: pdfescape 2011/11/25 v1.13 Implements pdfTeX's escape features (HO)
Package: bigintcalc 2012/04/08 v1.3 Expandable calculations on big integers (HO
)
Package: bitset 2011/01/30 v1.1 Handle bit-vector datatype (HO)
Package: uniquecounter 2011/01/30 v1.2 Provide unlimited unique counter (HO)
)
Package hobsub Info: Skipping package `hobsub' (already loaded).
Package: letltxmacro 2010/09/02 v1.4 Let assignment for LaTeX macros (HO)
Package: hopatch 2012/05/28 v1.2 Wrapper for package hooks (HO)
Package: xcolor-patch 2011/01/30 xcolor patch
Package: atveryend 2011/06/30 v1.8 Hooks at the very end of document (HO)
Package atveryend Info: \enddocument detected (standard20110627).
Package: atbegshi 2011/10/05 v1.16 At begin shipout hook (HO)
Package: refcount 2011/10/16 v3.4 Data extraction from label references (HO)
Package: hycolor 2011/01/30 v1.7 Color options for hyperref/bookmark (HO)
)
(/usr/share/texlive/texmf-dist/tex/latex/oberdiek/kvoptions.sty
Package: kvoptions 2011/06/30 v3.11 Key value format for package options (HO)
)
\@linkdim=\dimen138
\Hy@linkcounter=\count115
\Hy@pagecounter=\count116

(/usr/share/texlive/texmf-dist/tex/latex/hyperref/pd1enc.def
File: pd1enc.def 2012/05/13 v6.82q Hyperref: PDFDocEncoding definition (HO)
)
\Hy@SavedSpaceFactor=\count117

(/usr/share/texlive/texmf-dist/tex/latex/latexconfig/hyperref.cfg
File: hyperref.cfg 2002/06/06 v1.2 hyperref configuration of TeXLive
)
Package hyperref Info: Option `breaklinks' set `true' on input line 3941.
Package hyperref Info: Option `bookmarks' set `false' on input line 3941.
Package hyperref Info: Hyper figures OFF on input line 4062.
Package hyperref Info: Link nesting OFF on input line 4067.
Package hyperref Info: Hyper index ON on input line 4070.
Package hyperref Info: Plain pages OFF on input line 4077.
Package hyperref Info: Backreferencing OFF on input line 4082.
Package hyperref Info: Implicit mode ON; LaTeX internals redefined.
Package hyperref Info: Bookmarks OFF on input line 4306.
\c@Hy@tempcnt=\count118

(/usr/share/texlive/texmf-dist/tex/latex/url/url.sty
\Urlmuskip=\muskip11
Package: url 2006/04/12  ver 3.3  Verb mode for urls, etc.
)
LaTeX Info: Redefining \url on input line 4653.
\Fld@menulength=\count119
\Field@Width=\dimen139
\Fld@charsize=\dimen140
Package hyperref Info: Hyper figures OFF on input line 5773.
Package hyperref Info: Link nesting OFF on input line 5778.
Package hyperref Info: Hyper index ON on input line 5781.
Package hyperref Info: backreferencing OFF on input line 5788.
Package hyperref Info: Link coloring OFF on input line 5793.
Package hyperref Info: Link coloring with OCG OFF on input line 5798.
Package hyperref Info: PDF/A mode OFF on input line 5803.
LaTeX Info: Redefining \ref on input line 5843.
LaTeX Info: Redefining \pageref on input line 5847.
\Hy@abspage=\count120
\c@Item=\count121
\c@Hfootnote=\count122
)

Package hyperref Message: Driver (autodetected): hpdftex.

(/usr/share/texlive/texmf-dist/tex/latex/hyperref/hpdftex.def
File: hpdftex.def 2012/05/13 v6.82q Hyperref driver for pdfTeX
\Fld@listcount=\count123
\c@bookmark@seq@number=\count124

(/usr/share/texlive/texmf-dist/tex/latex/oberdiek/rerunfilecheck.sty
Package: rerunfilecheck 2011/04/15 v1.7 Rerun checks for auxiliary files (HO)
Package uniquecounter Info: New unique counter `rerunfilecheck' on input line 2
82.
)
\Hy@SectionHShift=\skip59
)
(./algorithm2e.sty
Package: algorithm2e 2013/01/06 v5.00 algorithms environments
\c@AlgoLine=\count125
 (/usr/share/texlive/texmf-dist/tex/latex/relsize/relsize.sty
Package: relsize 2011/09/21 ver 4.0
Examine \normalsize starts \@setfontsize size may be \@xiipt. 
Examine \small starts \@setfontsize size may be \@xipt. 
Examine \footnotesize starts \@setfontsize size may be \@xpt. 
Examine \large starts \@setfontsize size may be \@xivpt. 
Examine \Large starts \@setfontsize size may be \@xviipt. 
Examine \LARGE starts \@setfontsize size may be \@xxpt. 
Examine \scriptsize starts \@setfontsize size may be \@viiipt. 
Examine \tiny starts \@setfontsize size may be \@vipt. 
Examine \huge starts \@setfontsize size may be \@xxvpt. 
Examine \Huge starts \@setfontsize size may be \@xxvpt. )
********************************************************
Package `algorithm2e' Release 5.0 -- january 06 2013 --
- algorithm2e-announce@lirmm.fr mailing list for announcement about releases
- algorithm2e-discussion@lirmm.fr mailing list for discussion about package
subscribe by emailing sympa@lirmm.fr with 'subscribe <list> <firstname name>'
- Author: Christophe Fiorio (cfiorio@um2.fr)
********************************************************
\skiptotal=\skip60
\skiplinenumber=\skip61
\skiprule=\skip62
\skiphlne=\skip63
\skiptext=\skip64
\skiplength=\skip65
\algomargin=\skip66
\skipalgocfslide=\skip67
\algowidth=\dimen141
\inoutsize=\dimen142
\inoutindent=\dimen143
\interspacetitleruled=\dimen144
\interspacealgoruled=\dimen145
\interspacetitleboxruled=\dimen146
\algocf@inoutbox=\box33
\algocf@inputbox=\box34
\AlCapSkip=\skip68
\AlCapHSkip=\skip69
\algoskipindent=\skip70
\algocf@nlbox=\box35
\algocf@hangingbox=\box36
\algocf@untilbox=\box37
\algocf@skipuntil=\skip71
\algocf@capbox=\box38
\algoheightruledefault=\skip72
\algoheightrule=\skip73
\algotitleheightruledefault=\skip74
\algotitleheightrule=\skip75
\c@algocfline=\count126
\c@algocfproc=\count127
\c@algocf=\count128
\algocf@algoframe=\box39
\algocf@algobox=\box40
) (/usr/share/texlive/texmf-dist/tex/latex/booktabs/booktabs.sty
Package: booktabs 2005/04/14 v1.61803 publication quality tables
\heavyrulewidth=\dimen147
\lightrulewidth=\dimen148
\cmidrulewidth=\dimen149
\belowrulesep=\dimen150
\belowbottomsep=\dimen151
\aboverulesep=\dimen152
\abovetopsep=\dimen153
\cmidrulesep=\dimen154
\cmidrulekern=\dimen155
\defaultaddspace=\dimen156
\@cmidla=\count129
\@cmidlb=\count130
\@aboverulesep=\dimen157
\@belowrulesep=\dimen158
\@thisruleclass=\count131
\@lastruleclass=\count132
\@thisrulewidth=\dimen159
) (./main.aux)
\openout1 = `main.aux'.

LaTeX Font Info:    Checking defaults for OML/cmm/m/it on input line 117.
LaTeX Font Info:    ... okay on input line 117.
LaTeX Font Info:    Checking defaults for T1/cmr/m/n on input line 117.
LaTeX Font Info:    ... okay on input line 117.
LaTeX Font Info:    Checking defaults for OT1/cmr/m/n on input line 117.
LaTeX Font Info:    ... okay on input line 117.
LaTeX Font Info:    Checking defaults for OMS/cmsy/m/n on input line 117.
LaTeX Font Info:    ... okay on input line 117.
LaTeX Font Info:    Checking defaults for OMX/cmex/m/n on input line 117.
LaTeX Font Info:    ... okay on input line 117.
LaTeX Font Info:    Checking defaults for U/cmr/m/n on input line 117.
LaTeX Font Info:    ... okay on input line 117.
LaTeX Font Info:    Checking defaults for PD1/pdf/m/n on input line 117.
LaTeX Font Info:    ... okay on input line 117.
LaTeX Font Info:    Try loading font information for OT1+ptm on input line 117.


(/usr/share/texlive/texmf-dist/tex/latex/psnfss/ot1ptm.fd
File: ot1ptm.fd 2001/06/04 font definitions for OT1/ptm.
)
(/usr/share/texlive/texmf-dist/tex/context/base/supp-pdf.mkii
[Loading MPS to PDF converter (version 2006.09.02).]
\scratchcounter=\count133
\scratchdimen=\dimen160
\scratchbox=\box41
\nofMPsegments=\count134
\nofMParguments=\count135
\everyMPshowfont=\toks32
\MPscratchCnt=\count136
\MPscratchDim=\dimen161
\MPnumerator=\count137
\makeMPintoPDFobject=\count138
\everyMPtoPDFconversion=\toks33
) (/usr/share/texlive/texmf-dist/tex/latex/oberdiek/epstopdf-base.sty
Package: epstopdf-base 2010/02/09 v2.5 Base part for package epstopdf

(/usr/share/texlive/texmf-dist/tex/latex/oberdiek/grfext.sty
Package: grfext 2010/08/19 v1.1 Manage graphics extensions (HO)
)
Package grfext Info: Graphics extension search list:
(grfext)             [.png,.pdf,.jpg,.mps,.jpeg,.jbig2,.jb2,.PNG,.PDF,.JPG,.JPE
G,.JBIG2,.JB2,.eps]
(grfext)             \AppendGraphicsExtensions on input line 452.

(/usr/share/texlive/texmf-dist/tex/latex/latexconfig/epstopdf-sys.cfg
File: epstopdf-sys.cfg 2010/07/13 v1.3 Configuration of (r)epstopdf for TeX Liv
e
))
*geometry* driver: auto-detecting
*geometry* detected driver: pdftex
*geometry* verbose mode - [ preamble ] result:
* driver: pdftex
* paper: custom
* layout: <same size as paper>
* layoutoffset:(h,v)=(0.0pt,0.0pt)
* hratio: 1:1
* vratio: 1:1
* modes: 
* h-part:(L,W,R)=(64.75394pt, 468.0pt, 64.75394pt)
* v-part:(T,H,B)=(111.52342pt, 622.0pt, 111.52342pt)
* \paperwidth=597.50787pt
* \paperheight=845.04684pt
* \textwidth=468.0pt
* \textheight=622.0pt
* \oddsidemargin=-7.51605pt
* \evensidemargin=-7.51605pt
* \topmargin=-22.74657pt
* \headheight=50.0pt
* \headsep=12.0pt
* \topskip=12.0pt
* \footskip=18.0pt
* \marginparwidth=44.0pt
* \marginparsep=10.0pt
* \columnsep=24.0pt
* \skip\footins=24.0pt plus 2.0pt minus 12.0pt
* \hoffset=0.0pt
* \voffset=0.0pt
* \mag=1000
* \@twocolumnfalse
* \@twosidefalse
* \@mparswitchfalse
* \@reversemarginfalse
* (1in=72.27pt=25.4mm, 1cm=28.453pt)

(/usr/share/texlive/texmf-dist/tex/latex/ms/ragged2e.sty
Package: ragged2e 2009/05/21 v2.1 ragged2e Package (MS)

(/usr/share/texlive/texmf-dist/tex/latex/ms/everysel.sty
Package: everysel 2011/10/28 v1.2 EverySelectfont Package (MS)

ABD: EverySelectfont initializing macros
LaTeX Info: Redefining \selectfont on input line 126.
)
\CenteringLeftskip=\skip76
\RaggedLeftLeftskip=\skip77
\RaggedRightLeftskip=\skip78
\CenteringRightskip=\skip79
\RaggedLeftRightskip=\skip80
\RaggedRightRightskip=\skip81
\CenteringParfillskip=\skip82
\RaggedLeftParfillskip=\skip83
\RaggedRightParfillskip=\skip84
\JustifyingParfillskip=\skip85
\CenteringParindent=\skip86
\RaggedLeftParindent=\skip87
\RaggedRightParindent=\skip88
\JustifyingParindent=\skip89
)
\AtBeginShipoutBox=\box42
Package hyperref Info: Link coloring OFF on input line 117.

(/usr/share/texlive/texmf-dist/tex/latex/hyperref/nameref.sty
Package: nameref 2010/04/30 v2.40 Cross-referencing by name of section

(/usr/share/texlive/texmf-dist/tex/generic/oberdiek/gettitlestring.sty
Package: gettitlestring 2010/12/03 v1.4 Cleanup title references (HO)
)
\c@section@level=\count139
)
LaTeX Info: Redefining \ref on input line 117.
LaTeX Info: Redefining \pageref on input line 117.
LaTeX Info: Redefining \nameref on input line 117.
LaTeX Font Info:    Font shape `OT1/ptm/bx/n' in size <12> not available
(Font)              Font shape `OT1/ptm/b/n' tried instead on input line 136.
LaTeX Font Info:    Try loading font information for OT1+pcr on input line 160.


(/usr/share/texlive/texmf-dist/tex/latex/psnfss/ot1pcr.fd
File: ot1pcr.fd 2001/06/04 font definitions for OT1/pcr.
)
LaTeX Font Info:    Try loading font information for U+msa on input line 160.

(/usr/share/texlive/texmf-dist/tex/latex/amsfonts/umsa.fd
File: umsa.fd 2009/06/22 v3.00 AMS symbols A
)
LaTeX Font Info:    Try loading font information for U+msb on input line 160.

(/usr/share/texlive/texmf-dist/tex/latex/amsfonts/umsb.fd
File: umsb.fd 2009/06/22 v3.00 AMS symbols B
) [1

{/var/lib/texmf/fonts/map/pdftex/updmap/pdftex.map}]
<./pipeline.jpg, id=78, 2155.0914pt x 902.1705pt>
File: ./pipeline.jpg Graphic file (type jpg)
 <use ./pipeline.jpg>
Package pdftex.def Info: ./pipeline.jpg used on input line 295.
(pdftex.def)             Requested size: 458.638pt x 191.99434pt.
 [2]
[3 <./pipeline.jpg>] [4] [5] [6]
<./consis_fig_15-crop.pdf, id=241, 495.8525pt x 328.22626pt>
File: ./consis_fig_15-crop.pdf Graphic file (type pdf)

<use ./consis_fig_15-crop.pdf>
Package pdftex.def Info: ./consis_fig_15-crop.pdf used on input line 664.
(pdftex.def)             Requested size: 154.44086pt x 102.22987pt.

<./consis_fig_101-crop.pdf, id=242, 496.85625pt x 328.22626pt>
File: ./consis_fig_101-crop.pdf Graphic file (type pdf)

<use ./consis_fig_101-crop.pdf>
Package pdftex.def Info: ./consis_fig_101-crop.pdf used on input line 665.
(pdftex.def)             Requested size: 154.44086pt x 102.02454pt.

<./consis_fig_event8-crop.pdf, id=243, 493.845pt x 327.2225pt>
File: ./consis_fig_event8-crop.pdf Graphic file (type pdf)

<use ./consis_fig_event8-crop.pdf>
Package pdftex.def Info: ./consis_fig_event8-crop.pdf used on input line 666.
(pdftex.def)             Requested size: 154.44086pt x 102.33167pt.


LaTeX Font Warning: Command \scriptsize invalid in math mode on input line 667.



LaTeX Font Warning: Command \scriptsize invalid in math mode on input line 667.



LaTeX Font Warning: Command \scriptsize invalid in math mode on input line 667.


<./consis_fig_21-crop.pdf, id=244, 494.84875pt x 328.22626pt>
File: ./consis_fig_21-crop.pdf Graphic file (type pdf)

<use ./consis_fig_21-crop.pdf>
Package pdftex.def Info: ./consis_fig_21-crop.pdf used on input line 669.
(pdftex.def)             Requested size: 154.44086pt x 102.43523pt.

<./consis_fig_25-crop.pdf, id=245, 491.8375pt x 327.2225pt>
File: ./consis_fig_25-crop.pdf Graphic file (type pdf)

<use ./consis_fig_25-crop.pdf>
Package pdftex.def Info: ./consis_fig_25-crop.pdf used on input line 670.
(pdftex.def)             Requested size: 154.44086pt x 102.75108pt.

<./consis_fig_indoor-crop.pdf, id=246, 496.85625pt x 327.2225pt>
File: ./consis_fig_indoor-crop.pdf Graphic file (type pdf)

<use ./consis_fig_indoor-crop.pdf>
Package pdftex.def Info: ./consis_fig_indoor-crop.pdf used on input line 671.
(pdftex.def)             Requested size: 154.44086pt x 101.71254pt.


LaTeX Font Warning: Command \scriptsize invalid in math mode on input line 672.



LaTeX Font Warning: Command \scriptsize invalid in math mode on input line 672.



LaTeX Font Warning: Command \scriptsize invalid in math mode on input line 672.



Overfull \hbox (8.25095pt too wide) in paragraph at lines 663--677
[]$[]$ 
 []

<./ensemble_noise_fig_15-crop.pdf, id=249, 491.8375pt x 328.22626pt>
File: ./ensemble_noise_fig_15-crop.pdf Graphic file (type pdf)

<use ./ensemble_noise_fig_15-crop.pdf>
Package pdftex.def Info: ./ensemble_noise_fig_15-crop.pdf used on input line 70
8.
(pdftex.def)             Requested size: 219.95894pt x 156.49005pt.

<./ensemble_noise_fig_event8-crop.pdf, id=250, 491.8375pt x 327.2225pt>
File: ./ensemble_noise_fig_event8-crop.pdf Graphic file (type pdf)

<use ./ensemble_noise_fig_event8-crop.pdf>
Package pdftex.def Info: ./ensemble_noise_fig_event8-crop.pdf used on input lin
e 709.
(pdftex.def)             Requested size: 219.95894pt x 156.49081pt.


LaTeX Font Warning: Command \scriptsize invalid in math mode on input line 710.



LaTeX Font Warning: Command \scriptsize invalid in math mode on input line 710.


[7 <./consis_fig_15-crop.pdf> <./consis_fig_101-crop.pdf> <./consis_fig_event8-
crop.pdf> <./consis_fig_21-crop.pdf> <./consis_fig_25-crop.pdf> <./consis_fig_i
ndoor-crop.pdf>]

Package amsfonts Warning: Obsolete command \bold; \mathbf should be used instea
d on input line 787.

[8 <./ensemble_noise_fig_15-crop.pdf> <./ensemble_noise_fig_event8-crop.pdf>]
[9]
LaTeX Font Info:    Font shape `OT1/ptm/bx/n' in size <10.95> not available
(Font)              Font shape `OT1/ptm/b/n' tried instead on input line 901.
LaTeX Font Info:    Font shape `OT1/ptm/bx/n' in size <8> not available
(Font)              Font shape `OT1/ptm/b/n' tried instead on input line 917.
 [10]
LaTeX Font Info:    Try loading font information for OMS+ptm on input line 978.

 (/usr/share/texlive/texmf-dist/tex/latex/psnfss/omsptm.fd
File: omsptm.fd 
)
LaTeX Font Info:    Font shape `OMS/ptm/m/n' in size <12> not available
(Font)              Font shape `OMS/cmsy/m/n' tried instead on input line 978.
 [11]
[12] <./15_baseline-crop.pdf, id=433, 432.61626pt x 331.2375pt>
File: ./15_baseline-crop.pdf Graphic file (type pdf)

<use ./15_baseline-crop.pdf>
Package pdftex.def Info: ./15_baseline-crop.pdf used on input line 1154.
(pdftex.def)             Requested size: 112.31914pt x 91.04762pt.

<./21_baseline-crop.pdf, id=434, 432.61626pt x 331.2375pt>
File: ./21_baseline-crop.pdf Graphic file (type pdf)

<use ./21_baseline-crop.pdf>
Package pdftex.def Info: ./21_baseline-crop.pdf used on input line 1156.
(pdftex.def)             Requested size: 112.31914pt x 91.04762pt.

<./25_baseline-crop.pdf, id=435, 432.61626pt x 331.2375pt>
File: ./25_baseline-crop.pdf Graphic file (type pdf)

<use ./25_baseline-crop.pdf>
Package pdftex.def Info: ./25_baseline-crop.pdf used on input line 1157.
(pdftex.def)             Requested size: 112.31914pt x 91.04762pt.

<./building25_baseline-crop.pdf, id=436, 432.61626pt x 332.24126pt>
File: ./building25_baseline-crop.pdf Graphic file (type pdf)

<use ./building25_baseline-crop.pdf>
Package pdftex.def Info: ./building25_baseline-crop.pdf used on input line 1158
.
(pdftex.def)             Requested size: 112.31914pt x 91.04977pt.


LaTeX Font Warning: Command \scriptsize invalid in math mode on input line 1159
.


LaTeX Font Warning: Command \scriptsize invalid in math mode on input line 1159
.


LaTeX Font Warning: Command \scriptsize invalid in math mode on input line 1159
.


LaTeX Font Warning: Command \scriptsize invalid in math mode on input line 1159
.

<./101_baseline-crop.pdf, id=437, 432.61626pt x 331.2375pt>
File: ./101_baseline-crop.pdf Graphic file (type pdf)

<use ./101_baseline-crop.pdf>
Package pdftex.def Info: ./101_baseline-crop.pdf used on input line 1162.
(pdftex.def)             Requested size: 112.31914pt x 91.04762pt.

<./event8_baseline-crop.pdf, id=438, 432.61626pt x 331.2375pt>
File: ./event8_baseline-crop.pdf Graphic file (type pdf)

<use ./event8_baseline-crop.pdf>
Package pdftex.def Info: ./event8_baseline-crop.pdf used on input line 1163.
(pdftex.def)             Requested size: 112.31914pt x 91.04762pt.

<./indoor_baseline-crop.pdf, id=439, 432.61626pt x 331.2375pt>
File: ./indoor_baseline-crop.pdf Graphic file (type pdf)

<use ./indoor_baseline-crop.pdf>
Package pdftex.def Info: ./indoor_baseline-crop.pdf used on input line 1164.
(pdftex.def)             Requested size: 112.31914pt x 91.04762pt.

<./stl10_baseline-crop.pdf, id=440, 432.61626pt x 331.2375pt>
File: ./stl10_baseline-crop.pdf Graphic file (type pdf)

<use ./stl10_baseline-crop.pdf>
Package pdftex.def Info: ./stl10_baseline-crop.pdf used on input line 1165.
(pdftex.def)             Requested size: 112.31914pt x 91.04762pt.


LaTeX Font Warning: Command \scriptsize invalid in math mode on input line 1166
.


LaTeX Font Warning: Command \scriptsize invalid in math mode on input line 1166
.


LaTeX Font Warning: Command \scriptsize invalid in math mode on input line 1166
.


LaTeX Font Warning: Command \scriptsize invalid in math mode on input line 1166
.


Overfull \hbox (1.35968pt too wide) in paragraph at lines 1153--1172
 []$[]$ 
 []

<./Precision_15_transductive-crop.pdf, id=441, 432.61626pt x 331.2375pt>
File: ./Precision_15_transductive-crop.pdf Graphic file (type pdf)

<use ./Precision_15_transductive-crop.pdf>
Package pdftex.def Info: ./Precision_15_transductive-crop.pdf used on input lin
e 1183.
(pdftex.def)             Requested size: 112.31914pt x 91.04762pt.

<./Precision_21_transductive-crop.pdf, id=442, 432.61626pt x 331.2375pt>
File: ./Precision_21_transductive-crop.pdf Graphic file (type pdf)

<use ./Precision_21_transductive-crop.pdf>
Package pdftex.def Info: ./Precision_21_transductive-crop.pdf used on input lin
e 1184.
(pdftex.def)             Requested size: 112.31914pt x 91.04762pt.

<./Precision_25_transductive-crop.pdf, id=443, 432.61626pt x 331.2375pt>
File: ./Precision_25_transductive-crop.pdf Graphic file (type pdf)

<use ./Precision_25_transductive-crop.pdf>
Package pdftex.def Info: ./Precision_25_transductive-crop.pdf used on input lin
e 1185.
(pdftex.def)             Requested size: 112.31914pt x 91.04762pt.

<./Precision_building25_transductive-crop.pdf, id=444, 432.61626pt x 331.2375pt
>
File: ./Precision_building25_transductive-crop.pdf Graphic file (type pdf)
 <use ./Precision_building25_transductive-crop.pdf>
Package pdftex.def Info: ./Precision_building25_transductive-crop.pdf used on i
nput line 1186.
(pdftex.def)             Requested size: 112.31914pt x 91.04762pt.


LaTeX Font Warning: Command \scriptsize invalid in math mode on input line 1187
.


LaTeX Font Warning: Command \scriptsize invalid in math mode on input line 1187
.


LaTeX Font Warning: Command \scriptsize invalid in math mode on input line 1187
.


LaTeX Font Warning: Command \scriptsize invalid in math mode on input line 1187
.

<./Precision_101_transductive-crop.pdf, id=445, 432.61626pt x 331.2375pt>
File: ./Precision_101_transductive-crop.pdf Graphic file (type pdf)

<use ./Precision_101_transductive-crop.pdf>
Package pdftex.def Info: ./Precision_101_transductive-crop.pdf used on input li
ne 1190.
(pdftex.def)             Requested size: 112.31914pt x 91.04762pt.

<./Precision_event8_transductive-crop.pdf, id=446, 432.61626pt x 331.2375pt>
File: ./Precision_event8_transductive-crop.pdf Graphic file (type pdf)

<use ./Precision_event8_transductive-crop.pdf>
Package pdftex.def Info: ./Precision_event8_transductive-crop.pdf used on input
 line 1191.
(pdftex.def)             Requested size: 112.31914pt x 91.04762pt.

<./Precision_indoor_transductive-crop.pdf, id=447, 432.61626pt x 331.2375pt>
File: ./Precision_indoor_transductive-crop.pdf Graphic file (type pdf)

<use ./Precision_indoor_transductive-crop.pdf>
Package pdftex.def Info: ./Precision_indoor_transductive-crop.pdf used on input
 line 1192.
(pdftex.def)             Requested size: 112.31914pt x 91.04762pt.

<./Precision_stl10_transductive-crop.pdf, id=448, 432.61626pt x 331.2375pt>
File: ./Precision_stl10_transductive-crop.pdf Graphic file (type pdf)

<use ./Precision_stl10_transductive-crop.pdf>
Package pdftex.def Info: ./Precision_stl10_transductive-crop.pdf used on input 
line 1193.
(pdftex.def)             Requested size: 112.31914pt x 91.04762pt.


LaTeX Font Warning: Command \scriptsize invalid in math mode on input line 1194
.


LaTeX Font Warning: Command \scriptsize invalid in math mode on input line 1194
.


LaTeX Font Warning: Command \scriptsize invalid in math mode on input line 1194
.


LaTeX Font Warning: Command \scriptsize invalid in math mode on input line 1194
.


Overfull \hbox (4.20496pt too wide) in paragraph at lines 1181--1200
 []$[]$ 
 []


Overfull \hbox (2.27531pt too wide) in paragraph at lines 1228--1380
 []$[]$ 
 []

LaTeX Font Info:    Font shape `OT1/ptm/bx/n' in size <10> not available
(Font)              Font shape `OT1/ptm/b/n' tried instead on input line 1380.
[13 <./15_baseline-crop.pdf> <./21_baseline-crop.pdf> <./25_baseline-crop.pdf> 
<./building25_baseline-crop.pdf> <./101_baseline-crop.pdf> <./event8_baseline-c
rop.pdf> <./indoor_baseline-crop.pdf> <./stl10_baseline-crop.pdf>] [14 <./Preci
sion_15_transductive-crop.pdf> <./Precision_21_transductive-crop.pdf> <./Precis
ion_25_transductive-crop.pdf> <./Precision_building25_transductive-crop.pdf> <.
/Precision_101_transductive-crop.pdf> <./Precision_event8_transductive-crop.pdf
> <./Precision_indoor_transductive-crop.pdf> <./Precision_stl10_transductive-cr
op.pdf>] <./T-curve_1-crop.pdf, id=563, 431.6125pt x 331.2375pt>
File: ./T-curve_1-crop.pdf Graphic file (type pdf)

<use ./T-curve_1-crop.pdf>
Package pdftex.def Info: ./T-curve_1-crop.pdf used on input line 1597.
(pdftex.def)             Requested size: 112.32198pt x 102.42984pt.

<./r-curve_1-crop.pdf, id=564, 431.6125pt x 331.2375pt>
File: ./r-curve_1-crop.pdf Graphic file (type pdf)

<use ./r-curve_1-crop.pdf>
Package pdftex.def Info: ./r-curve_1-crop.pdf used on input line 1598.
(pdftex.def)             Requested size: 112.32198pt x 102.42984pt.

<./n-curve_1-crop.pdf, id=565, 431.6125pt x 331.2375pt>
File: ./n-curve_1-crop.pdf Graphic file (type pdf)

<use ./n-curve_1-crop.pdf>
Package pdftex.def Info: ./n-curve_1-crop.pdf used on input line 1599.
(pdftex.def)             Requested size: 112.32198pt x 102.42984pt.

<./m-curve_1-crop.pdf, id=566, 431.6125pt x 331.2375pt>
File: ./m-curve_1-crop.pdf Graphic file (type pdf)

<use ./m-curve_1-crop.pdf>
Package pdftex.def Info: ./m-curve_1-crop.pdf used on input line 1600.
(pdftex.def)             Requested size: 112.32198pt x 102.42984pt.

<./T-curve_2-crop.pdf, id=567, 431.6125pt x 331.2375pt>
File: ./T-curve_2-crop.pdf Graphic file (type pdf)

<use ./T-curve_2-crop.pdf>
Package pdftex.def Info: ./T-curve_2-crop.pdf used on input line 1602.
(pdftex.def)             Requested size: 112.32198pt x 102.42984pt.

<./r-curve_2-crop.pdf, id=568, 431.6125pt x 331.2375pt>
File: ./r-curve_2-crop.pdf Graphic file (type pdf)

<use ./r-curve_2-crop.pdf>
Package pdftex.def Info: ./r-curve_2-crop.pdf used on input line 1603.
(pdftex.def)             Requested size: 112.32198pt x 102.42984pt.

<./n-curve_2-crop.pdf, id=569, 431.6125pt x 331.2375pt>
File: ./n-curve_2-crop.pdf Graphic file (type pdf)

<use ./n-curve_2-crop.pdf>
Package pdftex.def Info: ./n-curve_2-crop.pdf used on input line 1604.
(pdftex.def)             Requested size: 112.32198pt x 102.42984pt.

<./m-curve_2-crop.pdf, id=570, 431.6125pt x 332.24126pt>
File: ./m-curve_2-crop.pdf Graphic file (type pdf)

<use ./m-curve_2-crop.pdf>
Package pdftex.def Info: ./m-curve_2-crop.pdf used on input line 1605.
(pdftex.def)             Requested size: 112.32198pt x 102.43098pt.


LaTeX Font Warning: Command \scriptsize invalid in math mode on input line 1606
.


LaTeX Font Warning: Command \scriptsize invalid in math mode on input line 1606
.


LaTeX Font Warning: Command \scriptsize invalid in math mode on input line 1606
.


LaTeX Font Warning: Command \scriptsize invalid in math mode on input line 1606
.


Overfull \hbox (1.37103pt too wide) in paragraph at lines 1595--1609
 []$[]$ 
 []

[15] [16 <./T-curve_1-crop.pdf> <./r-curve_1-crop.pdf> <./n-curve_1-crop.pdf> <
./m-curve_1-crop.pdf> <./T-curve_2-crop.pdf> <./r-curve_2-crop.pdf> <./n-curve_
2-crop.pdf> <./m-curve_2-crop.pdf>]
<./Model-curve_1-crop.pdf, id=644, 432.61626pt x 330.23375pt>
File: ./Model-curve_1-crop.pdf Graphic file (type pdf)

<use ./Model-curve_1-crop.pdf>
Package pdftex.def Info: ./Model-curve_1-crop.pdf used on input line 1697.
(pdftex.def)             Requested size: 163.80177pt x 130.88684pt.

<./Model-legend1_crop.pdf, id=645, 161.60374pt x 295.1025pt>
File: ./Model-legend1_crop.pdf Graphic file (type pdf)

<use ./Model-legend1_crop.pdf>
Package pdftex.def Info: ./Model-legend1_crop.pdf used on input line 1698.
(pdftex.def)             Requested size: 56.15775pt x 119.49783pt.

<./Model-curve_2-crop.pdf, id=646, 432.61626pt x 330.23375pt>
File: ./Model-curve_2-crop.pdf Graphic file (type pdf)

<use ./Model-curve_2-crop.pdf>
Package pdftex.def Info: ./Model-curve_2-crop.pdf used on input line 1699.
(pdftex.def)             Requested size: 163.80177pt x 130.88684pt.

<./Model-legend2_crop.pdf, id=647, 161.60374pt x 295.1025pt>
File: ./Model-legend2_crop.pdf Graphic file (type pdf)

<use ./Model-legend2_crop.pdf>
Package pdftex.def Info: ./Model-legend2_crop.pdf used on input line 1700.
(pdftex.def)             Requested size: 56.15775pt x 119.49783pt.
 [17 <./Model-curve_1-crop.pdf> <./Model-legend1_crop.pdf> <./Model-curve_2-cro
p.pdf> <./Model-legend2_crop.pdf>]
<./self_stl10_knn-crop.pdf, id=683, 432.61626pt x 331.2375pt>
File: ./self_stl10_knn-crop.pdf Graphic file (type pdf)

<use ./self_stl10_knn-crop.pdf>
Package pdftex.def Info: ./self_stl10_knn-crop.pdf used on input line 1775.
(pdftex.def)             Requested size: 145.07422pt x 113.807pt.

<./self_stl10_LR-crop.pdf, id=684, 432.61626pt x 331.2375pt>
File: ./self_stl10_LR-crop.pdf Graphic file (type pdf)

<use ./self_stl10_LR-crop.pdf>
Package pdftex.def Info: ./self_stl10_LR-crop.pdf used on input line 1776.
(pdftex.def)             Requested size: 145.07422pt x 113.807pt.

<./self_stl10_SVM-crop.pdf, id=685, 432.61626pt x 331.2375pt>
File: ./self_stl10_SVM-crop.pdf Graphic file (type pdf)

<use ./self_stl10_SVM-crop.pdf>
Package pdftex.def Info: ./self_stl10_SVM-crop.pdf used on input line 1777.
(pdftex.def)             Requested size: 145.07422pt x 113.807pt.


LaTeX Font Warning: Command \scriptsize invalid in math mode on input line 1778
.


LaTeX Font Warning: Command \scriptsize invalid in math mode on input line 1778
.


LaTeX Font Warning: Command \scriptsize invalid in math mode on input line 1778
.

[18 <./self_stl10_knn-crop.pdf> <./self_stl10_LR-crop.pdf> <./self_stl10_SVM-cr
op.pdf>]
Overfull \hbox (7.74315pt too wide) in paragraph at lines 1894--2003
 []$[]$ 
 []

[19] (./main.bbl [20]
Missing character: There is no Ã in font ptmr7t!
Missing character: There is no ± in font ptmr7t!
Missing character: There is no Ã in font ptmr7t!
Missing character: There is no ¶ in font ptmr7t!
 [21] [22])
Package atveryend Info: Empty hook `BeforeClearDocument' on input line 2108.
 [23]
Package atveryend Info: Empty hook `AfterLastShipout' on input line 2108.
 (./main.aux)
Package atveryend Info: Executing hook `AtVeryEndDocument' on input line 2108.
Package atveryend Info: Empty hook `AtEndAfterFileList' on input line 2108.
Package atveryend Info: Empty hook `AtVeryVeryEnd' on input line 2108.
 ) 
Here is how much of TeX's memory you used:
 10030 strings out of 493485
 144321 string characters out of 3143526
 280840 words of memory out of 3000000
 12951 multiletter control sequences out of 15000+200000
 40203 words of font info for 96 fonts, out of 3000000 for 9000
 957 hyphenation exceptions out of 8191
 41i,19n,35p,696b,778s stack positions out of 5000i,500n,10000p,200000b,50000s
{/usr/share/texlive/texmf-dist/fonts/enc/dvips/base/8r.enc}</usr/share/texliv
e/texmf-dist/fonts/type1/public/amsfonts/cm/cmbx10.pfb></usr/share/texlive/texm
f-dist/fonts/type1/public/amsfonts/cm/cmbx12.pfb></usr/share/texlive/texmf-dist
/fonts/type1/public/amsfonts/cm/cmbx8.pfb></usr/share/texlive/texmf-dist/fonts/
type1/public/amsfonts/cm/cmex10.pfb></usr/share/texlive/texmf-dist/fonts/type1/
public/amsfonts/cm/cmmi10.pfb></usr/share/texlive/texmf-dist/fonts/type1/public
/amsfonts/cm/cmmi12.pfb></usr/share/texlive/texmf-dist/fonts/type1/public/amsfo
nts/cm/cmmi6.pfb></usr/share/texlive/texmf-dist/fonts/type1/public/amsfonts/cm/
cmmi7.pfb></usr/share/texlive/texmf-dist/fonts/type1/public/amsfonts/cm/cmmi8.p
fb></usr/share/texlive/texmf-dist/fonts/type1/public/amsfonts/cm/cmr10.pfb></us
r/share/texlive/texmf-dist/fonts/type1/public/amsfonts/cm/cmr12.pfb></usr/share
/texlive/texmf-dist/fonts/type1/public/amsfonts/cm/cmr6.pfb></usr/share/texlive
/texmf-dist/fonts/type1/public/amsfonts/cm/cmr8.pfb></usr/share/texlive/texmf-d
ist/fonts/type1/public/amsfonts/cm/cmsy10.pfb></usr/share/texlive/texmf-dist/fo
nts/type1/public/amsfonts/cm/cmsy7.pfb></usr/share/texlive/texmf-dist/fonts/typ
e1/public/amsfonts/cm/cmsy8.pfb></usr/share/texlive/texmf-dist/fonts/type1/publ
ic/amsfonts/symbols/msbm10.pfb></usr/share/texlive/texmf-dist/fonts/type1/urw/c
ourier/ucrr8a.pfb></usr/share/texlive/texmf-dist/fonts/type1/urw/times/utmb8a.p
fb></usr/share/texlive/texmf-dist/fonts/type1/urw/times/utmr8a.pfb></usr/share/
texlive/texmf-dist/fonts/type1/urw/times/utmri8a.pfb></usr/share/texlive/texmf-
dist/fonts/type1/urw/zapfding/uzdr.pfb>
Output written on main.pdf (23 pages, 4429049 bytes).
PDF statistics:
 858 PDF objects out of 1000 (max. 8388607)
 718 compressed objects within 8 object streams
 170 named destinations out of 1000 (max. 500000)
 201 words of extra memory for PDF output out of 10000 (max. 10000000)

