This is pdfTeX, Version 3.14159265-2.6-1.40.16 (TeX Live 2015) (preloaded format=pdflatex 2015.5.24)  17 APR 2016 23:49
entering extended mode
 \write18 enabled.
 file:line:error style messages enabled.
 %&-line parsing enabled.
**final.tex
(./final.tex
LaTeX2e <2015/01/01>
Babel <3.9l> and hyphenation patterns for 79 languages loaded.
(/usr/local/texlive/2015/texmf-dist/tex/latex/base/article.cls
Document Class: article 2014/09/29 v1.4h Standard LaTeX document class
(/usr/local/texlive/2015/texmf-dist/tex/latex/base/size10.clo
File: size10.clo 2014/09/29 v1.4h Standard LaTeX file (size option)
)
\c@part=\count79
\c@section=\count80
\c@subsection=\count81
\c@subsubsection=\count82
\c@paragraph=\count83
\c@subparagraph=\count84
\c@figure=\count85
\c@table=\count86
\abovecaptionskip=\skip41
\belowcaptionskip=\skip42
\bibindent=\dimen102
)
(/usr/local/texlive/2015/texmf-dist/tex/latex/pgf/frontendlayer/tikz.sty
(/usr/local/texlive/2015/texmf-dist/tex/latex/pgf/basiclayer/pgf.sty
(/usr/local/texlive/2015/texmf-dist/tex/latex/pgf/utilities/pgfrcs.sty
(/usr/local/texlive/2015/texmf-dist/tex/generic/pgf/utilities/pgfutil-common.te
x
\pgfutil@everybye=\toks14
\pgfutil@tempdima=\dimen103
\pgfutil@tempdimb=\dimen104

(/usr/local/texlive/2015/texmf-dist/tex/generic/pgf/utilities/pgfutil-common-li
sts.tex))
(/usr/local/texlive/2015/texmf-dist/tex/generic/pgf/utilities/pgfutil-latex.def
\pgfutil@abb=\box26
(/usr/local/texlive/2015/texmf-dist/tex/latex/ms/everyshi.sty
Package: everyshi 2001/05/15 v3.00 EveryShipout Package (MS)
))
(/usr/local/texlive/2015/texmf-dist/tex/generic/pgf/utilities/pgfrcs.code.tex
Package: pgfrcs 2013/12/20 v3.0.0 (rcs-revision 1.28)
))
Package: pgf 2013/12/18 v3.0.0 (rcs-revision 1.14)
(/usr/local/texlive/2015/texmf-dist/tex/latex/pgf/basiclayer/pgfcore.sty
(/usr/local/texlive/2015/texmf-dist/tex/latex/graphics/graphicx.sty
Package: graphicx 2014/10/28 v1.0g Enhanced LaTeX Graphics (DPC,SPQR)

(/usr/local/texlive/2015/texmf-dist/tex/latex/graphics/keyval.sty
Package: keyval 2014/10/28 v1.15 key=value parser (DPC)
\KV@toks@=\toks15
)
(/usr/local/texlive/2015/texmf-dist/tex/latex/graphics/graphics.sty
Package: graphics 2014/10/28 v1.0p Standard LaTeX Graphics (DPC,SPQR)

(/usr/local/texlive/2015/texmf-dist/tex/latex/graphics/trig.sty
Package: trig 1999/03/16 v1.09 sin cos tan (DPC)
)
(/usr/local/texlive/2015/texmf-dist/tex/latex/latexconfig/graphics.cfg
File: graphics.cfg 2010/04/23 v1.9 graphics configuration of TeX Live
)
Package graphics Info: Driver file: pdftex.def on input line 94.

(/usr/local/texlive/2015/texmf-dist/tex/latex/pdftex-def/pdftex.def
File: pdftex.def 2011/05/27 v0.06d Graphics/color for pdfTeX

(/usr/local/texlive/2015/texmf-dist/tex/generic/oberdiek/infwarerr.sty
Package: infwarerr 2010/04/08 v1.3 Providing info/warning/error messages (HO)
)
(/usr/local/texlive/2015/texmf-dist/tex/generic/oberdiek/ltxcmds.sty
Package: ltxcmds 2011/11/09 v1.22 LaTeX kernel commands for general use (HO)
)
\Gread@gobject=\count87
))
\Gin@req@height=\dimen105
\Gin@req@width=\dimen106
)
(/usr/local/texlive/2015/texmf-dist/tex/latex/pgf/systemlayer/pgfsys.sty
(/usr/local/texlive/2015/texmf-dist/tex/generic/pgf/systemlayer/pgfsys.code.tex
Package: pgfsys 2013/11/30 v3.0.0 (rcs-revision 1.47)
(/usr/local/texlive/2015/texmf-dist/tex/generic/pgf/utilities/pgfkeys.code.tex
\pgfkeys@pathtoks=\toks16
\pgfkeys@temptoks=\toks17

(/usr/local/texlive/2015/texmf-dist/tex/generic/pgf/utilities/pgfkeysfiltered.c
ode.tex
\pgfkeys@tmptoks=\toks18
))
\pgf@x=\dimen107
\pgf@y=\dimen108
\pgf@xa=\dimen109
\pgf@ya=\dimen110
\pgf@xb=\dimen111
\pgf@yb=\dimen112
\pgf@xc=\dimen113
\pgf@yc=\dimen114
\w@pgf@writea=\write3
\r@pgf@reada=\read1
\c@pgf@counta=\count88
\c@pgf@countb=\count89
\c@pgf@countc=\count90
\c@pgf@countd=\count91
\t@pgf@toka=\toks19
\t@pgf@tokb=\toks20
\t@pgf@tokc=\toks21

(/usr/local/texlive/2015/texmf-dist/tex/generic/pgf/systemlayer/pgf.cfg
File: pgf.cfg 2008/05/14  (rcs-revision 1.7)
)
Driver file for pgf: pgfsys-pdftex.def

(/usr/local/texlive/2015/texmf-dist/tex/generic/pgf/systemlayer/pgfsys-pdftex.d
ef
File: pgfsys-pdftex.def 2013/07/18  (rcs-revision 1.33)

(/usr/local/texlive/2015/texmf-dist/tex/generic/pgf/systemlayer/pgfsys-common-p
df.def
File: pgfsys-common-pdf.def 2013/10/10  (rcs-revision 1.13)
)))
(/usr/local/texlive/2015/texmf-dist/tex/generic/pgf/systemlayer/pgfsyssoftpath.
code.tex
File: pgfsyssoftpath.code.tex 2013/09/09  (rcs-revision 1.9)
\pgfsyssoftpath@smallbuffer@items=\count92
\pgfsyssoftpath@bigbuffer@items=\count93
)
(/usr/local/texlive/2015/texmf-dist/tex/generic/pgf/systemlayer/pgfsysprotocol.
code.tex
File: pgfsysprotocol.code.tex 2006/10/16  (rcs-revision 1.4)
)) (/usr/local/texlive/2015/texmf-dist/tex/latex/xcolor/xcolor.sty
Package: xcolor 2007/01/21 v2.11 LaTeX color extensions (UK)

(/usr/local/texlive/2015/texmf-dist/tex/latex/latexconfig/color.cfg
File: color.cfg 2007/01/18 v1.5 color configuration of teTeX/TeXLive
)
Package xcolor Info: Driver file: pdftex.def on input line 225.
Package xcolor Info: Model `cmy' substituted by `cmy0' on input line 1337.
Package xcolor Info: Model `hsb' substituted by `rgb' on input line 1341.
Package xcolor Info: Model `RGB' extended on input line 1353.
Package xcolor Info: Model `HTML' substituted by `rgb' on input line 1355.
Package xcolor Info: Model `Hsb' substituted by `hsb' on input line 1356.
Package xcolor Info: Model `tHsb' substituted by `hsb' on input line 1357.
Package xcolor Info: Model `HSB' substituted by `hsb' on input line 1358.
Package xcolor Info: Model `Gray' substituted by `gray' on input line 1359.
Package xcolor Info: Model `wave' substituted by `hsb' on input line 1360.
)
(/usr/local/texlive/2015/texmf-dist/tex/generic/pgf/basiclayer/pgfcore.code.tex
Package: pgfcore 2010/04/11 v3.0.0 (rcs-revision 1.7)
(/usr/local/texlive/2015/texmf-dist/tex/generic/pgf/math/pgfmath.code.tex
(/usr/local/texlive/2015/texmf-dist/tex/generic/pgf/math/pgfmathcalc.code.tex
(/usr/local/texlive/2015/texmf-dist/tex/generic/pgf/math/pgfmathutil.code.tex)
(/usr/local/texlive/2015/texmf-dist/tex/generic/pgf/math/pgfmathparser.code.tex
\pgfmath@dimen=\dimen115
\pgfmath@count=\count94
\pgfmath@box=\box27
\pgfmath@toks=\toks22
\pgfmath@stack@operand=\toks23
\pgfmath@stack@operation=\toks24
)
(/usr/local/texlive/2015/texmf-dist/tex/generic/pgf/math/pgfmathfunctions.code.
tex
(/usr/local/texlive/2015/texmf-dist/tex/generic/pgf/math/pgfmathfunctions.basic
.code.tex)
(/usr/local/texlive/2015/texmf-dist/tex/generic/pgf/math/pgfmathfunctions.trigo
nometric.code.tex)
(/usr/local/texlive/2015/texmf-dist/tex/generic/pgf/math/pgfmathfunctions.rando
m.code.tex)
(/usr/local/texlive/2015/texmf-dist/tex/generic/pgf/math/pgfmathfunctions.compa
rison.code.tex)
(/usr/local/texlive/2015/texmf-dist/tex/generic/pgf/math/pgfmathfunctions.base.
code.tex)
(/usr/local/texlive/2015/texmf-dist/tex/generic/pgf/math/pgfmathfunctions.round
.code.tex)
(/usr/local/texlive/2015/texmf-dist/tex/generic/pgf/math/pgfmathfunctions.misc.
code.tex)
(/usr/local/texlive/2015/texmf-dist/tex/generic/pgf/math/pgfmathfunctions.integ
erarithmetics.code.tex)))
(/usr/local/texlive/2015/texmf-dist/tex/generic/pgf/math/pgfmathfloat.code.tex
\c@pgfmathroundto@lastzeros=\count95
))
(/usr/local/texlive/2015/texmf-dist/tex/generic/pgf/basiclayer/pgfcorepoints.co
de.tex
File: pgfcorepoints.code.tex 2013/10/07  (rcs-revision 1.27)
\pgf@picminx=\dimen116
\pgf@picmaxx=\dimen117
\pgf@picminy=\dimen118
\pgf@picmaxy=\dimen119
\pgf@pathminx=\dimen120
\pgf@pathmaxx=\dimen121
\pgf@pathminy=\dimen122
\pgf@pathmaxy=\dimen123
\pgf@xx=\dimen124
\pgf@xy=\dimen125
\pgf@yx=\dimen126
\pgf@yy=\dimen127
\pgf@zx=\dimen128
\pgf@zy=\dimen129
)
(/usr/local/texlive/2015/texmf-dist/tex/generic/pgf/basiclayer/pgfcorepathconst
ruct.code.tex
File: pgfcorepathconstruct.code.tex 2013/10/07  (rcs-revision 1.29)
\pgf@path@lastx=\dimen130
\pgf@path@lasty=\dimen131
)
(/usr/local/texlive/2015/texmf-dist/tex/generic/pgf/basiclayer/pgfcorepathusage
.code.tex
File: pgfcorepathusage.code.tex 2013/12/13  (rcs-revision 1.23)
\pgf@shorten@end@additional=\dimen132
\pgf@shorten@start@additional=\dimen133
)
(/usr/local/texlive/2015/texmf-dist/tex/generic/pgf/basiclayer/pgfcorescopes.co
de.tex
File: pgfcorescopes.code.tex 2013/10/09  (rcs-revision 1.44)
\pgfpic=\box28
\pgf@hbox=\box29
\pgf@layerbox@main=\box30
\pgf@picture@serial@count=\count96
)
(/usr/local/texlive/2015/texmf-dist/tex/generic/pgf/basiclayer/pgfcoregraphicst
ate.code.tex
File: pgfcoregraphicstate.code.tex 2013/09/19  (rcs-revision 1.11)
\pgflinewidth=\dimen134
)
(/usr/local/texlive/2015/texmf-dist/tex/generic/pgf/basiclayer/pgfcoretransform
ations.code.tex
File: pgfcoretransformations.code.tex 2013/10/10  (rcs-revision 1.17)
\pgf@pt@x=\dimen135
\pgf@pt@y=\dimen136
\pgf@pt@temp=\dimen137
)
(/usr/local/texlive/2015/texmf-dist/tex/generic/pgf/basiclayer/pgfcorequick.cod
e.tex
File: pgfcorequick.code.tex 2008/10/09  (rcs-revision 1.3)
)
(/usr/local/texlive/2015/texmf-dist/tex/generic/pgf/basiclayer/pgfcoreobjects.c
ode.tex
File: pgfcoreobjects.code.tex 2006/10/11  (rcs-revision 1.2)
)
(/usr/local/texlive/2015/texmf-dist/tex/generic/pgf/basiclayer/pgfcorepathproce
ssing.code.tex
File: pgfcorepathprocessing.code.tex 2013/09/09  (rcs-revision 1.9)
)
(/usr/local/texlive/2015/texmf-dist/tex/generic/pgf/basiclayer/pgfcorearrows.co
de.tex
File: pgfcorearrows.code.tex 2013/11/07  (rcs-revision 1.40)
\pgfarrowsep=\dimen138
)
(/usr/local/texlive/2015/texmf-dist/tex/generic/pgf/basiclayer/pgfcoreshade.cod
e.tex
File: pgfcoreshade.code.tex 2013/07/15  (rcs-revision 1.15)
\pgf@max=\dimen139
\pgf@sys@shading@range@num=\count97
)
(/usr/local/texlive/2015/texmf-dist/tex/generic/pgf/basiclayer/pgfcoreimage.cod
e.tex
File: pgfcoreimage.code.tex 2013/07/15  (rcs-revision 1.18)

(/usr/local/texlive/2015/texmf-dist/tex/generic/pgf/basiclayer/pgfcoreexternal.
code.tex
File: pgfcoreexternal.code.tex 2013/07/15  (rcs-revision 1.20)
\pgfexternal@startupbox=\box31
))
(/usr/local/texlive/2015/texmf-dist/tex/generic/pgf/basiclayer/pgfcorelayers.co
de.tex
File: pgfcorelayers.code.tex 2013/07/18  (rcs-revision 1.7)
)
(/usr/local/texlive/2015/texmf-dist/tex/generic/pgf/basiclayer/pgfcoretranspare
ncy.code.tex
File: pgfcoretransparency.code.tex 2013/09/30  (rcs-revision 1.5)
)
(/usr/local/texlive/2015/texmf-dist/tex/generic/pgf/basiclayer/pgfcorepatterns.
code.tex
File: pgfcorepatterns.code.tex 2013/11/07  (rcs-revision 1.5)
)))
(/usr/local/texlive/2015/texmf-dist/tex/generic/pgf/modules/pgfmoduleshapes.cod
e.tex
File: pgfmoduleshapes.code.tex 2013/10/31  (rcs-revision 1.34)
\pgfnodeparttextbox=\box32
)
(/usr/local/texlive/2015/texmf-dist/tex/generic/pgf/modules/pgfmoduleplot.code.
tex
File: pgfmoduleplot.code.tex 2013/07/31  (rcs-revision 1.12)
)
(/usr/local/texlive/2015/texmf-dist/tex/latex/pgf/compatibility/pgfcomp-version
-0-65.sty
Package: pgfcomp-version-0-65 2007/07/03 v3.0.0 (rcs-revision 1.7)
\pgf@nodesepstart=\dimen140
\pgf@nodesepend=\dimen141
)
(/usr/local/texlive/2015/texmf-dist/tex/latex/pgf/compatibility/pgfcomp-version
-1-18.sty
Package: pgfcomp-version-1-18 2007/07/23 v3.0.0 (rcs-revision 1.1)
))
(/usr/local/texlive/2015/texmf-dist/tex/latex/pgf/utilities/pgffor.sty
(/usr/local/texlive/2015/texmf-dist/tex/latex/pgf/utilities/pgfkeys.sty
(/usr/local/texlive/2015/texmf-dist/tex/generic/pgf/utilities/pgfkeys.code.tex)
) (/usr/local/texlive/2015/texmf-dist/tex/latex/pgf/math/pgfmath.sty
(/usr/local/texlive/2015/texmf-dist/tex/generic/pgf/math/pgfmath.code.tex))
(/usr/local/texlive/2015/texmf-dist/tex/generic/pgf/utilities/pgffor.code.tex
Package: pgffor 2013/12/13 v3.0.0 (rcs-revision 1.25)

(/usr/local/texlive/2015/texmf-dist/tex/generic/pgf/math/pgfmath.code.tex)
\pgffor@iter=\dimen142
\pgffor@skip=\dimen143
\pgffor@stack=\toks25
\pgffor@toks=\toks26
))
(/usr/local/texlive/2015/texmf-dist/tex/generic/pgf/frontendlayer/tikz/tikz.cod
e.tex
Package: tikz 2013/12/13 v3.0.0 (rcs-revision 1.142)

(/usr/local/texlive/2015/texmf-dist/tex/generic/pgf/libraries/pgflibraryplothan
dlers.code.tex
File: pgflibraryplothandlers.code.tex 2013/08/31 v3.0.0 (rcs-revision 1.20)
\pgf@plot@mark@count=\count98
\pgfplotmarksize=\dimen144
)
\tikz@lastx=\dimen145
\tikz@lasty=\dimen146
\tikz@lastxsaved=\dimen147
\tikz@lastysaved=\dimen148
\tikzleveldistance=\dimen149
\tikzsiblingdistance=\dimen150
\tikz@figbox=\box33
\tikz@figbox@bg=\box34
\tikz@tempbox=\box35
\tikz@tempbox@bg=\box36
\tikztreelevel=\count99
\tikznumberofchildren=\count100
\tikznumberofcurrentchild=\count101
\tikz@fig@count=\count102

(/usr/local/texlive/2015/texmf-dist/tex/generic/pgf/modules/pgfmodulematrix.cod
e.tex
File: pgfmodulematrix.code.tex 2013/09/17  (rcs-revision 1.8)
\pgfmatrixcurrentrow=\count103
\pgfmatrixcurrentcolumn=\count104
\pgf@matrix@numberofcolumns=\count105
)
\tikz@expandcount=\count106

(/usr/local/texlive/2015/texmf-dist/tex/generic/pgf/frontendlayer/tikz/librarie
s/tikzlibrarytopaths.code.tex
File: tikzlibrarytopaths.code.tex 2008/06/17 v3.0.0 (rcs-revision 1.2)
))) (./cvpr.sty (./eso-pic.sty
Package: eso-pic 2002/11/16 v1.1b eso-pic (RN)
)
(/usr/local/texlive/2015/texmf-dist/tex/latex/tools/xspace.sty
Package: xspace 2014/10/28 v1.13 Space after command names (DPC,MH)
)
CVPR 8.5 x 11-Inch Proceedings Style `cvpr.sty'.
\@ctmp=\skip43
\@figindent=\skip44
\cvprrulerbox=\box37
\cvprrulercount=\count107
\cvprruleroffset=\dimen151
\cv@lineheight=\dimen152
\cv@boxheight=\dimen153
\cv@tmpbox=\box38
\cv@refno=\count108
\cv@tot=\count109
\cv@tmpc@=\count110
\cv@tmpc=\count111
) (/usr/local/texlive/2015/texmf-dist/tex/latex/psnfss/times.sty
Package: times 2005/04/12 PSNFSS-v9.2a (SPQR) 
)
(/usr/local/texlive/2015/texmf-dist/tex/latex/graphics/epsfig.sty
Package: epsfig 1999/02/16 v1.7a (e)psfig emulation (SPQR)
\epsfxsize=\dimen154
\epsfysize=\dimen155
)
(/usr/local/texlive/2015/texmf-dist/tex/latex/amsmath/amsmath.sty
Package: amsmath 2013/01/14 v2.14 AMS math features
\@mathmargin=\skip45

For additional information on amsmath, use the `?' option.
(/usr/local/texlive/2015/texmf-dist/tex/latex/amsmath/amstext.sty
Package: amstext 2000/06/29 v2.01

(/usr/local/texlive/2015/texmf-dist/tex/latex/amsmath/amsgen.sty
File: amsgen.sty 1999/11/30 v2.0
\@emptytoks=\toks27
\ex@=\dimen156
))
(/usr/local/texlive/2015/texmf-dist/tex/latex/amsmath/amsbsy.sty
Package: amsbsy 1999/11/29 v1.2d
\pmbraise@=\dimen157
)
(/usr/local/texlive/2015/texmf-dist/tex/latex/amsmath/amsopn.sty
Package: amsopn 1999/12/14 v2.01 operator names
)
\inf@bad=\count112
LaTeX Info: Redefining \frac on input line 210.
\uproot@=\count113
\leftroot@=\count114
LaTeX Info: Redefining \overline on input line 306.
\classnum@=\count115
\DOTSCASE@=\count116
LaTeX Info: Redefining \ldots on input line 378.
LaTeX Info: Redefining \dots on input line 381.
LaTeX Info: Redefining \cdots on input line 466.
\Mathstrutbox@=\box39
\strutbox@=\box40
\big@size=\dimen158
LaTeX Font Info:    Redeclaring font encoding OML on input line 566.
LaTeX Font Info:    Redeclaring font encoding OMS on input line 567.
\macc@depth=\count117
\c@MaxMatrixCols=\count118
\dotsspace@=\muskip10
\c@parentequation=\count119
\dspbrk@lvl=\count120
\tag@help=\toks28
\row@=\count121
\column@=\count122
\maxfields@=\count123
\andhelp@=\toks29
\eqnshift@=\dimen159
\alignsep@=\dimen160
\tagshift@=\dimen161
\tagwidth@=\dimen162
\totwidth@=\dimen163
\lineht@=\dimen164
\@envbody=\toks30
\multlinegap=\skip46
\multlinetaggap=\skip47
\mathdisplay@stack=\toks31
LaTeX Info: Redefining \[ on input line 2665.
LaTeX Info: Redefining \] on input line 2666.
)
(/usr/local/texlive/2015/texmf-dist/tex/latex/amsfonts/amssymb.sty
Package: amssymb 2013/01/14 v3.01 AMS font symbols

(/usr/local/texlive/2015/texmf-dist/tex/latex/amsfonts/amsfonts.sty
Package: amsfonts 2013/01/14 v3.01 Basic AMSFonts support
\symAMSa=\mathgroup4
\symAMSb=\mathgroup5
LaTeX Font Info:    Overwriting math alphabet `\mathfrak' in version `bold'
(Font)                  U/euf/m/n --> U/euf/b/n on input line 106.
))
(/usr/local/texlive/2015/texmf-dist/tex/latex/pgfplots/pgfplots.sty
(/usr/local/texlive/2015/texmf-dist/tex/generic/pgfplots/pgfplots.revision.tex)
Package: pgfplots 2015/05/02 v1.12.1 Data Visualization (1.12.1)
(/usr/local/texlive/2015/texmf-dist/tex/generic/pgfplots/pgfplots.code.tex
(/usr/local/texlive/2015/texmf-dist/tex/generic/pgfplots/pgfplotscore.code.tex
\t@pgfplots@toka=\toks32
\t@pgfplots@tokb=\toks33
\t@pgfplots@tokc=\toks34
\pgfplots@tmpa=\dimen165
\c@pgfplots@coordindex=\count124
\c@pgfplots@scanlineindex=\count125

(/usr/local/texlive/2015/texmf-dist/tex/generic/pgfplots/sys/pgfplotssysgeneric
.code.tex))
(/usr/local/texlive/2015/texmf-dist/tex/generic/pgfplots/libs/pgfplotslibrary.c
ode.tex)
(/usr/local/texlive/2015/texmf-dist/tex/generic/pgfplots/oldpgfcompatib/pgfplot
soldpgfsupp_loader.code.tex
(/usr/local/texlive/2015/texmf-dist/tex/generic/pgf/libraries/pgflibraryfpu.cod
e.tex)
Package pgfplots: loading complementary arithmetics for your pgf version...

(/usr/local/texlive/2015/texmf-dist/tex/generic/pgfplots/oldpgfcompatib/pgfplot
soldpgfsupp_pgflibraryfpu.code.tex)
(/usr/local/texlive/2015/texmf-dist/tex/generic/pgfplots/oldpgfcompatib/pgfplot
soldpgfsupp_pgfmathfloat.code.tex
\c@pgfmathroundto@lastzeros=\count126
)
(/usr/local/texlive/2015/texmf-dist/tex/generic/pgfplots/oldpgfcompatib/pgfplot
soldpgfsupp_trig_format.code.tex))
(/usr/local/texlive/2015/texmf-dist/tex/generic/pgfplots/util/pgfplotsutil.code
.tex
(/usr/local/texlive/2015/texmf-dist/tex/generic/pgfplots/liststructure/pgfplots
liststructure.code.tex)
(/usr/local/texlive/2015/texmf-dist/tex/generic/pgfplots/liststructure/pgfplots
liststructureext.code.tex)
(/usr/local/texlive/2015/texmf-dist/tex/generic/pgfplots/liststructure/pgfplots
array.code.tex
\c@pgfplotsarray@tmp=\count127
)
(/usr/local/texlive/2015/texmf-dist/tex/generic/pgfplots/liststructure/pgfplots
matrix.code.tex)
(/usr/local/texlive/2015/texmf-dist/tex/generic/pgfplots/numtable/pgfplotstable
shared.code.tex
\c@pgfplotstable@counta=\count128
\t@pgfplotstable@a=\toks35
)
(/usr/local/texlive/2015/texmf-dist/tex/generic/pgfplots/liststructure/pgfplots
deque.code.tex)
(/usr/local/texlive/2015/texmf-dist/tex/generic/pgfplots/util/pgfplotsbinary.co
de.tex
(/usr/local/texlive/2015/texmf-dist/tex/generic/pgfplots/util/pgfplotsbinary.da
ta.code.tex))
(/usr/local/texlive/2015/texmf-dist/tex/generic/pgfplots/util/pgfplotsutil.verb
.code.tex)
(/usr/local/texlive/2015/texmf-dist/tex/generic/pgfplots/libs/pgflibrarypgfplot
s.surfshading.code.tex
\c@pgfplotslibrarysurf@no=\count129

(/usr/local/texlive/2015/texmf-dist/tex/generic/pgfplots/sys/pgflibrarypgfplots
.surfshading.pgfsys-pdftex.def)))
(/usr/local/texlive/2015/texmf-dist/tex/generic/pgfplots/util/pgfplotscolormap.
code.tex
(/usr/local/texlive/2015/texmf-dist/tex/generic/pgfplots/util/pgfplotscolor.cod
e.tex))
(/usr/local/texlive/2015/texmf-dist/tex/generic/pgfplots/pgfplotsstackedplots.c
ode.tex)
(/usr/local/texlive/2015/texmf-dist/tex/generic/pgfplots/pgfplotsplothandlers.c
ode.tex
(/usr/local/texlive/2015/texmf-dist/tex/generic/pgfplots/pgfplotsmeshplothandle
r.code.tex))
(/usr/local/texlive/2015/texmf-dist/tex/generic/pgfplots/pgfplots.scaling.code.
tex)
(/usr/local/texlive/2015/texmf-dist/tex/generic/pgfplots/pgfplotscoordprocessin
g.code.tex)
(/usr/local/texlive/2015/texmf-dist/tex/generic/pgfplots/pgfplots.errorbars.cod
e.tex)
(/usr/local/texlive/2015/texmf-dist/tex/generic/pgfplots/pgfplots.markers.code.
tex)
(/usr/local/texlive/2015/texmf-dist/tex/generic/pgfplots/pgfplotsticks.code.tex
)
(/usr/local/texlive/2015/texmf-dist/tex/generic/pgfplots/pgfplots.paths.code.te
x)
(/usr/local/texlive/2015/texmf-dist/tex/generic/pgf/frontendlayer/tikz/librarie
s/tikzlibrarydecorations.code.tex
(/usr/local/texlive/2015/texmf-dist/tex/generic/pgf/modules/pgfmoduledecoration
s.code.tex
\pgfdecoratedcompleteddistance=\dimen166
\pgfdecoratedremainingdistance=\dimen167
\pgfdecoratedinputsegmentcompleteddistance=\dimen168
\pgfdecoratedinputsegmentremainingdistance=\dimen169
\pgf@decorate@distancetomove=\dimen170
\pgf@decorate@repeatstate=\count130
\pgfdecorationsegmentamplitude=\dimen171
\pgfdecorationsegmentlength=\dimen172
)
\tikz@lib@dec@box=\box41
)
(/usr/local/texlive/2015/texmf-dist/tex/generic/pgf/frontendlayer/tikz/librarie
s/tikzlibrarydecorations.pathmorphing.code.tex
(/usr/local/texlive/2015/texmf-dist/tex/generic/pgf/libraries/decorations/pgfli
brarydecorations.pathmorphing.code.tex))
(/usr/local/texlive/2015/texmf-dist/tex/generic/pgf/frontendlayer/tikz/librarie
s/tikzlibrarydecorations.pathreplacing.code.tex
(/usr/local/texlive/2015/texmf-dist/tex/generic/pgf/libraries/decorations/pgfli
brarydecorations.pathreplacing.code.tex))
\pgfplots@numplots=\count131
\pgfplots@xmin@reg=\dimen173
\pgfplots@xmax@reg=\dimen174
\pgfplots@ymin@reg=\dimen175
\pgfplots@ymax@reg=\dimen176
\pgfplots@zmin@reg=\dimen177
\pgfplots@zmax@reg=\dimen178
)
(/usr/local/texlive/2015/texmf-dist/tex/generic/pgf/frontendlayer/tikz/librarie
s/tikzlibraryplotmarks.code.tex
File: tikzlibraryplotmarks.code.tex 2008/01/09 v3.0.0 (rcs-revision 1.1)

(/usr/local/texlive/2015/texmf-dist/tex/generic/pgf/libraries/pgflibraryplotmar
ks.code.tex
File: pgflibraryplotmarks.code.tex 2013/07/20 v3.0.0 (rcs-revision 1.13)
)))
(/usr/local/texlive/2015/texmf-dist/tex/latex/pgfplots/pgfplotstable.sty
(/usr/local/texlive/2015/texmf-dist/tex/generic/pgfplots/pgfplots.revision.tex)
Package: pgfplotstable 2015/05/02 v1.12.1 Table typesetting and Pretty-printing
 (1.12.1)

(/usr/local/texlive/2015/texmf-dist/tex/generic/pgfplots/numtable/pgfplotstable
.code.tex
(/usr/local/texlive/2015/texmf-dist/tex/generic/pgfplots/numtable/pgfplotstable
.coltype.code.tex))
(/usr/local/texlive/2015/texmf-dist/tex/latex/tools/array.sty
Package: array 2014/10/28 v2.4c Tabular extension package (FMi)
\col@sep=\dimen179
\extrarowheight=\dimen180
\NC@list=\toks36
\extratabsurround=\skip48
\backup@length=\skip49
))
(/usr/local/texlive/2015/texmf-dist/tex/latex/hyperref/hyperref.sty
Package: hyperref 2012/11/06 v6.83m Hypertext links for LaTeX

(/usr/local/texlive/2015/texmf-dist/tex/generic/oberdiek/hobsub-hyperref.sty
Package: hobsub-hyperref 2012/05/28 v1.13 Bundle oberdiek, subset hyperref (HO)


(/usr/local/texlive/2015/texmf-dist/tex/generic/oberdiek/hobsub-generic.sty
Package: hobsub-generic 2012/05/28 v1.13 Bundle oberdiek, subset generic (HO)
Package: hobsub 2012/05/28 v1.13 Construct package bundles (HO)
Package hobsub Info: Skipping package `infwarerr' (already loaded).
Package hobsub Info: Skipping package `ltxcmds' (already loaded).
Package: ifluatex 2010/03/01 v1.3 Provides the ifluatex switch (HO)
Package ifluatex Info: LuaTeX not detected.
Package: ifvtex 2010/03/01 v1.5 Detect VTeX and its facilities (HO)
Package ifvtex Info: VTeX not detected.
Package: intcalc 2007/09/27 v1.1 Expandable calculations with integers (HO)
Package: ifpdf 2011/01/30 v2.3 Provides the ifpdf switch (HO)
Package ifpdf Info: pdfTeX in PDF mode is detected.
Package: etexcmds 2011/02/16 v1.5 Avoid name clashes with e-TeX commands (HO)
Package etexcmds Info: Could not find \expanded.
(etexcmds)             That can mean that you are not using pdfTeX 1.50 or
(etexcmds)             that some package has redefined \expanded.
(etexcmds)             In the latter case, load this package earlier.
Package: kvsetkeys 2012/04/25 v1.16 Key value parser (HO)
Package: kvdefinekeys 2011/04/07 v1.3 Define keys (HO)
Package: pdftexcmds 2011/11/29 v0.20 Utility functions of pdfTeX for LuaTeX (HO
)
Package pdftexcmds Info: LuaTeX not detected.
Package pdftexcmds Info: \pdf@primitive is available.
Package pdftexcmds Info: \pdf@ifprimitive is available.
Package pdftexcmds Info: \pdfdraftmode found.
Package: pdfescape 2011/11/25 v1.13 Implements pdfTeX's escape features (HO)
Package: bigintcalc 2012/04/08 v1.3 Expandable calculations on big integers (HO
)
Package: bitset 2011/01/30 v1.1 Handle bit-vector datatype (HO)
Package: uniquecounter 2011/01/30 v1.2 Provide unlimited unique counter (HO)
)
Package hobsub Info: Skipping package `hobsub' (already loaded).
Package: letltxmacro 2010/09/02 v1.4 Let assignment for LaTeX macros (HO)
Package: hopatch 2012/05/28 v1.2 Wrapper for package hooks (HO)
Package: xcolor-patch 2011/01/30 xcolor patch
Package: atveryend 2011/06/30 v1.8 Hooks at the very end of document (HO)
Package atveryend Info: \enddocument detected (standard20110627).
Package: atbegshi 2011/10/05 v1.16 At begin shipout hook (HO)
Package: refcount 2011/10/16 v3.4 Data extraction from label references (HO)
Package: hycolor 2011/01/30 v1.7 Color options for hyperref/bookmark (HO)
)
(/usr/local/texlive/2015/texmf-dist/tex/generic/ifxetex/ifxetex.sty
Package: ifxetex 2010/09/12 v0.6 Provides ifxetex conditional
)
(/usr/local/texlive/2015/texmf-dist/tex/latex/oberdiek/auxhook.sty
Package: auxhook 2011/03/04 v1.3 Hooks for auxiliary files (HO)
)
(/usr/local/texlive/2015/texmf-dist/tex/latex/oberdiek/kvoptions.sty
Package: kvoptions 2011/06/30 v3.11 Key value format for package options (HO)
)
\@linkdim=\dimen181
\Hy@linkcounter=\count132
\Hy@pagecounter=\count133

(/usr/local/texlive/2015/texmf-dist/tex/latex/hyperref/pd1enc.def
File: pd1enc.def 2012/11/06 v6.83m Hyperref: PDFDocEncoding definition (HO)
)
\Hy@SavedSpaceFactor=\count134

(/usr/local/texlive/2015/texmf-dist/tex/latex/latexconfig/hyperref.cfg
File: hyperref.cfg 2002/06/06 v1.2 hyperref configuration of TeXLive
)
Package hyperref Info: Option `breaklinks' set `true' on input line 4319.


Package hyperref Warning: Option `letterpaper' is no longer used.

Package hyperref Info: Option `colorlinks' set `true' on input line 4319.
Package hyperref Info: Option `bookmarks' set `false' on input line 4319.
Package hyperref Info: Hyper figures OFF on input line 4443.
Package hyperref Info: Link nesting OFF on input line 4448.
Package hyperref Info: Hyper index ON on input line 4451.
Package hyperref Info: Plain pages OFF on input line 4458.
Package hyperref Info: Backreferencing ON on input line 4461.
Package hyperref Info: Implicit mode ON; LaTeX internals redefined.
Package hyperref Info: Bookmarks OFF on input line 4694.
(/usr/local/texlive/2015/texmf-dist/tex/latex/hyperref/backref.sty
Package: backref 2012/07/25 v1.38 Bibliographical back referencing

(/usr/local/texlive/2015/texmf-dist/tex/latex/oberdiek/rerunfilecheck.sty
Package: rerunfilecheck 2011/04/15 v1.7 Rerun checks for auxiliary files (HO)
Package uniquecounter Info: New unique counter `rerunfilecheck' on input line 2
82.
))
\c@Hy@tempcnt=\count135

(/usr/local/texlive/2015/texmf-dist/tex/latex/url/url.sty
\Urlmuskip=\muskip11
Package: url 2013/09/16  ver 3.4  Verb mode for urls, etc.
)
LaTeX Info: Redefining \url on input line 5041.
\XeTeXLinkMargin=\dimen182
\Fld@menulength=\count136
\Field@Width=\dimen183
\Fld@charsize=\dimen184
Package hyperref Info: Hyper figures OFF on input line 6295.
Package hyperref Info: Link nesting OFF on input line 6300.
Package hyperref Info: Hyper index ON on input line 6303.
Package hyperref Info: backreferencing ON on input line 6308.
Package hyperref Info: Link coloring ON on input line 6313.
Package hyperref Info: Link coloring with OCG OFF on input line 6320.
Package hyperref Info: PDF/A mode OFF on input line 6325.
LaTeX Info: Redefining \ref on input line 6365.
LaTeX Info: Redefining \pageref on input line 6369.
\Hy@abspage=\count137
\c@Item=\count138
\c@Hfootnote=\count139
)

Package hyperref Message: Driver (autodetected): hpdftex.

(/usr/local/texlive/2015/texmf-dist/tex/latex/hyperref/hpdftex.def
File: hpdftex.def 2012/11/06 v6.83m Hyperref driver for pdfTeX
\Fld@listcount=\count140
\c@bookmark@seq@number=\count141
\Hy@SectionHShift=\skip50
)
(/usr/local/texlive/2015/texmf-dist/tex/latex/algorithms/algorithmic.sty
Package: algorithmic 2009/08/24 v0.1 Document Style `algorithmic'

(/usr/local/texlive/2015/texmf-dist/tex/latex/base/ifthen.sty
Package: ifthen 2014/09/29 v1.1c Standard LaTeX ifthen package (DPC)
)
\c@ALC@unique=\count142
\c@ALC@line=\count143
\c@ALC@rem=\count144
\c@ALC@depth=\count145
\ALC@tlm=\skip51
\algorithmicindent=\skip52
)
(/usr/local/texlive/2015/texmf-dist/tex/latex/algorithms/algorithm.sty
Package: algorithm 2009/08/24 v0.1 Document Style `algorithm' - floating enviro
nment

(/usr/local/texlive/2015/texmf-dist/tex/latex/float/float.sty
Package: float 2001/11/08 v1.3d Float enhancements (AL)
\c@float@type=\count146
\float@exts=\toks37
\float@box=\box42
\@float@everytoks=\toks38
\@floatcapt=\box43
)
\@float@every@algorithm=\toks39
\c@algorithm=\count147
)
(/usr/local/texlive/2015/texmf-dist/tex/latex/bbm-macros/bbm.sty
Package: bbm 1999/03/15 V 1.2 provides fonts for set symbols - TH
LaTeX Font Info:    Overwriting math alphabet `\mathbbm' in version `bold'
(Font)                  U/bbm/m/n --> U/bbm/bx/n on input line 33.
LaTeX Font Info:    Overwriting math alphabet `\mathbbmss' in version `bold'
(Font)                  U/bbmss/m/n --> U/bbmss/bx/n on input line 35.
) (./final.aux)
\openout1 = `final.aux'.

LaTeX Font Info:    Checking defaults for OML/cmm/m/it on input line 38.
LaTeX Font Info:    ... okay on input line 38.
LaTeX Font Info:    Checking defaults for T1/cmr/m/n on input line 38.
LaTeX Font Info:    ... okay on input line 38.
LaTeX Font Info:    Checking defaults for OT1/cmr/m/n on input line 38.
LaTeX Font Info:    ... okay on input line 38.
LaTeX Font Info:    Checking defaults for OMS/cmsy/m/n on input line 38.
LaTeX Font Info:    ... okay on input line 38.
LaTeX Font Info:    Checking defaults for OMX/cmex/m/n on input line 38.
LaTeX Font Info:    ... okay on input line 38.
LaTeX Font Info:    Checking defaults for U/cmr/m/n on input line 38.
LaTeX Font Info:    ... okay on input line 38.
LaTeX Font Info:    Checking defaults for PD1/pdf/m/n on input line 38.
LaTeX Font Info:    ... okay on input line 38.
LaTeX Font Info:    Try loading font information for OT1+ptm on input line 38.
(/usr/local/texlive/2015/texmf-dist/tex/latex/psnfss/ot1ptm.fd
File: ot1ptm.fd 2001/06/04 font definitions for OT1/ptm.
)
ABD: EveryShipout initializing macros
(/usr/local/texlive/2015/texmf-dist/tex/context/base/supp-pdf.mkii
[Loading MPS to PDF converter (version 2006.09.02).]
\scratchcounter=\count148
\scratchdimen=\dimen185
\scratchbox=\box44
\nofMPsegments=\count149
\nofMParguments=\count150
\everyMPshowfont=\toks40
\MPscratchCnt=\count151
\MPscratchDim=\dimen186
\MPnumerator=\count152
\makeMPintoPDFobject=\count153
\everyMPtoPDFconversion=\toks41
) (/usr/local/texlive/2015/texmf-dist/tex/latex/oberdiek/epstopdf-base.sty
Package: epstopdf-base 2010/02/09 v2.5 Base part for package epstopdf

(/usr/local/texlive/2015/texmf-dist/tex/latex/oberdiek/grfext.sty
Package: grfext 2010/08/19 v1.1 Manage graphics extensions (HO)
)
Package grfext Info: Graphics extension search list:
(grfext)             [.png,.pdf,.jpg,.mps,.jpeg,.jbig2,.jb2,.PNG,.PDF,.JPG,.JPE
G,.JBIG2,.JB2,.eps]
(grfext)             \AppendGraphicsExtensions on input line 452.

(/usr/local/texlive/2015/texmf-dist/tex/latex/latexconfig/epstopdf-sys.cfg
File: epstopdf-sys.cfg 2010/07/13 v1.3 Configuration of (r)epstopdf for TeX Liv
e
))
Package pgfplots notification 'compat/show suggested version=true': document ha
s been generated with the most recent feature set (\pgfplotsset{compat=1.12}).

\AtBeginShipoutBox=\box45
Package hyperref Info: Link coloring ON on input line 38.
(/usr/local/texlive/2015/texmf-dist/tex/latex/hyperref/nameref.sty
Package: nameref 2012/10/27 v2.43 Cross-referencing by name of section

(/usr/local/texlive/2015/texmf-dist/tex/generic/oberdiek/gettitlestring.sty
Package: gettitlestring 2010/12/03 v1.4 Cleanup title references (HO)
)
\c@section@level=\count154
)
LaTeX Info: Redefining \ref on input line 38.
LaTeX Info: Redefining \pageref on input line 38.
LaTeX Info: Redefining \nameref on input line 38.
LaTeX Font Info:    Font shape `OT1/ptm/bx/n' in size <14.4> not available
(Font)              Font shape `OT1/ptm/b/n' tried instead on input line 71.
LaTeX Font Info:    Try loading font information for U+msa on input line 71.

(/usr/local/texlive/2015/texmf-dist/tex/latex/amsfonts/umsa.fd
File: umsa.fd 2013/01/14 v3.01 AMS symbols A
)
LaTeX Font Info:    Try loading font information for U+msb on input line 71.

(/usr/local/texlive/2015/texmf-dist/tex/latex/amsfonts/umsb.fd
File: umsb.fd 2013/01/14 v3.01 AMS symbols B
)
LaTeX Font Info:    Try loading font information for OT1+pcr on input line 71.

(/usr/local/texlive/2015/texmf-dist/tex/latex/psnfss/ot1pcr.fd
File: ot1pcr.fd 2001/06/04 font definitions for OT1/pcr.
)
LaTeX Font Info:    Try loading font information for OMS+pcr on input line 71.

(/usr/local/texlive/2015/texmf-dist/tex/latex/psnfss/omspcr.fd
File: omspcr.fd 
)
LaTeX Font Info:    Font shape `OMS/pcr/m/n' in size <9> not available
(Font)              Font shape `OMS/cmsy/m/n' tried instead on input line 71.
 (./abstract.tex
LaTeX Font Info:    Font shape `OT1/ptm/bx/n' in size <12> not available
(Font)              Font shape `OT1/ptm/b/n' tried instead on input line 1.
LaTeX Font Info:    Font shape `OT1/ptm/bx/it' in size <10> not available
(Font)              Font shape `OT1/ptm/b/it' tried instead on input line 20.
) (./intro.tex
<fig/aligned_lions/cropped_image.jpg, id=21, 382.42876pt x 256.96pt>
File: fig/aligned_lions/cropped_image.jpg Graphic file (type jpg)

<use fig/aligned_lions/cropped_image.jpg>
Package pdftex.def Info: fig/aligned_lions/cropped_image.jpg used on input line
 28.
(pdftex.def)             Requested size: 56.91393pt x 38.24042pt.

<fig/aligned_lions/mcg_underseg.png, id=22, 382.42876pt x 256.96pt>
File: fig/aligned_lions/mcg_underseg.png Graphic file (type png)

<use fig/aligned_lions/mcg_underseg.png>
Package pdftex.def Info: fig/aligned_lions/mcg_underseg.png used on input line 
31.
(pdftex.def)             Requested size: 56.91393pt x 38.24042pt.

<fig/aligned_lions/mcg_our_underseg.png, id=23, 382.42876pt x 256.96pt>
File: fig/aligned_lions/mcg_our_underseg.png Graphic file (type png)

<use fig/aligned_lions/mcg_our_underseg.png>
Package pdftex.def Info: fig/aligned_lions/mcg_our_underseg.png used on input l
ine 32.
(pdftex.def)             Requested size: 56.91393pt x 38.24042pt.

<fig/aligned_lions/mcg_mid.png, id=24, 382.42876pt x 256.96pt>
File: fig/aligned_lions/mcg_mid.png Graphic file (type png)

<use fig/aligned_lions/mcg_mid.png>
Package pdftex.def Info: fig/aligned_lions/mcg_mid.png used on input line 35.
(pdftex.def)             Requested size: 56.91393pt x 38.24042pt.

<fig/aligned_lions/mcg_our_good.png, id=25, 382.42876pt x 256.96pt>
File: fig/aligned_lions/mcg_our_good.png Graphic file (type png)

<use fig/aligned_lions/mcg_our_good.png>
Package pdftex.def Info: fig/aligned_lions/mcg_our_good.png used on input line 
36.
(pdftex.def)             Requested size: 56.91393pt x 38.24042pt.

<fig/aligned_lions/mcg_overseg.png, id=26, 382.42876pt x 256.96pt>
File: fig/aligned_lions/mcg_overseg.png Graphic file (type png)

<use fig/aligned_lions/mcg_overseg.png>
Package pdftex.def Info: fig/aligned_lions/mcg_overseg.png used on input line 3
9.
(pdftex.def)             Requested size: 56.91393pt x 38.24042pt.

<fig/aligned_lions/mcg_our_overseg.png, id=27, 382.42876pt x 256.96pt>
File: fig/aligned_lions/mcg_our_overseg.png Graphic file (type png)

<use fig/aligned_lions/mcg_our_overseg.png>
Package pdftex.def Info: fig/aligned_lions/mcg_our_overseg.png used on input li
ne 40.
(pdftex.def)             Requested size: 56.91393pt x 38.24042pt.
LaTeX Font Info:    Font shape `OT1/ptm/bx/n' in size <9> not available
(Font)              Font shape `OT1/ptm/b/n' tried instead on input line 46.

<fig/hierarchy.pdf, id=29, 3028.6752pt x 822.96663pt>
File: fig/hierarchy.pdf Graphic file (type pdf)
 <use fig/hierarchy.pdf>
Package pdftex.def Info: fig/hierarchy.pdf used on input line 66.
(pdftex.def)             Requested size: 496.85625pt x 135.00507pt.

[1{/usr/local/texlive/2015/texmf-var/fonts/map/pdftex/updmap/pdftex.map}


pdfTeX warning (ext4): destination with the same identifier (name{figure.1}) ha
s been already used, duplicate ignored

\@EveryShipout@Output ...@Org@Shipout \box \@cclv 
                                                  
l.79 
      <./fig/aligned_lions/cropped_image.jpg> <./fig/aligned_lions/mcg_underseg
.png (PNG copy)> <./fig/aligned_lions/mcg_our_underseg.png (PNG copy)> <./fig/a
ligned_lions/mcg_mid.png (PNG copy)> <./fig/aligned_lions/mcg_our_good.png (PNG
 copy)> <./fig/aligned_lions/mcg_overseg.png (PNG copy)> <./fig/aligned_lions/m
cg_our_overseg.png (PNG copy)>]) (./related.tex
LaTeX Font Info:    Font shape `OT1/ptm/bx/n' in size <10> not available
(Font)              Font shape `OT1/ptm/b/n' tried instead on input line 4.
 [2pdfTeX warning (ext4): destination with the same identifier (name{figure.2})
 has been already used, duplicate ignored

\@EveryShipout@Output ...@Org@Shipout \box \@cclv 
                                                  
l.31 
      <./fig/hierarchy.pdf>]
Underfull \hbox (badness 6825) in paragraph at lines 36--49
 []\OT1/ptm/b/n/10 Predicting Seg-men-ta-tion Qual-ity by Clas-si-fi-ca-tion[]
 []


LaTeX Warning: Citation `Klodt2013' on page 3 undefined on input line 56.

) (./flat_hier.tex <fig/illu.png, id=131, 765.86125pt x 301.125pt>
File: fig/illu.png Graphic file (type png)

<use fig/illu.png>
Package pdftex.def Info: fig/illu.png used on input line 20.
(pdftex.def)             Requested size: 198.73946pt x 78.13902pt.
LaTeX Font Info:    Try loading font information for U+bbm on input line 104.

(/usr/local/texlive/2015/texmf-dist/tex/latex/bbm-macros/ubbm.fd
File: ubbm.fd 1999/03/15 V 1.2 Font definition for bbm font - TH
)
Underfull \vbox (badness 10000) has occurred while \output is active []

 [3pdfTeX warning (ext4): destination with the same identifier (name{figure.3})
 has been already used, duplicate ignored

\@EveryShipout@Output ...@Org@Shipout \box \@cclv 
                                                  
l.105 \end{equation}
                     <./fig/illu.png>]
Package hyperref Info: bookmark level for unknown algorithm defaults to 0 on in
put line 179.

Underfull \hbox (badness 10000) in paragraph at lines 189--190
[] []$\OML/cmm/m/it/10 E[] \OMS/cmsy/m/n/10   \OML/cmm/m/it/10 min\OT1/cmr/m/n/
10 ([][] \OML/cmm/m/it/10 E[] \OT1/cmr/m/n/10 + \OML/cmm/m/it/10 ^^U \OMS/cmsy/
m/n/10 ^^A \OT1/cmr/m/n/10 #(\OML/cmm/m/it/10 v[]\OT1/cmr/m/n/10 ) \OMS/cmsy/m/
n/10 ^^A
 []

[4]) (./result.tex
LaTeX Font Info:    Try loading font information for OMS+ptm on input line 38.

(/usr/local/texlive/2015/texmf-dist/tex/latex/psnfss/omsptm.fd
File: omsptm.fd 
)
LaTeX Font Info:    Font shape `OMS/ptm/m/n' in size <10> not available
(Font)              Font shape `OMS/cmsy/m/n' tried instead on input line 38.
 [5]
Overfull \hbox (11.29648pt too wide) in paragraph at lines 168--201
 [] 
 []


Underfull \vbox (badness 1533) has occurred while \output is active []


Overfull \hbox (11.2994pt too wide) in paragraph at lines 221--250
 [] 
 []

<fig/vis/stack_1.png, id=253, 2172.61688pt x 1135.24126pt>
File: fig/vis/stack_1.png Graphic file (type png)

<use fig/vis/stack_1.png>
Package pdftex.def Info: fig/vis/stack_1.png used on input line 259.
(pdftex.def)             Requested size: 483.69684pt x 252.73329pt.

<fig/vis/stack_2.png, id=254, 2172.61688pt x 1135.24126pt>
File: fig/vis/stack_2.png Graphic file (type png)

<use fig/vis/stack_2.png>
Package pdftex.def Info: fig/vis/stack_2.png used on input line 260.
(pdftex.def)             Requested size: 483.69684pt x 252.73329pt.
PGFPlots: reading {data/BSDS500_val_A-MCG_qual_vs_nregs.txt}
PGFPlots: reading {data/BSDS500_val_MCG_qual_vs_nregs.txt}
PGFPlots: reading {data/BSDS500_val_A-SCG_qual_vs_nregs.txt}
PGFPlots: reading {data/BSDS500_val_SCG_qual_vs_nregs.txt}
PGFPlots: reading {data/BSDS500_val_A-gPb-UCM_qual_vs_nregs.txt}
PGFPlots: reading {data/BSDS500_val_gPb-UCM_qual_vs_nregs.txt}
PGFPlots: reading {data/BSDS500_val_A-PMI_qual_vs_nregs.txt}
PGFPlots: reading {data/BSDS500_val_PMI2_qual_vs_nregs.txt}
PGFPlots: reading {data/Pascal_Segmentation_val_2012_A-MCG3_qual_vs_nregs.txt}
PGFPlots: reading {data/Pascal_Segmentation_val_2012_MCG_qual_vs_nregs.txt}
PGFPlots: reading {data/COCO_val2014_A-MCG_qual_vs_nregs.txt}
PGFPlots: reading {data/COCO_val2014_MCG_qual_vs_nregs.txt}

<fig/visual_result/visual_result_1_1.png, id=255, 482.80376pt x 322.20375pt>
File: fig/visual_result/visual_result_1_1.png Graphic file (type png)

<use fig/visual_result/visual_result_1_1.png>
Package pdftex.def Info: fig/visual_result/visual_result_1_1.png used on input 
line 374.
(pdftex.def)             Requested size: 56.9055pt x 37.97447pt.

<fig/visual_result/visual_result_1_2.png, id=256, 482.80376pt x 322.20375pt>
File: fig/visual_result/visual_result_1_2.png Graphic file (type png)

<use fig/visual_result/visual_result_1_2.png>
Package pdftex.def Info: fig/visual_result/visual_result_1_2.png used on input 
line 375.
(pdftex.def)             Requested size: 56.9055pt x 37.97447pt.

<fig/visual_result/visual_result_1_3.png, id=257, 482.80376pt x 322.20375pt>
File: fig/visual_result/visual_result_1_3.png Graphic file (type png)

<use fig/visual_result/visual_result_1_3.png>
Package pdftex.def Info: fig/visual_result/visual_result_1_3.png used on input 
line 376.
(pdftex.def)             Requested size: 56.9055pt x 37.97447pt.

<fig/visual_result/visual_result_1_4.png, id=258, 482.80376pt x 322.20375pt>
File: fig/visual_result/visual_result_1_4.png Graphic file (type png)

<use fig/visual_result/visual_result_1_4.png>
Package pdftex.def Info: fig/visual_result/visual_result_1_4.png used on input 
line 377.
(pdftex.def)             Requested size: 56.9055pt x 37.97447pt.

<fig/visual_result/visual_result_1_5.png, id=259, 482.80376pt x 322.20375pt>
File: fig/visual_result/visual_result_1_5.png Graphic file (type png)

<use fig/visual_result/visual_result_1_5.png>
Package pdftex.def Info: fig/visual_result/visual_result_1_5.png used on input 
line 378.
(pdftex.def)             Requested size: 56.9055pt x 37.97447pt.

<fig/visual_result/visual_result_1_6.png, id=260, 482.80376pt x 322.20375pt>
File: fig/visual_result/visual_result_1_6.png Graphic file (type png)

<use fig/visual_result/visual_result_1_6.png>
Package pdftex.def Info: fig/visual_result/visual_result_1_6.png used on input 
line 379.
(pdftex.def)             Requested size: 56.9055pt x 37.97447pt.

<fig/visual_result/visual_result_1_7.png, id=261, 482.80376pt x 322.20375pt>
File: fig/visual_result/visual_result_1_7.png Graphic file (type png)

<use fig/visual_result/visual_result_1_7.png>
Package pdftex.def Info: fig/visual_result/visual_result_1_7.png used on input 
line 380.
(pdftex.def)             Requested size: 56.9055pt x 37.97447pt.

<fig/visual_result/visual_result_2_1.png, id=262, 482.80376pt x 322.20375pt>
File: fig/visual_result/visual_result_2_1.png Graphic file (type png)

<use fig/visual_result/visual_result_2_1.png>
Package pdftex.def Info: fig/visual_result/visual_result_2_1.png used on input 
line 382.
(pdftex.def)             Requested size: 56.9055pt x 37.97447pt.

<fig/visual_result/visual_result_2_2.png, id=263, 482.80376pt x 322.20375pt>
File: fig/visual_result/visual_result_2_2.png Graphic file (type png)

<use fig/visual_result/visual_result_2_2.png>
Package pdftex.def Info: fig/visual_result/visual_result_2_2.png used on input 
line 383.
(pdftex.def)             Requested size: 56.9055pt x 37.97447pt.

<fig/visual_result/visual_result_2_3.png, id=264, 482.80376pt x 322.20375pt>
File: fig/visual_result/visual_result_2_3.png Graphic file (type png)

<use fig/visual_result/visual_result_2_3.png>
Package pdftex.def Info: fig/visual_result/visual_result_2_3.png used on input 
line 384.
(pdftex.def)             Requested size: 56.9055pt x 37.97447pt.

<fig/visual_result/visual_result_2_4.png, id=265, 482.80376pt x 322.20375pt>
File: fig/visual_result/visual_result_2_4.png Graphic file (type png)

<use fig/visual_result/visual_result_2_4.png>
Package pdftex.def Info: fig/visual_result/visual_result_2_4.png used on input 
line 385.
(pdftex.def)             Requested size: 56.9055pt x 37.97447pt.

<fig/visual_result/visual_result_2_5.png, id=266, 482.80376pt x 322.20375pt>
File: fig/visual_result/visual_result_2_5.png Graphic file (type png)

<use fig/visual_result/visual_result_2_5.png>
Package pdftex.def Info: fig/visual_result/visual_result_2_5.png used on input 
line 386.
(pdftex.def)             Requested size: 56.9055pt x 37.97447pt.

<fig/visual_result/visual_result_2_6.png, id=267, 482.80376pt x 322.20375pt>
File: fig/visual_result/visual_result_2_6.png Graphic file (type png)

<use fig/visual_result/visual_result_2_6.png>
Package pdftex.def Info: fig/visual_result/visual_result_2_6.png used on input 
line 387.
(pdftex.def)             Requested size: 56.9055pt x 37.97447pt.

<fig/visual_result/visual_result_2_7.png, id=268, 482.80376pt x 322.20375pt>
File: fig/visual_result/visual_result_2_7.png Graphic file (type png)

<use fig/visual_result/visual_result_2_7.png>
Package pdftex.def Info: fig/visual_result/visual_result_2_7.png used on input 
line 388.
(pdftex.def)             Requested size: 56.9055pt x 37.97447pt.

<fig/visual_result/visual_result_3_1.png, id=269, 482.80376pt x 322.20375pt>
File: fig/visual_result/visual_result_3_1.png Graphic file (type png)

<use fig/visual_result/visual_result_3_1.png>
Package pdftex.def Info: fig/visual_result/visual_result_3_1.png used on input 
line 390.
(pdftex.def)             Requested size: 56.9055pt x 37.97447pt.

<fig/visual_result/visual_result_3_2.png, id=270, 482.80376pt x 322.20375pt>
File: fig/visual_result/visual_result_3_2.png Graphic file (type png)

<use fig/visual_result/visual_result_3_2.png>
Package pdftex.def Info: fig/visual_result/visual_result_3_2.png used on input 
line 391.
(pdftex.def)             Requested size: 56.9055pt x 37.97447pt.

<fig/visual_result/visual_result_3_3.png, id=271, 482.80376pt x 322.20375pt>
File: fig/visual_result/visual_result_3_3.png Graphic file (type png)

<use fig/visual_result/visual_result_3_3.png>
Package pdftex.def Info: fig/visual_result/visual_result_3_3.png used on input 
line 392.
(pdftex.def)             Requested size: 56.9055pt x 37.97447pt.

<fig/visual_result/visual_result_3_4.png, id=272, 482.80376pt x 322.20375pt>
File: fig/visual_result/visual_result_3_4.png Graphic file (type png)

<use fig/visual_result/visual_result_3_4.png>
Package pdftex.def Info: fig/visual_result/visual_result_3_4.png used on input 
line 393.
(pdftex.def)             Requested size: 56.9055pt x 37.97447pt.

<fig/visual_result/visual_result_3_5.png, id=273, 482.80376pt x 322.20375pt>
File: fig/visual_result/visual_result_3_5.png Graphic file (type png)

<use fig/visual_result/visual_result_3_5.png>
Package pdftex.def Info: fig/visual_result/visual_result_3_5.png used on input 
line 394.
(pdftex.def)             Requested size: 56.9055pt x 37.97447pt.

<fig/visual_result/visual_result_3_6.png, id=274, 482.80376pt x 322.20375pt>
File: fig/visual_result/visual_result_3_6.png Graphic file (type png)

<use fig/visual_result/visual_result_3_6.png>
Package pdftex.def Info: fig/visual_result/visual_result_3_6.png used on input 
line 395.
(pdftex.def)             Requested size: 56.9055pt x 37.97447pt.

<fig/visual_result/visual_result_3_7.png, id=275, 482.80376pt x 322.20375pt>
File: fig/visual_result/visual_result_3_7.png Graphic file (type png)

<use fig/visual_result/visual_result_3_7.png>
Package pdftex.def Info: fig/visual_result/visual_result_3_7.png used on input 
line 396.
(pdftex.def)             Requested size: 56.9055pt x 37.97447pt.

<fig/visual_result/visual_result_4_1.png, id=276, 482.80376pt x 322.20375pt>
File: fig/visual_result/visual_result_4_1.png Graphic file (type png)

<use fig/visual_result/visual_result_4_1.png>
Package pdftex.def Info: fig/visual_result/visual_result_4_1.png used on input 
line 398.
(pdftex.def)             Requested size: 56.9055pt x 37.97447pt.

<fig/visual_result/visual_result_4_2.png, id=277, 482.80376pt x 322.20375pt>
File: fig/visual_result/visual_result_4_2.png Graphic file (type png)

<use fig/visual_result/visual_result_4_2.png>
Package pdftex.def Info: fig/visual_result/visual_result_4_2.png used on input 
line 399.
(pdftex.def)             Requested size: 56.9055pt x 37.97447pt.

<fig/visual_result/visual_result_4_3.png, id=278, 482.80376pt x 322.20375pt>
File: fig/visual_result/visual_result_4_3.png Graphic file (type png)

<use fig/visual_result/visual_result_4_3.png>
Package pdftex.def Info: fig/visual_result/visual_result_4_3.png used on input 
line 400.
(pdftex.def)             Requested size: 56.9055pt x 37.97447pt.

<fig/visual_result/visual_result_4_4.png, id=279, 482.80376pt x 322.20375pt>
File: fig/visual_result/visual_result_4_4.png Graphic file (type png)

<use fig/visual_result/visual_result_4_4.png>
Package pdftex.def Info: fig/visual_result/visual_result_4_4.png used on input 
line 401.
(pdftex.def)             Requested size: 56.9055pt x 37.97447pt.

<fig/visual_result/visual_result_4_5.png, id=280, 482.80376pt x 322.20375pt>
File: fig/visual_result/visual_result_4_5.png Graphic file (type png)

<use fig/visual_result/visual_result_4_5.png>
Package pdftex.def Info: fig/visual_result/visual_result_4_5.png used on input 
line 402.
(pdftex.def)             Requested size: 56.9055pt x 37.97447pt.

<fig/visual_result/visual_result_4_6.png, id=281, 482.80376pt x 322.20375pt>
File: fig/visual_result/visual_result_4_6.png Graphic file (type png)

<use fig/visual_result/visual_result_4_6.png>
Package pdftex.def Info: fig/visual_result/visual_result_4_6.png used on input 
line 403.
(pdftex.def)             Requested size: 56.9055pt x 37.97447pt.

<fig/visual_result/visual_result_4_7.png, id=282, 482.80376pt x 322.20375pt>
File: fig/visual_result/visual_result_4_7.png Graphic file (type png)

<use fig/visual_result/visual_result_4_7.png>
Package pdftex.def Info: fig/visual_result/visual_result_4_7.png used on input 
line 404.
(pdftex.def)             Requested size: 56.9055pt x 37.97447pt.

<fig/visual_result/visual_result_5_1.png, id=283, 482.80376pt x 322.20375pt>
File: fig/visual_result/visual_result_5_1.png Graphic file (type png)

<use fig/visual_result/visual_result_5_1.png>
Package pdftex.def Info: fig/visual_result/visual_result_5_1.png used on input 
line 406.
(pdftex.def)             Requested size: 56.9055pt x 37.97447pt.

<fig/visual_result/visual_result_5_2.png, id=284, 482.80376pt x 322.20375pt>
File: fig/visual_result/visual_result_5_2.png Graphic file (type png)

<use fig/visual_result/visual_result_5_2.png>
Package pdftex.def Info: fig/visual_result/visual_result_5_2.png used on input 
line 407.
(pdftex.def)             Requested size: 56.9055pt x 37.97447pt.

<fig/visual_result/visual_result_5_3.png, id=285, 482.80376pt x 322.20375pt>
File: fig/visual_result/visual_result_5_3.png Graphic file (type png)

<use fig/visual_result/visual_result_5_3.png>
Package pdftex.def Info: fig/visual_result/visual_result_5_3.png used on input 
line 408.
(pdftex.def)             Requested size: 56.9055pt x 37.97447pt.

<fig/visual_result/visual_result_5_4.png, id=286, 482.80376pt x 322.20375pt>
File: fig/visual_result/visual_result_5_4.png Graphic file (type png)

<use fig/visual_result/visual_result_5_4.png>
Package pdftex.def Info: fig/visual_result/visual_result_5_4.png used on input 
line 409.
(pdftex.def)             Requested size: 56.9055pt x 37.97447pt.

<fig/visual_result/visual_result_5_5.png, id=287, 482.80376pt x 322.20375pt>
File: fig/visual_result/visual_result_5_5.png Graphic file (type png)

<use fig/visual_result/visual_result_5_5.png>
Package pdftex.def Info: fig/visual_result/visual_result_5_5.png used on input 
line 410.
(pdftex.def)             Requested size: 56.9055pt x 37.97447pt.

<fig/visual_result/visual_result_5_6.png, id=288, 482.80376pt x 322.20375pt>
File: fig/visual_result/visual_result_5_6.png Graphic file (type png)

<use fig/visual_result/visual_result_5_6.png>
Package pdftex.def Info: fig/visual_result/visual_result_5_6.png used on input 
line 411.
(pdftex.def)             Requested size: 56.9055pt x 37.97447pt.

<fig/visual_result/visual_result_5_7.png, id=289, 482.80376pt x 322.20375pt>
File: fig/visual_result/visual_result_5_7.png Graphic file (type png)

<use fig/visual_result/visual_result_5_7.png>
Package pdftex.def Info: fig/visual_result/visual_result_5_7.png used on input 
line 412.
(pdftex.def)             Requested size: 56.9055pt x 37.97447pt.

<fig/visual_result/visual_result_6_1.png, id=290, 322.20375pt x 482.80376pt>
File: fig/visual_result/visual_result_6_1.png Graphic file (type png)

<use fig/visual_result/visual_result_6_1.png>
Package pdftex.def Info: fig/visual_result/visual_result_6_1.png used on input 
line 414.
(pdftex.def)             Requested size: 56.9055pt x 85.26546pt.

<fig/visual_result/visual_result_6_2.png, id=291, 322.20375pt x 482.80376pt>
File: fig/visual_result/visual_result_6_2.png Graphic file (type png)

<use fig/visual_result/visual_result_6_2.png>
Package pdftex.def Info: fig/visual_result/visual_result_6_2.png used on input 
line 415.
(pdftex.def)             Requested size: 56.9055pt x 85.26546pt.

<fig/visual_result/visual_result_6_3.png, id=292, 322.20375pt x 482.80376pt>
File: fig/visual_result/visual_result_6_3.png Graphic file (type png)

<use fig/visual_result/visual_result_6_3.png>
Package pdftex.def Info: fig/visual_result/visual_result_6_3.png used on input 
line 416.
(pdftex.def)             Requested size: 56.9055pt x 85.26546pt.

<fig/visual_result/visual_result_6_4.png, id=293, 322.20375pt x 482.80376pt>
File: fig/visual_result/visual_result_6_4.png Graphic file (type png)

<use fig/visual_result/visual_result_6_4.png>
Package pdftex.def Info: fig/visual_result/visual_result_6_4.png used on input 
line 417.
(pdftex.def)             Requested size: 56.9055pt x 85.26546pt.

<fig/visual_result/visual_result_6_5.png, id=294, 322.20375pt x 482.80376pt>
File: fig/visual_result/visual_result_6_5.png Graphic file (type png)

<use fig/visual_result/visual_result_6_5.png>
Package pdftex.def Info: fig/visual_result/visual_result_6_5.png used on input 
line 418.
(pdftex.def)             Requested size: 56.9055pt x 85.26546pt.

<fig/visual_result/visual_result_6_6.png, id=295, 322.20375pt x 482.80376pt>
File: fig/visual_result/visual_result_6_6.png Graphic file (type png)

<use fig/visual_result/visual_result_6_6.png>
Package pdftex.def Info: fig/visual_result/visual_result_6_6.png used on input 
line 419.
(pdftex.def)             Requested size: 56.9055pt x 85.26546pt.

<fig/visual_result/visual_result_6_7.png, id=296, 322.20375pt x 482.80376pt>
File: fig/visual_result/visual_result_6_7.png Graphic file (type png)

<use fig/visual_result/visual_result_6_7.png>
Package pdftex.def Info: fig/visual_result/visual_result_6_7.png used on input 
line 420.
(pdftex.def)             Requested size: 56.9055pt x 85.26546pt.
 [6pdfTeX warning (ext4): destination with the same identifier (name{table.1}) 
has been already used, duplicate ignored

\@EveryShipout@Output ...@Org@Shipout \box \@cclv 
                                                  
l.440 
      pdfTeX warning (ext4): destination with the same identifier (name{table.2
}) has been already used, duplicate ignored

\@EveryShipout@Output ...@Org@Shipout \box \@cclv 
                                                  
l.440 
      ]
Underfull \vbox (badness 10000) has occurred while \output is active []


Underfull \vbox (badness 10000) has occurred while \output is active []

 [7pdfTeX warning (ext4): destination with the same identifier (name{figure.4})
 has been already used, duplicate ignored

\@EveryShipout@Output ...@Org@Shipout \box \@cclv 
                                                  
l.455 
       <./fig/vis/stack_1.png> <./fig/vis/stack_2.png>]
Underfull \vbox (badness 2884) has occurred while \output is active []


Underfull \vbox (badness 10000) has occurred while \output is active []

 [8pdfTeX warning (ext4): destination with the same identifier (name{figure.5})
 has been already used, duplicate ignored

\@EveryShipout@Output ...@Org@Shipout \box \@cclv 
                                                  
l.457 
      pdfTeX warning (ext4): destination with the same identifier (name{figure.
6}) has been already used, duplicate ignored

\@EveryShipout@Output ...@Org@Shipout \box \@cclv 
                                                  
l.457 
       <./fig/visual_result/visual_result_1_1.png (PNG copy)> <./fig/visual_res
ult/visual_result_1_2.png (PNG copy)> <./fig/visual_result/visual_result_1_3.pn
g (PNG copy)> <./fig/visual_result/visual_result_1_4.png (PNG copy)> <./fig/vis
ual_result/visual_result_1_5.png (PNG copy)> <./fig/visual_result/visual_result
_1_6.png (PNG copy)> <./fig/visual_result/visual_result_1_7.png (PNG copy)> <./
fig/visual_result/visual_result_2_1.png (PNG copy)> <./fig/visual_result/visual
_result_2_2.png (PNG copy)> <./fig/visual_result/visual_result_2_3.png (PNG cop
y)> <./fig/visual_result/visual_result_2_4.png (PNG copy)> <./fig/visual_result
/visual_result_2_5.png (PNG copy)> <./fig/visual_result/visual_result_2_6.png (
PNG copy)> <./fig/visual_result/visual_result_2_7.png (PNG copy)> <./fig/visual
_result/visual_result_3_1.png (PNG copy)> <./fig/visual_result/visual_result_3_
2.png (PNG copy)> <./fig/visual_result/visual_result_3_3.png (PNG copy)> <./fig
/visual_result/visual_result_3_4.png (PNG copy)> <./fig/visual_result/visual_re
sult_3_5.png (PNG copy)> <./fig/visual_result/visual_result_3_6.png (PNG copy)>
 <./fig/visual_result/visual_result_3_7.png (PNG copy)> <./fig/visual_result/vi
sual_result_4_1.png (PNG copy)> <./fig/visual_result/visual_result_4_2.png (PNG
 copy)> <./fig/visual_result/visual_result_4_3.png (PNG copy)> <./fig/visual_re
sult/visual_result_4_4.png (PNG copy)> <./fig/visual_result/visual_result_4_5.p
ng (PNG copy)> <./fig/visual_result/visual_result_4_6.png (PNG copy)> <./fig/vi
sual_result/visual_result_4_7.png (PNG copy)> <./fig/visual_result/visual_resul
t_5_1.png (PNG copy)> <./fig/visual_result/visual_result_5_2.png (PNG copy)> <.
/fig/visual_result/visual_result_5_3.png (PNG copy)> <./fig/visual_result/visua
l_result_5_4.png (PNG copy)> <./fig/visual_result/visual_result_5_5.png (PNG co
py)> <./fig/visual_result/visual_result_5_6.png (PNG copy)> <./fig/visual_resul
t/visual_result_5_7.png (PNG copy)> <./fig/visual_result/visual_result_6_1.png 
(PNG copy)> <./fig/visual_result/visual_result_6_2.png (PNG copy)> <./fig/visua
l_result/visual_result_6_3.png (PNG copy)> <./fig/visual_result/visual_result_6
_4.png (PNG copy)> <./fig/visual_result/visual_result_6_5.png (PNG copy)> <./fi
g/visual_result/visual_result_6_6.png (PNG copy)> <./fig/visual_result/visual_r
esult_6_7.png (PNG copy)>]) (./conclusion.tex) (./final.bbl (./final.brf)
\tf@brf=\write4
\openout4 = `final.brf'.


[9])
Package atveryend Info: Empty hook `BeforeClearDocument' on input line 88.
 [10

]
Package atveryend Info: Empty hook `AfterLastShipout' on input line 88.
 (./final.aux)
Package atveryend Info: Executing hook `AtVeryEndDocument' on input line 88.
Package atveryend Info: Executing hook `AtEndAfterFileList' on input line 88.
Package rerunfilecheck Info: File `final.brf' has not changed.
(rerunfilecheck)             Checksum: 3CD38734A282BF5DD42C61958F25EA1F;3194.


LaTeX Warning: There were undefined references.

Package atveryend Info: Empty hook `AtVeryVeryEnd' on input line 88.
 ) 
Here is how much of TeX's memory you used:
 27046 strings out of 493089
 653281 string characters out of 6134842
 922713 words of memory out of 5000000
 29840 multiletter control sequences out of 15000+600000
 38879 words of font info for 90 fonts, out of 8000000 for 9000
 1141 hyphenation exceptions out of 8191
 62i,23n,108p,1242b,2245s stack positions out of 5000i,500n,10000p,200000b,80000s
 </Users/keli/Library/texlive/2015/texmf-var/fonts/pk/ljfour/public/bbm/bbm10
.600pk>{/usr/local/texlive/2015/texmf-dist/fonts/enc/dvips/base/8r.enc}</usr/lo
cal/texlive/2015/texmf-dist/fonts/type1/public/amsfonts/cm/cmbx10.pfb></usr/loc
al/texlive/2015/texmf-dist/fonts/type1/public/amsfonts/cm/cmbx7.pfb></usr/local
/texlive/2015/texmf-dist/fonts/type1/public/amsfonts/cm/cmex10.pfb></usr/local/
texlive/2015/texmf-dist/fonts/type1/public/amsfonts/cm/cmmi10.pfb></usr/local/t
exlive/2015/texmf-dist/fonts/type1/public/amsfonts/cm/cmmi5.pfb></usr/local/tex
live/2015/texmf-dist/fonts/type1/public/amsfonts/cm/cmmi7.pfb></usr/local/texli
ve/2015/texmf-dist/fonts/type1/public/amsfonts/cm/cmr10.pfb></usr/local/texlive
/2015/texmf-dist/fonts/type1/public/amsfonts/cm/cmr6.pfb></usr/local/texlive/20
15/texmf-dist/fonts/type1/public/amsfonts/cm/cmr7.pfb></usr/local/texlive/2015/
texmf-dist/fonts/type1/public/amsfonts/cm/cmsy10.pfb></usr/local/texlive/2015/t
exmf-dist/fonts/type1/public/amsfonts/cm/cmsy6.pfb></usr/local/texlive/2015/tex
mf-dist/fonts/type1/public/amsfonts/cm/cmsy7.pfb></usr/local/texlive/2015/texmf
-dist/fonts/type1/public/amsfonts/cm/cmsy9.pfb></usr/local/texlive/2015/texmf-d
ist/fonts/type1/urw/courier/ucrr8a.pfb></usr/local/texlive/2015/texmf-dist/font
s/type1/urw/times/utmb8a.pfb></usr/local/texlive/2015/texmf-dist/fonts/type1/ur
w/times/utmbi8a.pfb></usr/local/texlive/2015/texmf-dist/fonts/type1/urw/times/u
tmr8a.pfb></usr/local/texlive/2015/texmf-dist/fonts/type1/urw/times/utmri8a.pfb
>
Output written on final.pdf (10 pages, 6346386 bytes).
PDF statistics:
 481 PDF objects out of 1000 (max. 8388607)
 370 compressed objects within 4 object streams
 96 named destinations out of 1000 (max. 500000)
 278 words of extra memory for PDF output out of 10000 (max. 10000000)

