This is pdfTeX, Version 3.1415926-2.4-1.40.13 (TeX Live 2012/Debian) (format=pdflatex 2015.9.7)  6 NOV 2015 23:52
entering extended mode
 restricted \write18 enabled.
 %&-line parsing enabled.
**main
(./main.tex
LaTeX2e <2011/06/27>
Babel <v3.8m> and hyphenation patterns for english, dumylang, nohyphenation, et
hiopic, farsi, arabic, pinyin, croatian, bulgarian, ukrainian, russian, slovak,
 czech, danish, dutch, usenglishmax, ukenglish, finnish, french, basque, ngerma
n, german, swissgerman, ngerman-x-2012-05-30, german-x-2012-05-30, monogreek, g
reek, ibycus, ancientgreek, hungarian, bengali, tamil, hindi, telugu, gujarati,
 sanskrit, malayalam, kannada, assamese, marathi, oriya, panjabi, italian, lati
n, latvian, lithuanian, mongolian, mongolianlmc, nynorsk, bokmal, indonesian, e
speranto, coptic, welsh, irish, interlingua, serbian, serbianc, slovenian, friu
lan, romansh, estonian, romanian, armenian, uppersorbian, turkish, afrikaans, i
celandic, kurmanji, polish, portuguese, galician, catalan, spanish, swedish, th
ai, loaded.
(/usr/share/texlive/texmf-dist/tex/latex/base/article.cls
Document Class: article 2007/10/19 v1.4h Standard LaTeX document class
(/usr/share/texlive/texmf-dist/tex/latex/base/size10.clo
File: size10.clo 2007/10/19 v1.4h Standard LaTeX file (size option)
)
\c@part=\count79
\c@section=\count80
\c@subsection=\count81
\c@subsubsection=\count82
\c@paragraph=\count83
\c@subparagraph=\count84
\c@figure=\count85
\c@table=\count86
\abovecaptionskip=\skip41
\belowcaptionskip=\skip42
\bibindent=\dimen102
)
(/usr/share/texmf/tex/latex/pgf/frontendlayer/tikz.sty
(/usr/share/texmf/tex/latex/pgf/basiclayer/pgf.sty
(/usr/share/texmf/tex/latex/pgf/utilities/pgfrcs.sty
(/usr/share/texmf/tex/generic/pgf/utilities/pgfutil-common.tex
\pgfutil@everybye=\toks14
)
(/usr/share/texmf/tex/generic/pgf/utilities/pgfutil-latex.def
\pgfutil@abb=\box26

(/usr/share/texlive/texmf-dist/tex/latex/ms/everyshi.sty
Package: everyshi 2001/05/15 v3.00 EveryShipout Package (MS)
))
(/usr/share/texmf/tex/generic/pgf/utilities/pgfrcs.code.tex
Package: pgfrcs 2010/10/25 v2.10 (rcs-revision 1.24)
))
Package: pgf 2008/01/15 v2.10 (rcs-revision 1.12)

(/usr/share/texmf/tex/latex/pgf/basiclayer/pgfcore.sty
(/usr/share/texlive/texmf-dist/tex/latex/graphics/graphicx.sty
Package: graphicx 1999/02/16 v1.0f Enhanced LaTeX Graphics (DPC,SPQR)

(/usr/share/texlive/texmf-dist/tex/latex/graphics/keyval.sty
Package: keyval 1999/03/16 v1.13 key=value parser (DPC)
\KV@toks@=\toks15
)
(/usr/share/texlive/texmf-dist/tex/latex/graphics/graphics.sty
Package: graphics 2009/02/05 v1.0o Standard LaTeX Graphics (DPC,SPQR)

(/usr/share/texlive/texmf-dist/tex/latex/graphics/trig.sty
Package: trig 1999/03/16 v1.09 sin cos tan (DPC)
)
(/usr/share/texlive/texmf-dist/tex/latex/latexconfig/graphics.cfg
File: graphics.cfg 2010/04/23 v1.9 graphics configuration of TeX Live
)
Package graphics Info: Driver file: pdftex.def on input line 91.

(/usr/share/texlive/texmf-dist/tex/latex/pdftex-def/pdftex.def
File: pdftex.def 2011/05/27 v0.06d Graphics/color for pdfTeX

(/usr/share/texlive/texmf-dist/tex/generic/oberdiek/infwarerr.sty
Package: infwarerr 2010/04/08 v1.3 Providing info/warning/error messages (HO)
)
(/usr/share/texlive/texmf-dist/tex/generic/oberdiek/ltxcmds.sty
Package: ltxcmds 2011/11/09 v1.22 LaTeX kernel commands for general use (HO)
)
\Gread@gobject=\count87
))
\Gin@req@height=\dimen103
\Gin@req@width=\dimen104
)
(/usr/share/texmf/tex/latex/pgf/systemlayer/pgfsys.sty
(/usr/share/texmf/tex/generic/pgf/systemlayer/pgfsys.code.tex
Package: pgfsys 2010/06/30 v2.10 (rcs-revision 1.37)

(/usr/share/texmf/tex/generic/pgf/utilities/pgfkeys.code.tex
\pgfkeys@pathtoks=\toks16
\pgfkeys@temptoks=\toks17

(/usr/share/texmf/tex/generic/pgf/utilities/pgfkeysfiltered.code.tex
\pgfkeys@tmptoks=\toks18
))
\pgf@x=\dimen105
\pgf@y=\dimen106
\pgf@xa=\dimen107
\pgf@ya=\dimen108
\pgf@xb=\dimen109
\pgf@yb=\dimen110
\pgf@xc=\dimen111
\pgf@yc=\dimen112
\w@pgf@writea=\write3
\r@pgf@reada=\read1
\c@pgf@counta=\count88
\c@pgf@countb=\count89
\c@pgf@countc=\count90
\c@pgf@countd=\count91

(/usr/share/texmf/tex/generic/pgf/systemlayer/pgf.cfg
File: pgf.cfg 2008/05/14  (rcs-revision 1.7)
)
Package pgfsys Info: Driver file for pgf: pgfsys-pdftex.def on input line 900.

(/usr/share/texmf/tex/generic/pgf/systemlayer/pgfsys-pdftex.def
File: pgfsys-pdftex.def 2009/05/22  (rcs-revision 1.26)

(/usr/share/texmf/tex/generic/pgf/systemlayer/pgfsys-common-pdf.def
File: pgfsys-common-pdf.def 2008/05/19  (rcs-revision 1.10)
)))
(/usr/share/texmf/tex/generic/pgf/systemlayer/pgfsyssoftpath.code.tex
File: pgfsyssoftpath.code.tex 2008/07/18  (rcs-revision 1.7)
\pgfsyssoftpath@smallbuffer@items=\count92
\pgfsyssoftpath@bigbuffer@items=\count93
)
(/usr/share/texmf/tex/generic/pgf/systemlayer/pgfsysprotocol.code.tex
File: pgfsysprotocol.code.tex 2006/10/16  (rcs-revision 1.4)
))
(/usr/share/texmf/tex/latex/xcolor/xcolor.sty
Package: xcolor 2007/01/21 v2.11 LaTeX color extensions (UK)

(/usr/share/texlive/texmf-dist/tex/latex/latexconfig/color.cfg
File: color.cfg 2007/01/18 v1.5 color configuration of teTeX/TeXLive
)
Package xcolor Info: Driver file: pdftex.def on input line 225.
Package xcolor Info: Model `cmy' substituted by `cmy0' on input line 1337.
Package xcolor Info: Model `hsb' substituted by `rgb' on input line 1341.
Package xcolor Info: Model `RGB' extended on input line 1353.
Package xcolor Info: Model `HTML' substituted by `rgb' on input line 1355.
Package xcolor Info: Model `Hsb' substituted by `hsb' on input line 1356.
Package xcolor Info: Model `tHsb' substituted by `hsb' on input line 1357.
Package xcolor Info: Model `HSB' substituted by `hsb' on input line 1358.
Package xcolor Info: Model `Gray' substituted by `gray' on input line 1359.
Package xcolor Info: Model `wave' substituted by `hsb' on input line 1360.
)
(/usr/share/texmf/tex/generic/pgf/basiclayer/pgfcore.code.tex
Package: pgfcore 2010/04/11 v2.10 (rcs-revision 1.7)

(/usr/share/texmf/tex/generic/pgf/math/pgfmath.code.tex
(/usr/share/texmf/tex/generic/pgf/math/pgfmathcalc.code.tex
(/usr/share/texmf/tex/generic/pgf/math/pgfmathutil.code.tex)
(/usr/share/texmf/tex/generic/pgf/math/pgfmathparser.code.tex
\pgfmath@dimen=\dimen113
\pgfmath@count=\count94
\pgfmath@box=\box27
\pgfmath@toks=\toks19
\pgfmath@stack@operand=\toks20
\pgfmath@stack@operation=\toks21
)
(/usr/share/texmf/tex/generic/pgf/math/pgfmathfunctions.code.tex
(/usr/share/texmf/tex/generic/pgf/math/pgfmathfunctions.basic.code.tex)
(/usr/share/texmf/tex/generic/pgf/math/pgfmathfunctions.trigonometric.code.tex)
(/usr/share/texmf/tex/generic/pgf/math/pgfmathfunctions.random.code.tex)
(/usr/share/texmf/tex/generic/pgf/math/pgfmathfunctions.comparison.code.tex)
(/usr/share/texmf/tex/generic/pgf/math/pgfmathfunctions.base.code.tex)
(/usr/share/texmf/tex/generic/pgf/math/pgfmathfunctions.round.code.tex)
(/usr/share/texmf/tex/generic/pgf/math/pgfmathfunctions.misc.code.tex)))
(/usr/share/texmf/tex/generic/pgf/math/pgfmathfloat.code.tex
\c@pgfmathroundto@lastzeros=\count95
))
(/usr/share/texmf/tex/generic/pgf/basiclayer/pgfcorepoints.code.tex
File: pgfcorepoints.code.tex 2010/04/09  (rcs-revision 1.20)
\pgf@picminx=\dimen114
\pgf@picmaxx=\dimen115
\pgf@picminy=\dimen116
\pgf@picmaxy=\dimen117
\pgf@pathminx=\dimen118
\pgf@pathmaxx=\dimen119
\pgf@pathminy=\dimen120
\pgf@pathmaxy=\dimen121
\pgf@xx=\dimen122
\pgf@xy=\dimen123
\pgf@yx=\dimen124
\pgf@yy=\dimen125
\pgf@zx=\dimen126
\pgf@zy=\dimen127
)
(/usr/share/texmf/tex/generic/pgf/basiclayer/pgfcorepathconstruct.code.tex
File: pgfcorepathconstruct.code.tex 2010/08/03  (rcs-revision 1.24)
\pgf@path@lastx=\dimen128
\pgf@path@lasty=\dimen129
)
(/usr/share/texmf/tex/generic/pgf/basiclayer/pgfcorepathusage.code.tex
File: pgfcorepathusage.code.tex 2008/04/22  (rcs-revision 1.12)
\pgf@shorten@end@additional=\dimen130
\pgf@shorten@start@additional=\dimen131
)
(/usr/share/texmf/tex/generic/pgf/basiclayer/pgfcorescopes.code.tex
File: pgfcorescopes.code.tex 2010/09/08  (rcs-revision 1.34)
\pgfpic=\box28
\pgf@hbox=\box29
\pgf@layerbox@main=\box30
\pgf@picture@serial@count=\count96
)
(/usr/share/texmf/tex/generic/pgf/basiclayer/pgfcoregraphicstate.code.tex
File: pgfcoregraphicstate.code.tex 2008/04/22  (rcs-revision 1.9)
\pgflinewidth=\dimen132
)
(/usr/share/texmf/tex/generic/pgf/basiclayer/pgfcoretransformations.code.tex
File: pgfcoretransformations.code.tex 2009/06/10  (rcs-revision 1.11)
\pgf@pt@x=\dimen133
\pgf@pt@y=\dimen134
\pgf@pt@temp=\dimen135
)
(/usr/share/texmf/tex/generic/pgf/basiclayer/pgfcorequick.code.tex
File: pgfcorequick.code.tex 2008/10/09  (rcs-revision 1.3)
)
(/usr/share/texmf/tex/generic/pgf/basiclayer/pgfcoreobjects.code.tex
File: pgfcoreobjects.code.tex 2006/10/11  (rcs-revision 1.2)
)
(/usr/share/texmf/tex/generic/pgf/basiclayer/pgfcorepathprocessing.code.tex
File: pgfcorepathprocessing.code.tex 2008/10/09  (rcs-revision 1.8)
)
(/usr/share/texmf/tex/generic/pgf/basiclayer/pgfcorearrows.code.tex
File: pgfcorearrows.code.tex 2008/04/23  (rcs-revision 1.11)
)
(/usr/share/texmf/tex/generic/pgf/basiclayer/pgfcoreshade.code.tex
File: pgfcoreshade.code.tex 2008/11/23  (rcs-revision 1.13)
\pgf@max=\dimen136
\pgf@sys@shading@range@num=\count97
)
(/usr/share/texmf/tex/generic/pgf/basiclayer/pgfcoreimage.code.tex
File: pgfcoreimage.code.tex 2010/03/25  (rcs-revision 1.16)

(/usr/share/texmf/tex/generic/pgf/basiclayer/pgfcoreexternal.code.tex
File: pgfcoreexternal.code.tex 2010/09/01  (rcs-revision 1.17)
\pgfexternal@startupbox=\box31
))
(/usr/share/texmf/tex/generic/pgf/basiclayer/pgfcorelayers.code.tex
File: pgfcorelayers.code.tex 2010/08/27  (rcs-revision 1.2)
)
(/usr/share/texmf/tex/generic/pgf/basiclayer/pgfcoretransparency.code.tex
File: pgfcoretransparency.code.tex 2008/01/17  (rcs-revision 1.2)
)
(/usr/share/texmf/tex/generic/pgf/basiclayer/pgfcorepatterns.code.tex
File: pgfcorepatterns.code.tex 2009/07/02  (rcs-revision 1.3)
)))
(/usr/share/texmf/tex/generic/pgf/modules/pgfmoduleshapes.code.tex
File: pgfmoduleshapes.code.tex 2010/09/09  (rcs-revision 1.13)
\pgfnodeparttextbox=\box32
)
(/usr/share/texmf/tex/generic/pgf/modules/pgfmoduleplot.code.tex
File: pgfmoduleplot.code.tex 2010/10/22  (rcs-revision 1.8)
)
(/usr/share/texmf/tex/latex/pgf/compatibility/pgfcomp-version-0-65.sty
Package: pgfcomp-version-0-65 2007/07/03 v2.10 (rcs-revision 1.7)
\pgf@nodesepstart=\dimen137
\pgf@nodesepend=\dimen138
)
(/usr/share/texmf/tex/latex/pgf/compatibility/pgfcomp-version-1-18.sty
Package: pgfcomp-version-1-18 2007/07/23 v2.10 (rcs-revision 1.1)
))
(/usr/share/texmf/tex/latex/pgf/utilities/pgffor.sty
(/usr/share/texmf/tex/latex/pgf/utilities/pgfkeys.sty
(/usr/share/texmf/tex/generic/pgf/utilities/pgfkeys.code.tex))
(/usr/share/texmf/tex/generic/pgf/utilities/pgffor.code.tex
Package: pgffor 2010/03/23 v2.10 (rcs-revision 1.18)
\pgffor@iter=\dimen139
\pgffor@skip=\dimen140
\pgffor@stack=\toks22
\pgffor@toks=\toks23
))
(/usr/share/texmf/tex/generic/pgf/frontendlayer/tikz/tikz.code.tex
Package: tikz 2010/10/13 v2.10 (rcs-revision 1.76)

(/usr/share/texmf/tex/generic/pgf/libraries/pgflibraryplothandlers.code.tex
File: pgflibraryplothandlers.code.tex 2010/05/31 v2.10 (rcs-revision 1.15)
\pgf@plot@mark@count=\count98
\pgfplotmarksize=\dimen141
)
\tikz@lastx=\dimen142
\tikz@lasty=\dimen143
\tikz@lastxsaved=\dimen144
\tikz@lastysaved=\dimen145
\tikzleveldistance=\dimen146
\tikzsiblingdistance=\dimen147
\tikz@figbox=\box33
\tikz@tempbox=\box34
\tikztreelevel=\count99
\tikznumberofchildren=\count100
\tikznumberofcurrentchild=\count101
\tikz@fig@count=\count102

(/usr/share/texmf/tex/generic/pgf/modules/pgfmodulematrix.code.tex
File: pgfmodulematrix.code.tex 2010/08/24  (rcs-revision 1.4)
\pgfmatrixcurrentrow=\count103
\pgfmatrixcurrentcolumn=\count104
\pgf@matrix@numberofcolumns=\count105
)
\tikz@expandcount=\count106

(/usr/share/texmf/tex/generic/pgf/frontendlayer/tikz/libraries/tikzlibrarytopat
hs.code.tex
File: tikzlibrarytopaths.code.tex 2008/06/17 v2.10 (rcs-revision 1.2)
))) (./cvpr.sty (./eso-pic.sty
Package: eso-pic 2002/11/16 v1.1b eso-pic (RN)
)
(/usr/share/texlive/texmf-dist/tex/latex/tools/xspace.sty
Package: xspace 2009/10/20 v1.13 Space after command names (DPC,MH)
)
CVPR 8.5 x 11-Inch Proceedings Style `cvpr.sty'.
\@ctmp=\skip43
\@figindent=\skip44
\cvprrulerbox=\box35
\cvprrulercount=\count107
\cvprruleroffset=\dimen148
\cv@lineheight=\dimen149
\cv@boxheight=\dimen150
\cv@tmpbox=\box36
\cv@refno=\count108
\cv@tot=\count109
\cv@tmpc@=\count110
\cv@tmpc=\count111
) (/usr/share/texlive/texmf-dist/tex/latex/psnfss/times.sty
Package: times 2005/04/12 PSNFSS-v9.2a (SPQR) 
)
(/usr/share/texlive/texmf-dist/tex/latex/graphics/epsfig.sty
Package: epsfig 1999/02/16 v1.7a (e)psfig emulation (SPQR)
\epsfxsize=\dimen151
\epsfysize=\dimen152
)
(/usr/share/texlive/texmf-dist/tex/latex/amsmath/amsmath.sty
Package: amsmath 2000/07/18 v2.13 AMS math features
\@mathmargin=\skip45

For additional information on amsmath, use the `?' option.
(/usr/share/texlive/texmf-dist/tex/latex/amsmath/amstext.sty
Package: amstext 2000/06/29 v2.01

(/usr/share/texlive/texmf-dist/tex/latex/amsmath/amsgen.sty
File: amsgen.sty 1999/11/30 v2.0
\@emptytoks=\toks24
\ex@=\dimen153
))
(/usr/share/texlive/texmf-dist/tex/latex/amsmath/amsbsy.sty
Package: amsbsy 1999/11/29 v1.2d
\pmbraise@=\dimen154
)
(/usr/share/texlive/texmf-dist/tex/latex/amsmath/amsopn.sty
Package: amsopn 1999/12/14 v2.01 operator names
)
\inf@bad=\count112
LaTeX Info: Redefining \frac on input line 211.
\uproot@=\count113
\leftroot@=\count114
LaTeX Info: Redefining \overline on input line 307.
\classnum@=\count115
\DOTSCASE@=\count116
LaTeX Info: Redefining \ldots on input line 379.
LaTeX Info: Redefining \dots on input line 382.
LaTeX Info: Redefining \cdots on input line 467.
\Mathstrutbox@=\box37
\strutbox@=\box38
\big@size=\dimen155
LaTeX Font Info:    Redeclaring font encoding OML on input line 567.
LaTeX Font Info:    Redeclaring font encoding OMS on input line 568.
\macc@depth=\count117
\c@MaxMatrixCols=\count118
\dotsspace@=\muskip10
\c@parentequation=\count119
\dspbrk@lvl=\count120
\tag@help=\toks25
\row@=\count121
\column@=\count122
\maxfields@=\count123
\andhelp@=\toks26
\eqnshift@=\dimen156
\alignsep@=\dimen157
\tagshift@=\dimen158
\tagwidth@=\dimen159
\totwidth@=\dimen160
\lineht@=\dimen161
\@envbody=\toks27
\multlinegap=\skip46
\multlinetaggap=\skip47
\mathdisplay@stack=\toks28
LaTeX Info: Redefining \[ on input line 2666.
LaTeX Info: Redefining \] on input line 2667.
)
(/usr/share/texlive/texmf-dist/tex/latex/amsfonts/amssymb.sty
Package: amssymb 2009/06/22 v3.00

(/usr/share/texlive/texmf-dist/tex/latex/amsfonts/amsfonts.sty
Package: amsfonts 2009/06/22 v3.00 Basic AMSFonts support
\symAMSa=\mathgroup4
\symAMSb=\mathgroup5
LaTeX Font Info:    Overwriting math alphabet `\mathfrak' in version `bold'
(Font)                  U/euf/m/n --> U/euf/b/n on input line 96.
))
(/usr/share/texlive/texmf-dist/tex/latex/pgfplots/pgfplots.sty
(/usr/share/texlive/texmf-dist/tex/generic/pgfplots/pgfplots.revision.tex)
Package: pgfplots 2011/12/29 v1.5.1 (git show 1.5.1-4-g53e640f )

(/usr/share/texlive/texmf-dist/tex/generic/pgfplots/pgfplots.code.tex
(/usr/share/texlive/texmf-dist/tex/generic/pgfplots/pgfplotscore.code.tex
\t@pgfplots@toka=\toks29
\t@pgfplots@tokb=\toks30
\t@pgfplots@tokc=\toks31
\pgfplots@tmpa=\dimen162
\c@pgfplots@coordindex=\count124
\c@pgfplots@scanlineindex=\count125

(/usr/share/texlive/texmf-dist/tex/generic/pgfplots/sys/pgfplotssysgeneric.code
.tex))
(/usr/share/texlive/texmf-dist/tex/generic/pgfplots/libs/pgfplotslibrary.code.t
ex)
(/usr/share/texlive/texmf-dist/tex/generic/pgfplots/oldpgfcompatib/pgfplotsoldp
gfsupp_loader.code.tex
Package pgfplots: loading complementary code for your PGF version...

(/usr/share/texlive/texmf-dist/tex/generic/pgfplots/oldpgfcompatib/pgfplotsoldp
gfsupp_misc.code.tex)
(/usr/share/texlive/texmf-dist/tex/generic/pgfplots/oldpgfcompatib/pgfplotsoldp
gfsupp_pgfkeys.code.tex
\pgfkeys@pathtoks=\toks32
\pgfkeys@temptoks=\toks33

(/usr/share/texlive/texmf-dist/tex/generic/pgfplots/oldpgfcompatib/pgfplotsoldp
gfsupp_pgfkeysfiltered.code.tex
\pgfkeys@tmptoks=\toks34
))
(/usr/share/texlive/texmf-dist/tex/generic/pgfplots/oldpgfcompatib/pgfplotsoldp
gfsupp_pgfmathfloat.code.tex
\c@pgfmathroundto@lastzeros=\count126
)
(/usr/share/texlive/texmf-dist/tex/generic/pgfplots/oldpgfcompatib/pgfplotsoldp
gfsupp_pgflibraryplothandlers.code.tex
File: pgflibraryplothandlers.code.tex 2011/12/28 v2.10 (rcs-revision 1.16)
\pgf@plot@mark@count=\count127
\pgfplotmarksize=\dimen163
)
(/usr/share/texlive/texmf-dist/tex/generic/pgfplots/oldpgfcompatib/pgfplotsoldp
gfsupp_pgflibraryfpu.code.tex))
(/usr/share/texlive/texmf-dist/tex/generic/pgfplots/util/pgfplotsutil.code.tex
(/usr/share/texlive/texmf-dist/tex/generic/pgfplots/liststructure/pgfplotslists
tructure.code.tex)
(/usr/share/texlive/texmf-dist/tex/generic/pgfplots/liststructure/pgfplotslists
tructureext.code.tex)
(/usr/share/texlive/texmf-dist/tex/generic/pgfplots/liststructure/pgfplotsarray
.code.tex
\c@pgfplotsarray@tmp=\count128
)
(/usr/share/texlive/texmf-dist/tex/generic/pgfplots/liststructure/pgfplotsmatri
x.code.tex)
(/usr/share/texlive/texmf-dist/tex/generic/pgfplots/numtable/pgfplotstableshare
d.code.tex
\c@pgfplotstable@counta=\count129
\t@pgfplotstable@a=\toks35
)
(/usr/share/texlive/texmf-dist/tex/generic/pgfplots/liststructure/pgfplotsdeque
.code.tex)
(/usr/share/texlive/texmf-dist/tex/generic/pgfplots/util/pgfplotsbinary.code.te
x)
(/usr/share/texlive/texmf-dist/tex/generic/pgfplots/util/pgfplotsutil.verb.code
.tex)
(/usr/share/texlive/texmf-dist/tex/generic/pgfplots/libs/pgflibrarypgfplots.sur
fshading.code.tex
\c@pgfplotslibrarysurf@no=\count130

(/usr/share/texlive/texmf-dist/tex/generic/pgfplots/sys/pgflibrarypgfplots.surf
shading.pgfsys-pdftex.def)))
(/usr/share/texlive/texmf-dist/tex/generic/pgfplots/util/pgfplotscolormap.code.
tex)
(/usr/share/texlive/texmf-dist/tex/generic/pgfplots/pgfplotsstackedplots.code.t
ex)
(/usr/share/texlive/texmf-dist/tex/generic/pgfplots/pgfplotsplothandlers.code.t
ex
(/usr/share/texlive/texmf-dist/tex/generic/pgfplots/pgfplotsmeshplothandler.cod
e.tex))
(/usr/share/texlive/texmf-dist/tex/generic/pgfplots/pgfplotscoordprocessing.cod
e.tex)
(/usr/share/texlive/texmf-dist/tex/generic/pgfplots/pgfplotsticks.code.tex)
(/usr/share/texlive/texmf-dist/tex/generic/pgfplots/pgfplots.paths.code.tex)
(/usr/share/texmf/tex/generic/pgf/frontendlayer/tikz/libraries/tikzlibrarydecor
ations.code.tex
(/usr/share/texmf/tex/generic/pgf/modules/pgfmoduledecorations.code.tex
\pgfdecoratedcompleteddistance=\dimen164
\pgfdecoratedremainingdistance=\dimen165
\pgfdecoratedinputsegmentcompleteddistance=\dimen166
\pgfdecoratedinputsegmentremainingdistance=\dimen167
\pgf@decorate@distancetomove=\dimen168
\pgf@decorate@repeatstate=\count131
\pgfdecorationsegmentamplitude=\dimen169
\pgfdecorationsegmentlength=\dimen170
)
\tikz@lib@dec@box=\box39
)
(/usr/share/texmf/tex/generic/pgf/frontendlayer/tikz/libraries/tikzlibrarydecor
ations.pathmorphing.code.tex
(/usr/share/texmf/tex/generic/pgf/libraries/decorations/pgflibrarydecorations.p
athmorphing.code.tex))
(/usr/share/texmf/tex/generic/pgf/frontendlayer/tikz/libraries/tikzlibrarydecor
ations.pathreplacing.code.tex
(/usr/share/texmf/tex/generic/pgf/libraries/decorations/pgflibrarydecorations.p
athreplacing.code.tex))
\pgfplots@numplots=\count132
\pgfplots@xmin@reg=\dimen171
\pgfplots@xmax@reg=\dimen172
\pgfplots@ymin@reg=\dimen173
\pgfplots@ymax@reg=\dimen174
\pgfplots@zmin@reg=\dimen175
\pgfplots@zmax@reg=\dimen176
)
(/usr/share/texmf/tex/generic/pgf/frontendlayer/tikz/libraries/tikzlibraryplotm
arks.code.tex
File: tikzlibraryplotmarks.code.tex 2008/01/09 v2.10 (rcs-revision 1.1)

(/usr/share/texmf/tex/generic/pgf/libraries/pgflibraryplotmarks.code.tex
File: pgflibraryplotmarks.code.tex 2010/10/15 v2.10 (rcs-revision 1.12)
)))
(/usr/share/texlive/texmf-dist/tex/latex/pgfplots/pgfplotstable.sty
Package: pgfplotstable 2011/12/19 Part of pgfplots

(/usr/share/texlive/texmf-dist/tex/generic/pgfplots/numtable/pgfplotstable.code
.tex
(/usr/share/texlive/texmf-dist/tex/generic/pgfplots/numtable/pgfplotstable.colt
ype.code.tex)) (/usr/share/texlive/texmf-dist/tex/latex/tools/array.sty
Package: array 2008/09/09 v2.4c Tabular extension package (FMi)
\col@sep=\dimen177
\extrarowheight=\dimen178
\NC@list=\toks36
\extratabsurround=\skip48
\backup@length=\skip49
))
(/usr/share/texlive/texmf-dist/tex/latex/hyperref/hyperref.sty
Package: hyperref 2012/05/13 v6.82q Hypertext links for LaTeX

(/usr/share/texlive/texmf-dist/tex/generic/oberdiek/hobsub-hyperref.sty
Package: hobsub-hyperref 2012/05/28 v1.13 Bundle oberdiek, subset hyperref (HO)


(/usr/share/texlive/texmf-dist/tex/generic/oberdiek/hobsub-generic.sty
Package: hobsub-generic 2012/05/28 v1.13 Bundle oberdiek, subset generic (HO)
Package: hobsub 2012/05/28 v1.13 Construct package bundles (HO)
Package hobsub Info: Skipping package `infwarerr' (already loaded).
Package hobsub Info: Skipping package `ltxcmds' (already loaded).
Package: ifluatex 2010/03/01 v1.3 Provides the ifluatex switch (HO)
Package ifluatex Info: LuaTeX not detected.
Package: ifvtex 2010/03/01 v1.5 Detect VTeX and its facilities (HO)
Package ifvtex Info: VTeX not detected.
Package: intcalc 2007/09/27 v1.1 Expandable calculations with integers (HO)
Package: ifpdf 2011/01/30 v2.3 Provides the ifpdf switch (HO)
Package ifpdf Info: pdfTeX in PDF mode is detected.
Package: etexcmds 2011/02/16 v1.5 Avoid name clashes with e-TeX commands (HO)
Package etexcmds Info: Could not find \expanded.
(etexcmds)             That can mean that you are not using pdfTeX 1.50 or
(etexcmds)             that some package has redefined \expanded.
(etexcmds)             In the latter case, load this package earlier.
Package: kvsetkeys 2012/04/25 v1.16 Key value parser (HO)
Package: kvdefinekeys 2011/04/07 v1.3 Define keys (HO)
Package: pdftexcmds 2011/11/29 v0.20 Utility functions of pdfTeX for LuaTeX (HO
)
Package pdftexcmds Info: LuaTeX not detected.
Package pdftexcmds Info: \pdf@primitive is available.
Package pdftexcmds Info: \pdf@ifprimitive is available.
Package pdftexcmds Info: \pdfdraftmode found.
Package: pdfescape 2011/11/25 v1.13 Implements pdfTeX's escape features (HO)
Package: bigintcalc 2012/04/08 v1.3 Expandable calculations on big integers (HO
)
Package: bitset 2011/01/30 v1.1 Handle bit-vector datatype (HO)
Package: uniquecounter 2011/01/30 v1.2 Provide unlimited unique counter (HO)
)
Package hobsub Info: Skipping package `hobsub' (already loaded).
Package: letltxmacro 2010/09/02 v1.4 Let assignment for LaTeX macros (HO)
Package: hopatch 2012/05/28 v1.2 Wrapper for package hooks (HO)
Package: xcolor-patch 2011/01/30 xcolor patch
Package: atveryend 2011/06/30 v1.8 Hooks at the very end of document (HO)
Package atveryend Info: \enddocument detected (standard20110627).
Package: atbegshi 2011/10/05 v1.16 At begin shipout hook (HO)
Package: refcount 2011/10/16 v3.4 Data extraction from label references (HO)
Package: hycolor 2011/01/30 v1.7 Color options for hyperref/bookmark (HO)
)
(/usr/share/texlive/texmf-dist/tex/generic/ifxetex/ifxetex.sty
Package: ifxetex 2010/09/12 v0.6 Provides ifxetex conditional
)
(/usr/share/texlive/texmf-dist/tex/latex/oberdiek/kvoptions.sty
Package: kvoptions 2011/06/30 v3.11 Key value format for package options (HO)
)
\@linkdim=\dimen179
\Hy@linkcounter=\count133
\Hy@pagecounter=\count134

(/usr/share/texlive/texmf-dist/tex/latex/hyperref/pd1enc.def
File: pd1enc.def 2012/05/13 v6.82q Hyperref: PDFDocEncoding definition (HO)
)
\Hy@SavedSpaceFactor=\count135

(/usr/share/texlive/texmf-dist/tex/latex/latexconfig/hyperref.cfg
File: hyperref.cfg 2002/06/06 v1.2 hyperref configuration of TeXLive
)
Package hyperref Info: Option `breaklinks' set `true' on input line 3941.


Package hyperref Warning: Option `letterpaper' is no longer used.

Package hyperref Info: Option `colorlinks' set `true' on input line 3941.
Package hyperref Info: Option `bookmarks' set `false' on input line 3941.
Package hyperref Info: Hyper figures OFF on input line 4062.
Package hyperref Info: Link nesting OFF on input line 4067.
Package hyperref Info: Hyper index ON on input line 4070.
Package hyperref Info: Plain pages OFF on input line 4077.
Package hyperref Info: Backreferencing ON on input line 4080.
Package hyperref Info: Implicit mode ON; LaTeX internals redefined.
Package hyperref Info: Bookmarks OFF on input line 4306.
(/usr/share/texlive/texmf-dist/tex/latex/hyperref/backref.sty
Package: backref 2010/08/30 v1.36 Bibliographical back referencing

(/usr/share/texlive/texmf-dist/tex/latex/oberdiek/rerunfilecheck.sty
Package: rerunfilecheck 2011/04/15 v1.7 Rerun checks for auxiliary files (HO)
Package uniquecounter Info: New unique counter `rerunfilecheck' on input line 2
82.
))
\c@Hy@tempcnt=\count136

(/usr/share/texlive/texmf-dist/tex/latex/url/url.sty
\Urlmuskip=\muskip11
Package: url 2006/04/12  ver 3.3  Verb mode for urls, etc.
)
LaTeX Info: Redefining \url on input line 4653.
\Fld@menulength=\count137
\Field@Width=\dimen180
\Fld@charsize=\dimen181
Package hyperref Info: Hyper figures OFF on input line 5773.
Package hyperref Info: Link nesting OFF on input line 5778.
Package hyperref Info: Hyper index ON on input line 5781.
Package hyperref Info: backreferencing ON on input line 5786.
Package hyperref Info: Link coloring ON on input line 5791.
Package hyperref Info: Link coloring with OCG OFF on input line 5798.
Package hyperref Info: PDF/A mode OFF on input line 5803.
LaTeX Info: Redefining \ref on input line 5843.
LaTeX Info: Redefining \pageref on input line 5847.
\Hy@abspage=\count138
\c@Item=\count139
\c@Hfootnote=\count140
)

Package hyperref Message: Driver (autodetected): hpdftex.

(/usr/share/texlive/texmf-dist/tex/latex/hyperref/hpdftex.def
File: hpdftex.def 2012/05/13 v6.82q Hyperref driver for pdfTeX
\Fld@listcount=\count141
\c@bookmark@seq@number=\count142
\Hy@SectionHShift=\skip50
)
(/usr/share/texlive/texmf-dist/tex/latex/algorithms/algorithmic.sty
Package: algorithmic 2009/08/24 v0.1 Document Style `algorithmic'

(/usr/share/texlive/texmf-dist/tex/latex/base/ifthen.sty
Package: ifthen 2001/05/26 v1.1c Standard LaTeX ifthen package (DPC)
)
\c@ALC@unique=\count143
\c@ALC@line=\count144
\c@ALC@rem=\count145
\c@ALC@depth=\count146
\ALC@tlm=\skip51
\algorithmicindent=\skip52
)
(/usr/share/texlive/texmf-dist/tex/latex/algorithms/algorithm.sty
Package: algorithm 2009/08/24 v0.1 Document Style `algorithm' - floating enviro
nment

(/usr/share/texlive/texmf-dist/tex/latex/float/float.sty
Package: float 2001/11/08 v1.3d Float enhancements (AL)
\c@float@type=\count147
\float@exts=\toks37
\float@box=\box40
\@float@everytoks=\toks38
\@floatcapt=\box41
)
\@float@every@algorithm=\toks39
\c@algorithm=\count148
)
(/usr/share/texlive/texmf-dist/tex/latex/bbm-macros/bbm.sty
Package: bbm 1999/03/15 V 1.2 provides fonts for set symbols - TH
LaTeX Font Info:    Overwriting math alphabet `\mathbbm' in version `bold'
(Font)                  U/bbm/m/n --> U/bbm/bx/n on input line 33.
LaTeX Font Info:    Overwriting math alphabet `\mathbbmss' in version `bold'
(Font)                  U/bbmss/m/n --> U/bbmss/bx/n on input line 35.
) (./main.aux)
\openout1 = `main.aux'.

LaTeX Font Info:    Checking defaults for OML/cmm/m/it on input line 38.
LaTeX Font Info:    ... okay on input line 38.
LaTeX Font Info:    Checking defaults for T1/cmr/m/n on input line 38.
LaTeX Font Info:    ... okay on input line 38.
LaTeX Font Info:    Checking defaults for OT1/cmr/m/n on input line 38.
LaTeX Font Info:    ... okay on input line 38.
LaTeX Font Info:    Checking defaults for OMS/cmsy/m/n on input line 38.
LaTeX Font Info:    ... okay on input line 38.
LaTeX Font Info:    Checking defaults for OMX/cmex/m/n on input line 38.
LaTeX Font Info:    ... okay on input line 38.
LaTeX Font Info:    Checking defaults for U/cmr/m/n on input line 38.
LaTeX Font Info:    ... okay on input line 38.
LaTeX Font Info:    Checking defaults for PD1/pdf/m/n on input line 38.
LaTeX Font Info:    ... okay on input line 38.
LaTeX Font Info:    Try loading font information for OT1+ptm on input line 38.

(/usr/share/texlive/texmf-dist/tex/latex/psnfss/ot1ptm.fd
File: ot1ptm.fd 2001/06/04 font definitions for OT1/ptm.
)
ABD: EveryShipout initializing macros
(/usr/share/texlive/texmf-dist/tex/context/base/supp-pdf.mkii
[Loading MPS to PDF converter (version 2006.09.02).]
\scratchcounter=\count149
\scratchdimen=\dimen182
\scratchbox=\box42
\nofMPsegments=\count150
\nofMParguments=\count151
\everyMPshowfont=\toks40
\MPscratchCnt=\count152
\MPscratchDim=\dimen183
\MPnumerator=\count153
\makeMPintoPDFobject=\count154
\everyMPtoPDFconversion=\toks41
) (/usr/share/texlive/texmf-dist/tex/latex/oberdiek/epstopdf-base.sty
Package: epstopdf-base 2010/02/09 v2.5 Base part for package epstopdf

(/usr/share/texlive/texmf-dist/tex/latex/oberdiek/grfext.sty
Package: grfext 2010/08/19 v1.1 Manage graphics extensions (HO)
)
Package grfext Info: Graphics extension search list:
(grfext)             [.png,.pdf,.jpg,.mps,.jpeg,.jbig2,.jb2,.PNG,.PDF,.JPG,.JPE
G,.JBIG2,.JB2,.eps]
(grfext)             \AppendGraphicsExtensions on input line 452.

(/usr/share/texlive/texmf-dist/tex/latex/latexconfig/epstopdf-sys.cfg
File: epstopdf-sys.cfg 2010/07/13 v1.3 Configuration of (r)epstopdf for TeX Liv
e
))
\AtBeginShipoutBox=\box43
Package hyperref Info: Link coloring ON on input line 38.

(/usr/share/texlive/texmf-dist/tex/latex/hyperref/nameref.sty
Package: nameref 2010/04/30 v2.40 Cross-referencing by name of section

(/usr/share/texlive/texmf-dist/tex/generic/oberdiek/gettitlestring.sty
Package: gettitlestring 2010/12/03 v1.4 Cleanup title references (HO)
)
\c@section@level=\count155
)
LaTeX Info: Redefining \ref on input line 38.
LaTeX Info: Redefining \pageref on input line 38.
LaTeX Info: Redefining \nameref on input line 38.
LaTeX Font Info:    Font shape `OT1/ptm/bx/n' in size <14.4> not available
(Font)              Font shape `OT1/ptm/b/n' tried instead on input line 61.
LaTeX Font Info:    Try loading font information for U+msa on input line 61.

(/usr/share/texlive/texmf-dist/tex/latex/amsfonts/umsa.fd
File: umsa.fd 2009/06/22 v3.00 AMS symbols A
)
LaTeX Font Info:    Try loading font information for U+msb on input line 61.

(/usr/share/texlive/texmf-dist/tex/latex/amsfonts/umsb.fd
File: umsb.fd 2009/06/22 v3.00 AMS symbols B
) (./abstract.tex
LaTeX Font Info:    Font shape `OT1/ptm/bx/n' in size <12> not available
(Font)              Font shape `OT1/ptm/b/n' tried instead on input line 1.
)
(./intro.tex
<fig/aligned_lions/cropped_image.jpg, id=21, 382.42876pt x 256.96pt>
File: fig/aligned_lions/cropped_image.jpg Graphic file (type jpg)

<use fig/aligned_lions/cropped_image.jpg>
Package pdftex.def Info: fig/aligned_lions/cropped_image.jpg used on input line
 28.
(pdftex.def)             Requested size: 56.91393pt x 38.24042pt.

<fig/aligned_lions/mcg_underseg.png, id=22, 382.42876pt x 256.96pt>
File: fig/aligned_lions/mcg_underseg.png Graphic file (type png)

<use fig/aligned_lions/mcg_underseg.png>
Package pdftex.def Info: fig/aligned_lions/mcg_underseg.png used on input line 
31.
(pdftex.def)             Requested size: 56.91393pt x 38.24042pt.

<fig/aligned_lions/mcg_our_underseg.png, id=23, 382.42876pt x 256.96pt>
File: fig/aligned_lions/mcg_our_underseg.png Graphic file (type png)

<use fig/aligned_lions/mcg_our_underseg.png>
Package pdftex.def Info: fig/aligned_lions/mcg_our_underseg.png used on input l
ine 32.
(pdftex.def)             Requested size: 56.91393pt x 38.24042pt.

<fig/aligned_lions/mcg_mid.png, id=24, 382.42876pt x 256.96pt>
File: fig/aligned_lions/mcg_mid.png Graphic file (type png)

<use fig/aligned_lions/mcg_mid.png>
Package pdftex.def Info: fig/aligned_lions/mcg_mid.png used on input line 35.
(pdftex.def)             Requested size: 56.91393pt x 38.24042pt.

<fig/aligned_lions/mcg_our_good.png, id=25, 382.42876pt x 256.96pt>
File: fig/aligned_lions/mcg_our_good.png Graphic file (type png)

<use fig/aligned_lions/mcg_our_good.png>
Package pdftex.def Info: fig/aligned_lions/mcg_our_good.png used on input line 
36.
(pdftex.def)             Requested size: 56.91393pt x 38.24042pt.

<fig/aligned_lions/mcg_overseg.png, id=26, 382.42876pt x 256.96pt>
File: fig/aligned_lions/mcg_overseg.png Graphic file (type png)

<use fig/aligned_lions/mcg_overseg.png>
Package pdftex.def Info: fig/aligned_lions/mcg_overseg.png used on input line 3
9.
(pdftex.def)             Requested size: 56.91393pt x 38.24042pt.

<fig/aligned_lions/mcg_our_overseg.png, id=27, 382.42876pt x 256.96pt>
File: fig/aligned_lions/mcg_our_overseg.png Graphic file (type png)

<use fig/aligned_lions/mcg_our_overseg.png>
Package pdftex.def Info: fig/aligned_lions/mcg_our_overseg.png used on input li
ne 40.
(pdftex.def)             Requested size: 56.91393pt x 38.24042pt.
LaTeX Font Info:    Font shape `OT1/ptm/bx/n' in size <9> not available
(Font)              Font shape `OT1/ptm/b/n' tried instead on input line 46.

<fig/hierarchy.pdf, id=29, 3028.6752pt x 822.96663pt>
File: fig/hierarchy.pdf Graphic file (type pdf)
 <use fig/hierarchy.pdf>
Package pdftex.def Info: fig/hierarchy.pdf used on input line 65.
(pdftex.def)             Requested size: 496.85625pt x 135.00507pt.
LaTeX Font Info:    Font shape `OT1/ptm/bx/n' in size <10> not available
(Font)              Font shape `OT1/ptm/b/n' tried instead on input line 78.
LaTeX Font Info:    Try loading font information for OT1+phv on input line 78.

(/usr/share/texlive/texmf-dist/tex/latex/psnfss/ot1phv.fd
File: ot1phv.fd 2001/06/04 scalable font definitions for OT1/phv.
) [1{/var/lib/texmf/fonts/map/pdftex/updmap/pdftex.map}


pdfTeX warning (ext4): destination with the same identifier (name{figure.1}) ha
s been already used, duplicate ignored

\@EveryShipout@Output ...@Org@Shipout \box \@cclv 
                                                  
l.78 
      <./fig/aligned_lions/cropped_image.jpg> <./fig/aligned_lions/mcg_underseg
.png (PNG copy)> <./fig/aligned_lions/mcg_our_underseg.png (PNG copy)> <./fig/a
ligned_lions/mcg_mid.png (PNG copy)> <./fig/aligned_lions/mcg_our_good.png (PNG
 copy)> <./fig/aligned_lions/mcg_overseg.png (PNG copy)> <./fig/aligned_lions/m
cg_our_overseg.png (PNG copy)>]) (./related.tex
Underfull \hbox (badness 1067) in paragraph at lines 4--18
 []\OT1/ptm/b/n/10 Hierarchical Seg-men-ta-tion[] \OT1/ptm/m/n/10 There is a ri
ch lit-er-a-ture
 []

[2pdfTeX warning (ext4): destination with the same identifier (name{figure.2}) 
has been already used, duplicate ignored

\@EveryShipout@Output ...@Org@Shipout \box \@cclv 
                                                  
l.29 
      <./fig/hierarchy.pdf>]
Underfull \hbox (badness 6825) in paragraph at lines 36--49
 []\OT1/ptm/b/n/10 Predicting Seg-men-ta-tion Qual-ity by Clas-si-fi-ca-tion[]
 []

) (./flat_hier.tex <fig/illu.png, id=126, 765.86125pt x 301.125pt>
File: fig/illu.png Graphic file (type png)

<use fig/illu.png>
Package pdftex.def Info: fig/illu.png used on input line 20.
(pdftex.def)             Requested size: 198.73946pt x 78.13902pt.
LaTeX Font Info:    Try loading font information for U+bbm on input line 105.
 (/usr/share/texlive/texmf-dist/tex/latex/bbm-macros/ubbm.fd
File: ubbm.fd 1999/03/15 V 1.2 Font definition for bbm font - TH
) [3pdfTeX warning (ext4): destination with the same identifier (name{figure.3}
) has been already used, duplicate ignored

\@EveryShipout@Output ...@Org@Shipout \box \@cclv 
                                                  
l.110 \begin{equation}
                       <./fig/illu.png>]
Package hyperref Info: bookmark level for unknown algorithm defaults to 0 on in
put line 180.

Underfull \hbox (badness 10000) in paragraph at lines 189--190
[] []$\OML/cmm/m/it/10 E[] \OMS/cmsy/m/n/10   \OML/cmm/m/it/10 min\OT1/cmr/m/n/
10 ([][] \OML/cmm/m/it/10 E[] \OT1/cmr/m/n/10 + \OML/cmm/m/it/10 ^^U \OMS/cmsy/
m/n/10 ^^A \OT1/cmr/m/n/10 #(\OML/cmm/m/it/10 v[]\OT1/cmr/m/n/10 ) \OMS/cmsy/m/
n/10 ^^A
 []

[4]) (./result.tex
LaTeX Font Info:    Try loading font information for OMS+ptm on input line 37.
 (/usr/share/texlive/texmf-dist/tex/latex/psnfss/omsptm.fd
File: omsptm.fd 
)
LaTeX Font Info:    Font shape `OMS/ptm/m/n' in size <10> not available
(Font)              Font shape `OMS/cmsy/m/n' tried instead on input line 37.

[5]
Overfull \hbox (11.29648pt too wide) in paragraph at lines 168--201
 [] 
 []


Underfull \vbox (badness 10000) has occurred while \output is active []


Overfull \hbox (11.29393pt too wide) in paragraph at lines 221--250
 [] 
 []

<fig/vis/stack_1.png, id=242, 2172.61688pt x 1135.24126pt>
File: fig/vis/stack_1.png Graphic file (type png)

<use fig/vis/stack_1.png>
Package pdftex.def Info: fig/vis/stack_1.png used on input line 259.
(pdftex.def)             Requested size: 483.69684pt x 252.73329pt.

<fig/vis/stack_2.png, id=243, 2172.61688pt x 1135.24126pt>
File: fig/vis/stack_2.png Graphic file (type png)

<use fig/vis/stack_2.png>
Package pdftex.def Info: fig/vis/stack_2.png used on input line 260.
(pdftex.def)             Requested size: 483.69684pt x 252.73329pt.
PGFPlots: reading {data/A-MCG_qual_vs_nregs.txt}
PGFPlots: reading {data/MCG_qual_vs_nregs.txt}
PGFPlots: reading {data/A-SCG_qual_vs_nregs.txt}
PGFPlots: reading {data/SCG_qual_vs_nregs.txt}
PGFPlots: reading {data/A-gPb-UCM_qual_vs_nregs.txt}
PGFPlots: reading {data/gPb-UCM_qual_vs_nregs.txt}
PGFPlots: reading {data/A-PMI_qual_vs_nregs.txt}
PGFPlots: reading {data/PMI2_qual_vs_nregs.txt}

<fig/visual_result/visual_result_1_1.png, id=244, 482.80376pt x 322.20375pt>
File: fig/visual_result/visual_result_1_1.png Graphic file (type png)

<use fig/visual_result/visual_result_1_1.png>
Package pdftex.def Info: fig/visual_result/visual_result_1_1.png used on input 
line 313.
(pdftex.def)             Requested size: 56.9055pt x 37.97447pt.

<fig/visual_result/visual_result_1_2.png, id=245, 482.80376pt x 322.20375pt>
File: fig/visual_result/visual_result_1_2.png Graphic file (type png)

<use fig/visual_result/visual_result_1_2.png>
Package pdftex.def Info: fig/visual_result/visual_result_1_2.png used on input 
line 314.
(pdftex.def)             Requested size: 56.9055pt x 37.97447pt.

<fig/visual_result/visual_result_1_3.png, id=246, 482.80376pt x 322.20375pt>
File: fig/visual_result/visual_result_1_3.png Graphic file (type png)

<use fig/visual_result/visual_result_1_3.png>
Package pdftex.def Info: fig/visual_result/visual_result_1_3.png used on input 
line 315.
(pdftex.def)             Requested size: 56.9055pt x 37.97447pt.

<fig/visual_result/visual_result_1_4.png, id=247, 482.80376pt x 322.20375pt>
File: fig/visual_result/visual_result_1_4.png Graphic file (type png)

<use fig/visual_result/visual_result_1_4.png>
Package pdftex.def Info: fig/visual_result/visual_result_1_4.png used on input 
line 316.
(pdftex.def)             Requested size: 56.9055pt x 37.97447pt.

<fig/visual_result/visual_result_1_5.png, id=248, 482.80376pt x 322.20375pt>
File: fig/visual_result/visual_result_1_5.png Graphic file (type png)

<use fig/visual_result/visual_result_1_5.png>
Package pdftex.def Info: fig/visual_result/visual_result_1_5.png used on input 
line 317.
(pdftex.def)             Requested size: 56.9055pt x 37.97447pt.

<fig/visual_result/visual_result_1_6.png, id=249, 482.80376pt x 322.20375pt>
File: fig/visual_result/visual_result_1_6.png Graphic file (type png)

<use fig/visual_result/visual_result_1_6.png>
Package pdftex.def Info: fig/visual_result/visual_result_1_6.png used on input 
line 318.
(pdftex.def)             Requested size: 56.9055pt x 37.97447pt.

<fig/visual_result/visual_result_1_7.png, id=250, 482.80376pt x 322.20375pt>
File: fig/visual_result/visual_result_1_7.png Graphic file (type png)

<use fig/visual_result/visual_result_1_7.png>
Package pdftex.def Info: fig/visual_result/visual_result_1_7.png used on input 
line 319.
(pdftex.def)             Requested size: 56.9055pt x 37.97447pt.

<fig/visual_result/visual_result_2_1.png, id=251, 482.80376pt x 322.20375pt>
File: fig/visual_result/visual_result_2_1.png Graphic file (type png)

<use fig/visual_result/visual_result_2_1.png>
Package pdftex.def Info: fig/visual_result/visual_result_2_1.png used on input 
line 321.
(pdftex.def)             Requested size: 56.9055pt x 37.97447pt.

<fig/visual_result/visual_result_2_2.png, id=252, 482.80376pt x 322.20375pt>
File: fig/visual_result/visual_result_2_2.png Graphic file (type png)

<use fig/visual_result/visual_result_2_2.png>
Package pdftex.def Info: fig/visual_result/visual_result_2_2.png used on input 
line 322.
(pdftex.def)             Requested size: 56.9055pt x 37.97447pt.

<fig/visual_result/visual_result_2_3.png, id=253, 482.80376pt x 322.20375pt>
File: fig/visual_result/visual_result_2_3.png Graphic file (type png)

<use fig/visual_result/visual_result_2_3.png>
Package pdftex.def Info: fig/visual_result/visual_result_2_3.png used on input 
line 323.
(pdftex.def)             Requested size: 56.9055pt x 37.97447pt.

<fig/visual_result/visual_result_2_4.png, id=254, 482.80376pt x 322.20375pt>
File: fig/visual_result/visual_result_2_4.png Graphic file (type png)

<use fig/visual_result/visual_result_2_4.png>
Package pdftex.def Info: fig/visual_result/visual_result_2_4.png used on input 
line 324.
(pdftex.def)             Requested size: 56.9055pt x 37.97447pt.

<fig/visual_result/visual_result_2_5.png, id=255, 482.80376pt x 322.20375pt>
File: fig/visual_result/visual_result_2_5.png Graphic file (type png)

<use fig/visual_result/visual_result_2_5.png>
Package pdftex.def Info: fig/visual_result/visual_result_2_5.png used on input 
line 325.
(pdftex.def)             Requested size: 56.9055pt x 37.97447pt.

<fig/visual_result/visual_result_2_6.png, id=256, 482.80376pt x 322.20375pt>
File: fig/visual_result/visual_result_2_6.png Graphic file (type png)

<use fig/visual_result/visual_result_2_6.png>
Package pdftex.def Info: fig/visual_result/visual_result_2_6.png used on input 
line 326.
(pdftex.def)             Requested size: 56.9055pt x 37.97447pt.

<fig/visual_result/visual_result_2_7.png, id=257, 482.80376pt x 322.20375pt>
File: fig/visual_result/visual_result_2_7.png Graphic file (type png)

<use fig/visual_result/visual_result_2_7.png>
Package pdftex.def Info: fig/visual_result/visual_result_2_7.png used on input 
line 327.
(pdftex.def)             Requested size: 56.9055pt x 37.97447pt.

<fig/visual_result/visual_result_3_1.png, id=258, 482.80376pt x 322.20375pt>
File: fig/visual_result/visual_result_3_1.png Graphic file (type png)

<use fig/visual_result/visual_result_3_1.png>
Package pdftex.def Info: fig/visual_result/visual_result_3_1.png used on input 
line 329.
(pdftex.def)             Requested size: 56.9055pt x 37.97447pt.

<fig/visual_result/visual_result_3_2.png, id=259, 482.80376pt x 322.20375pt>
File: fig/visual_result/visual_result_3_2.png Graphic file (type png)

<use fig/visual_result/visual_result_3_2.png>
Package pdftex.def Info: fig/visual_result/visual_result_3_2.png used on input 
line 330.
(pdftex.def)             Requested size: 56.9055pt x 37.97447pt.

<fig/visual_result/visual_result_3_3.png, id=260, 482.80376pt x 322.20375pt>
File: fig/visual_result/visual_result_3_3.png Graphic file (type png)

<use fig/visual_result/visual_result_3_3.png>
Package pdftex.def Info: fig/visual_result/visual_result_3_3.png used on input 
line 331.
(pdftex.def)             Requested size: 56.9055pt x 37.97447pt.

<fig/visual_result/visual_result_3_4.png, id=261, 482.80376pt x 322.20375pt>
File: fig/visual_result/visual_result_3_4.png Graphic file (type png)

<use fig/visual_result/visual_result_3_4.png>
Package pdftex.def Info: fig/visual_result/visual_result_3_4.png used on input 
line 332.
(pdftex.def)             Requested size: 56.9055pt x 37.97447pt.

<fig/visual_result/visual_result_3_5.png, id=262, 482.80376pt x 322.20375pt>
File: fig/visual_result/visual_result_3_5.png Graphic file (type png)

<use fig/visual_result/visual_result_3_5.png>
Package pdftex.def Info: fig/visual_result/visual_result_3_5.png used on input 
line 333.
(pdftex.def)             Requested size: 56.9055pt x 37.97447pt.

<fig/visual_result/visual_result_3_6.png, id=263, 482.80376pt x 322.20375pt>
File: fig/visual_result/visual_result_3_6.png Graphic file (type png)

<use fig/visual_result/visual_result_3_6.png>
Package pdftex.def Info: fig/visual_result/visual_result_3_6.png used on input 
line 334.
(pdftex.def)             Requested size: 56.9055pt x 37.97447pt.

<fig/visual_result/visual_result_3_7.png, id=264, 482.80376pt x 322.20375pt>
File: fig/visual_result/visual_result_3_7.png Graphic file (type png)

<use fig/visual_result/visual_result_3_7.png>
Package pdftex.def Info: fig/visual_result/visual_result_3_7.png used on input 
line 335.
(pdftex.def)             Requested size: 56.9055pt x 37.97447pt.

<fig/visual_result/visual_result_4_1.png, id=265, 482.80376pt x 322.20375pt>
File: fig/visual_result/visual_result_4_1.png Graphic file (type png)

<use fig/visual_result/visual_result_4_1.png>
Package pdftex.def Info: fig/visual_result/visual_result_4_1.png used on input 
line 337.
(pdftex.def)             Requested size: 56.9055pt x 37.97447pt.

<fig/visual_result/visual_result_4_2.png, id=266, 482.80376pt x 322.20375pt>
File: fig/visual_result/visual_result_4_2.png Graphic file (type png)

<use fig/visual_result/visual_result_4_2.png>
Package pdftex.def Info: fig/visual_result/visual_result_4_2.png used on input 
line 338.
(pdftex.def)             Requested size: 56.9055pt x 37.97447pt.

<fig/visual_result/visual_result_4_3.png, id=267, 482.80376pt x 322.20375pt>
File: fig/visual_result/visual_result_4_3.png Graphic file (type png)

<use fig/visual_result/visual_result_4_3.png>
Package pdftex.def Info: fig/visual_result/visual_result_4_3.png used on input 
line 339.
(pdftex.def)             Requested size: 56.9055pt x 37.97447pt.

<fig/visual_result/visual_result_4_4.png, id=268, 482.80376pt x 322.20375pt>
File: fig/visual_result/visual_result_4_4.png Graphic file (type png)

<use fig/visual_result/visual_result_4_4.png>
Package pdftex.def Info: fig/visual_result/visual_result_4_4.png used on input 
line 340.
(pdftex.def)             Requested size: 56.9055pt x 37.97447pt.

<fig/visual_result/visual_result_4_5.png, id=269, 482.80376pt x 322.20375pt>
File: fig/visual_result/visual_result_4_5.png Graphic file (type png)

<use fig/visual_result/visual_result_4_5.png>
Package pdftex.def Info: fig/visual_result/visual_result_4_5.png used on input 
line 341.
(pdftex.def)             Requested size: 56.9055pt x 37.97447pt.

<fig/visual_result/visual_result_4_6.png, id=270, 482.80376pt x 322.20375pt>
File: fig/visual_result/visual_result_4_6.png Graphic file (type png)

<use fig/visual_result/visual_result_4_6.png>
Package pdftex.def Info: fig/visual_result/visual_result_4_6.png used on input 
line 342.
(pdftex.def)             Requested size: 56.9055pt x 37.97447pt.

<fig/visual_result/visual_result_4_7.png, id=271, 482.80376pt x 322.20375pt>
File: fig/visual_result/visual_result_4_7.png Graphic file (type png)

<use fig/visual_result/visual_result_4_7.png>
Package pdftex.def Info: fig/visual_result/visual_result_4_7.png used on input 
line 343.
(pdftex.def)             Requested size: 56.9055pt x 37.97447pt.

<fig/visual_result/visual_result_5_1.png, id=272, 482.80376pt x 322.20375pt>
File: fig/visual_result/visual_result_5_1.png Graphic file (type png)

<use fig/visual_result/visual_result_5_1.png>
Package pdftex.def Info: fig/visual_result/visual_result_5_1.png used on input 
line 345.
(pdftex.def)             Requested size: 56.9055pt x 37.97447pt.

<fig/visual_result/visual_result_5_2.png, id=273, 482.80376pt x 322.20375pt>
File: fig/visual_result/visual_result_5_2.png Graphic file (type png)

<use fig/visual_result/visual_result_5_2.png>
Package pdftex.def Info: fig/visual_result/visual_result_5_2.png used on input 
line 346.
(pdftex.def)             Requested size: 56.9055pt x 37.97447pt.

<fig/visual_result/visual_result_5_3.png, id=274, 482.80376pt x 322.20375pt>
File: fig/visual_result/visual_result_5_3.png Graphic file (type png)

<use fig/visual_result/visual_result_5_3.png>
Package pdftex.def Info: fig/visual_result/visual_result_5_3.png used on input 
line 347.
(pdftex.def)             Requested size: 56.9055pt x 37.97447pt.

<fig/visual_result/visual_result_5_4.png, id=275, 482.80376pt x 322.20375pt>
File: fig/visual_result/visual_result_5_4.png Graphic file (type png)

<use fig/visual_result/visual_result_5_4.png>
Package pdftex.def Info: fig/visual_result/visual_result_5_4.png used on input 
line 348.
(pdftex.def)             Requested size: 56.9055pt x 37.97447pt.

<fig/visual_result/visual_result_5_5.png, id=276, 482.80376pt x 322.20375pt>
File: fig/visual_result/visual_result_5_5.png Graphic file (type png)

<use fig/visual_result/visual_result_5_5.png>
Package pdftex.def Info: fig/visual_result/visual_result_5_5.png used on input 
line 349.
(pdftex.def)             Requested size: 56.9055pt x 37.97447pt.

<fig/visual_result/visual_result_5_6.png, id=277, 482.80376pt x 322.20375pt>
File: fig/visual_result/visual_result_5_6.png Graphic file (type png)

<use fig/visual_result/visual_result_5_6.png>
Package pdftex.def Info: fig/visual_result/visual_result_5_6.png used on input 
line 350.
(pdftex.def)             Requested size: 56.9055pt x 37.97447pt.

<fig/visual_result/visual_result_5_7.png, id=278, 482.80376pt x 322.20375pt>
File: fig/visual_result/visual_result_5_7.png Graphic file (type png)

<use fig/visual_result/visual_result_5_7.png>
Package pdftex.def Info: fig/visual_result/visual_result_5_7.png used on input 
line 351.
(pdftex.def)             Requested size: 56.9055pt x 37.97447pt.

<fig/visual_result/visual_result_6_1.png, id=279, 322.20375pt x 482.80376pt>
File: fig/visual_result/visual_result_6_1.png Graphic file (type png)

<use fig/visual_result/visual_result_6_1.png>
Package pdftex.def Info: fig/visual_result/visual_result_6_1.png used on input 
line 353.
(pdftex.def)             Requested size: 56.9055pt x 85.26546pt.

<fig/visual_result/visual_result_6_2.png, id=280, 322.20375pt x 482.80376pt>
File: fig/visual_result/visual_result_6_2.png Graphic file (type png)

<use fig/visual_result/visual_result_6_2.png>
Package pdftex.def Info: fig/visual_result/visual_result_6_2.png used on input 
line 354.
(pdftex.def)             Requested size: 56.9055pt x 85.26546pt.

<fig/visual_result/visual_result_6_3.png, id=281, 322.20375pt x 482.80376pt>
File: fig/visual_result/visual_result_6_3.png Graphic file (type png)

<use fig/visual_result/visual_result_6_3.png>
Package pdftex.def Info: fig/visual_result/visual_result_6_3.png used on input 
line 355.
(pdftex.def)             Requested size: 56.9055pt x 85.26546pt.

<fig/visual_result/visual_result_6_4.png, id=282, 322.20375pt x 482.80376pt>
File: fig/visual_result/visual_result_6_4.png Graphic file (type png)

<use fig/visual_result/visual_result_6_4.png>
Package pdftex.def Info: fig/visual_result/visual_result_6_4.png used on input 
line 356.
(pdftex.def)             Requested size: 56.9055pt x 85.26546pt.

<fig/visual_result/visual_result_6_5.png, id=283, 322.20375pt x 482.80376pt>
File: fig/visual_result/visual_result_6_5.png Graphic file (type png)

<use fig/visual_result/visual_result_6_5.png>
Package pdftex.def Info: fig/visual_result/visual_result_6_5.png used on input 
line 357.
(pdftex.def)             Requested size: 56.9055pt x 85.26546pt.

<fig/visual_result/visual_result_6_6.png, id=284, 322.20375pt x 482.80376pt>
File: fig/visual_result/visual_result_6_6.png Graphic file (type png)

<use fig/visual_result/visual_result_6_6.png>
Package pdftex.def Info: fig/visual_result/visual_result_6_6.png used on input 
line 358.
(pdftex.def)             Requested size: 56.9055pt x 85.26546pt.

<fig/visual_result/visual_result_6_7.png, id=285, 322.20375pt x 482.80376pt>
File: fig/visual_result/visual_result_6_7.png Graphic file (type png)

<use fig/visual_result/visual_result_6_7.png>
Package pdftex.def Info: fig/visual_result/visual_result_6_7.png used on input 
line 359.
(pdftex.def)             Requested size: 56.9055pt x 85.26546pt.
 [6pdfTeX warning (ext4): destination with the same identifier (name{table.1}) 
has been already used, duplicate ignored

\@EveryShipout@Output ...@Org@Shipout \box \@cclv 
                                                  
l.374 
      pdfTeX warning (ext4): destination with the same identifier (name{table.2
}) has been already used, duplicate ignored

\@EveryShipout@Output ...@Org@Shipout \box \@cclv 
                                                  
l.374 
      pdfTeX warning (ext4): destination with the same identifier (name{figure.
5}) has been already used, duplicate ignored

\@EveryShipout@Output ...@Org@Shipout \box \@cclv 
                                                  
l.374 
      ]
Underfull \vbox (badness 10000) has occurred while \output is active []


Underfull \vbox (badness 10000) has occurred while \output is active []

 [7pdfTeX warning (ext4): destination with the same identifier (name{figure.4})
 has been already used, duplicate ignored

\@EveryShipout@Output ...@Org@Shipout \box \@cclv 
                                                  
l.385 
       <./fig/vis/stack_1.png> <./fig/vis/stack_2.png>]) (./conclusion.tex)
Underfull \vbox (badness 4328) has occurred while \output is active []

 (./main.bbl (./main.brf)
\tf@brf=\write4
\openout4 = `main.brf'.

 [8pdfTeX warning (ext4): destination with the same identifier (name{figure.6})
 has been already used, duplicate ignored

\@EveryShipout@Output ...@Org@Shipout \box \@cclv 
                                                  
l.20 
      <./fig/visual_result/visual_result_1_1.png (PNG copy)> <./fig/visual_resu
lt/visual_result_1_2.png (PNG copy)> <./fig/visual_result/visual_result_1_3.png
 (PNG copy)> <./fig/visual_result/visual_result_1_4.png (PNG copy)> <./fig/visu
al_result/visual_result_1_5.png (PNG copy)> <./fig/visual_result/visual_result_
1_6.png (PNG copy)> <./fig/visual_result/visual_result_1_7.png (PNG copy)> <./f
ig/visual_result/visual_result_2_1.png (PNG copy)> <./fig/visual_result/visual_
result_2_2.png (PNG copy)> <./fig/visual_result/visual_result_2_3.png (PNG copy
)> <./fig/visual_result/visual_result_2_4.png (PNG copy)> <./fig/visual_result/
visual_result_2_5.png (PNG copy)> <./fig/visual_result/visual_result_2_6.png (P
NG copy)> <./fig/visual_result/visual_result_2_7.png (PNG copy)> <./fig/visual_
result/visual_result_3_1.png (PNG copy)> <./fig/visual_result/visual_result_3_2
.png (PNG copy)> <./fig/visual_result/visual_result_3_3.png (PNG copy)> <./fig/
visual_result/visual_result_3_4.png (PNG copy)> <./fig/visual_result/visual_res
ult_3_5.png (PNG copy)> <./fig/visual_result/visual_result_3_6.png (PNG copy)> 
<./fig/visual_result/visual_result_3_7.png (PNG copy)> <./fig/visual_result/vis
ual_result_4_1.png (PNG copy)> <./fig/visual_result/visual_result_4_2.png (PNG 
copy)> <./fig/visual_result/visual_result_4_3.png (PNG copy)> <./fig/visual_res
ult/visual_result_4_4.png (PNG copy)> <./fig/visual_result/visual_result_4_5.pn
g (PNG copy)> <./fig/visual_result/visual_result_4_6.png (PNG copy)> <./fig/vis
ual_result/visual_result_4_7.png (PNG copy)> <./fig/visual_result/visual_result
_5_1.png (PNG copy)> <./fig/visual_result/visual_result_5_2.png (PNG copy)> <./
fig/visual_result/visual_result_5_3.png (PNG copy)> <./fig/visual_result/visual
_result_5_4.png (PNG copy)> <./fig/visual_result/visual_result_5_5.png (PNG cop
y)> <./fig/visual_result/visual_result_5_6.png (PNG copy)> <./fig/visual_result
/visual_result_5_7.png (PNG copy)> <./fig/visual_result/visual_result_6_1.png (
PNG copy)> <./fig/visual_result/visual_result_6_2.png (PNG copy)> <./fig/visual
_result/visual_result_6_3.png (PNG copy)> <./fig/visual_result/visual_result_6_
4.png (PNG copy)> <./fig/visual_result/visual_result_6_5.png (PNG copy)> <./fig
/visual_result/visual_result_6_6.png (PNG copy)> <./fig/visual_result/visual_re
sult_6_7.png (PNG copy)>])
Package atveryend Info: Empty hook `BeforeClearDocument' on input line 78.
 [9]
Package atveryend Info: Empty hook `AfterLastShipout' on input line 78.
 (./main.aux)
Package atveryend Info: Executing hook `AtVeryEndDocument' on input line 78.
Package atveryend Info: Executing hook `AtEndAfterFileList' on input line 78.
Package rerunfilecheck Info: File `main.brf' has not changed.
(rerunfilecheck)             Checksum: FEBBE6F2B4EC9B07F295467A507C3986;2897.
Package atveryend Info: Empty hook `AtVeryVeryEnd' on input line 78.
 ) 
Here is how much of TeX's memory you used:
 22606 strings out of 493485
 497487 string characters out of 3143527
 742349 words of memory out of 3000000
 25269 multiletter control sequences out of 15000+200000
 41136 words of font info for 90 fonts, out of 3000000 for 9000
 957 hyphenation exceptions out of 8191
 56i,22n,97p,1057b,1852s stack positions out of 5000i,500n,10000p,200000b,50000s
 </home/daid/.texmf-var/fonts/pk/ljfour/public/bbm/bbm10.600pk>{/usr/share/te
xlive/texmf-dist/fonts/enc/dvips/base/8r.enc}</usr/share/texlive/texmf-dist/fon
ts/type1/public/amsfonts/cm/cmbx10.pfb></usr/share/texlive/texmf-dist/fonts/typ
e1/public/amsfonts/cm/cmbx7.pfb></usr/share/texlive/texmf-dist/fonts/type1/publ
ic/amsfonts/cm/cmex10.pfb></usr/share/texlive/texmf-dist/fonts/type1/public/ams
fonts/cm/cmmi10.pfb></usr/share/texlive/texmf-dist/fonts/type1/public/amsfonts/
cm/cmmi5.pfb></usr/share/texlive/texmf-dist/fonts/type1/public/amsfonts/cm/cmmi
7.pfb></usr/share/texlive/texmf-dist/fonts/type1/public/amsfonts/cm/cmr10.pfb><
/usr/share/texlive/texmf-dist/fonts/type1/public/amsfonts/cm/cmr6.pfb></usr/sha
re/texlive/texmf-dist/fonts/type1/public/amsfonts/cm/cmr7.pfb></usr/share/texli
ve/texmf-dist/fonts/type1/public/amsfonts/cm/cmsy10.pfb></usr/share/texlive/tex
mf-dist/fonts/type1/public/amsfonts/cm/cmsy6.pfb></usr/share/texlive/texmf-dist
/fonts/type1/public/amsfonts/cm/cmsy7.pfb></usr/share/texlive/texmf-dist/fonts/
type1/public/amsfonts/cm/cmsy9.pfb></usr/share/texlive/texmf-dist/fonts/type1/u
rw/helvetic/uhvb8a.pfb></usr/share/texlive/texmf-dist/fonts/type1/urw/helvetic/
uhvr8a.pfb></usr/share/texlive/texmf-dist/fonts/type1/urw/times/utmb8a.pfb></us
r/share/texlive/texmf-dist/fonts/type1/urw/times/utmr8a.pfb></usr/share/texlive
/texmf-dist/fonts/type1/urw/times/utmri8a.pfb>
Output written on main.pdf (9 pages, 6336231 bytes).
PDF statistics:
 456 PDF objects out of 1000 (max. 8388607)
 346 compressed objects within 4 object streams
 88 named destinations out of 1000 (max. 500000)
 278 words of extra memory for PDF output out of 10000 (max. 10000000)

