This is pdfTeX, Version 3.1415926-2.4-1.40.13 (TeX Live 2012/Debian) (format=pdflatex 2015.1.28)  11 FEB 2015 11:29
entering extended mode
 restricted \write18 enabled.
 %&-line parsing enabled.
**main.tex
(./main.tex
LaTeX2e <2011/06/27>
Babel <v3.8m> and hyphenation patterns for english, dumylang, nohyphenation, et
hiopic, farsi, arabic, pinyin, croatian, bulgarian, ukrainian, russian, slovak,
 czech, danish, dutch, usenglishmax, ukenglish, finnish, french, basque, ngerma
n, german, swissgerman, ngerman-x-2012-05-30, german-x-2012-05-30, monogreek, g
reek, ibycus, ancientgreek, hungarian, bengali, tamil, hindi, telugu, gujarati,
 sanskrit, malayalam, kannada, assamese, marathi, oriya, panjabi, italian, lati
n, latvian, lithuanian, mongolian, mongolianlmc, nynorsk, bokmal, indonesian, e
speranto, coptic, welsh, irish, interlingua, serbian, serbianc, slovenian, friu
lan, romansh, estonian, romanian, armenian, uppersorbian, turkish, afrikaans, i
celandic, kurmanji, polish, portuguese, galician, catalan, spanish, swedish, th
ai, loaded.
(/usr/share/texlive/texmf-dist/tex/latex/base/article.cls
Document Class: article 2007/10/19 v1.4h Standard LaTeX document class
(/usr/share/texlive/texmf-dist/tex/latex/base/size10.clo
File: size10.clo 2007/10/19 v1.4h Standard LaTeX file (size option)
)
\c@part=\count79
\c@section=\count80
\c@subsection=\count81
\c@subsubsection=\count82
\c@paragraph=\count83
\c@subparagraph=\count84
\c@figure=\count85
\c@table=\count86
\abovecaptionskip=\skip41
\belowcaptionskip=\skip42
\bibindent=\dimen102
) (./cvpr.sty
(./eso-pic.sty
Package: eso-pic 2002/11/16 v1.1b eso-pic (RN)
 (./cvpr_eso.sty

LaTeX Warning: You have requested package `eso-pic',
               but the package provides `everyshi'.

Package: everyshi 2001/05/15 v3.00 EveryShipout Package (MS)
) (/usr/share/texlive/texmf-dist/tex/latex/graphics/keyval.sty
Package: keyval 1999/03/16 v1.13 key=value parser (DPC)
\KV@toks@=\toks14
))
(/usr/share/texlive/texmf-dist/tex/latex/tools/xspace.sty
Package: xspace 2009/10/20 v1.13 Space after command names (DPC,MH)
)
CVPR 8.5 x 11-Inch Proceedings Style `cvpr.sty'.
\@ctmp=\skip43
\@figindent=\skip44
\cvprrulerbox=\box26
\cvprrulercount=\count87
\cvprruleroffset=\dimen103
\cv@lineheight=\dimen104
\cv@boxheight=\dimen105
\cv@tmpbox=\box27
\cv@refno=\count88
\cv@tot=\count89
\cv@tmpc@=\count90
\cv@tmpc=\count91
) (/usr/share/texlive/texmf-dist/tex/latex/psnfss/times.sty
Package: times 2005/04/12 PSNFSS-v9.2a (SPQR) 
)
(/usr/share/texlive/texmf-dist/tex/latex/graphics/epsfig.sty
Package: epsfig 1999/02/16 v1.7a (e)psfig emulation (SPQR)

(/usr/share/texlive/texmf-dist/tex/latex/graphics/graphicx.sty
Package: graphicx 1999/02/16 v1.0f Enhanced LaTeX Graphics (DPC,SPQR)

(/usr/share/texlive/texmf-dist/tex/latex/graphics/graphics.sty
Package: graphics 2009/02/05 v1.0o Standard LaTeX Graphics (DPC,SPQR)

(/usr/share/texlive/texmf-dist/tex/latex/graphics/trig.sty
Package: trig 1999/03/16 v1.09 sin cos tan (DPC)
)
(/usr/share/texlive/texmf-dist/tex/latex/latexconfig/graphics.cfg
File: graphics.cfg 2010/04/23 v1.9 graphics configuration of TeX Live
)
Package graphics Info: Driver file: pdftex.def on input line 91.

(/usr/share/texlive/texmf-dist/tex/latex/pdftex-def/pdftex.def
File: pdftex.def 2011/05/27 v0.06d Graphics/color for pdfTeX

(/usr/share/texlive/texmf-dist/tex/generic/oberdiek/infwarerr.sty
Package: infwarerr 2010/04/08 v1.3 Providing info/warning/error messages (HO)
)
(/usr/share/texlive/texmf-dist/tex/generic/oberdiek/ltxcmds.sty
Package: ltxcmds 2011/11/09 v1.22 LaTeX kernel commands for general use (HO)
)
\Gread@gobject=\count92
))
\Gin@req@height=\dimen106
\Gin@req@width=\dimen107
)
\epsfxsize=\dimen108
\epsfysize=\dimen109
)
(/usr/share/texlive/texmf-dist/tex/latex/amsmath/amsmath.sty
Package: amsmath 2000/07/18 v2.13 AMS math features
\@mathmargin=\skip45

For additional information on amsmath, use the `?' option.
(/usr/share/texlive/texmf-dist/tex/latex/amsmath/amstext.sty
Package: amstext 2000/06/29 v2.01

(/usr/share/texlive/texmf-dist/tex/latex/amsmath/amsgen.sty
File: amsgen.sty 1999/11/30 v2.0
\@emptytoks=\toks15
\ex@=\dimen110
))
(/usr/share/texlive/texmf-dist/tex/latex/amsmath/amsbsy.sty
Package: amsbsy 1999/11/29 v1.2d
\pmbraise@=\dimen111
)
(/usr/share/texlive/texmf-dist/tex/latex/amsmath/amsopn.sty
Package: amsopn 1999/12/14 v2.01 operator names
)
\inf@bad=\count93
LaTeX Info: Redefining \frac on input line 211.
\uproot@=\count94
\leftroot@=\count95
LaTeX Info: Redefining \overline on input line 307.
\classnum@=\count96
\DOTSCASE@=\count97
LaTeX Info: Redefining \ldots on input line 379.
LaTeX Info: Redefining \dots on input line 382.
LaTeX Info: Redefining \cdots on input line 467.
\Mathstrutbox@=\box28
\strutbox@=\box29
\big@size=\dimen112
LaTeX Font Info:    Redeclaring font encoding OML on input line 567.
LaTeX Font Info:    Redeclaring font encoding OMS on input line 568.
\macc@depth=\count98
\c@MaxMatrixCols=\count99
\dotsspace@=\muskip10
\c@parentequation=\count100
\dspbrk@lvl=\count101
\tag@help=\toks16
\row@=\count102
\column@=\count103
\maxfields@=\count104
\andhelp@=\toks17
\eqnshift@=\dimen113
\alignsep@=\dimen114
\tagshift@=\dimen115
\tagwidth@=\dimen116
\totwidth@=\dimen117
\lineht@=\dimen118
\@envbody=\toks18
\multlinegap=\skip46
\multlinetaggap=\skip47
\mathdisplay@stack=\toks19
LaTeX Info: Redefining \[ on input line 2666.
LaTeX Info: Redefining \] on input line 2667.
)
(/usr/share/texlive/texmf-dist/tex/latex/amsfonts/amssymb.sty
Package: amssymb 2009/06/22 v3.00

(/usr/share/texlive/texmf-dist/tex/latex/amsfonts/amsfonts.sty
Package: amsfonts 2009/06/22 v3.00 Basic AMSFonts support
\symAMSa=\mathgroup4
\symAMSb=\mathgroup5
LaTeX Font Info:    Overwriting math alphabet `\mathfrak' in version `bold'
(Font)                  U/euf/m/n --> U/euf/b/n on input line 96.
))
(/usr/share/texlive/texmf-dist/tex/latex/graphics/color.sty
Package: color 2005/11/14 v1.0j Standard LaTeX Color (DPC)

(/usr/share/texlive/texmf-dist/tex/latex/latexconfig/color.cfg
File: color.cfg 2007/01/18 v1.5 color configuration of teTeX/TeXLive
)
Package color Info: Driver file: pdftex.def on input line 130.
)
(/usr/share/texlive/texmf-dist/tex/latex/rotating/rotating.sty
Package: rotating 2009/03/28 v2.16a rotated objects in LaTeX

(/usr/share/texlive/texmf-dist/tex/latex/base/ifthen.sty
Package: ifthen 2001/05/26 v1.1c Standard LaTeX ifthen package (DPC)
)
\c@r@tfl@t=\count105
\rotFPtop=\skip48
\rotFPbot=\skip49
\rot@float@box=\box30
\rot@mess@toks=\toks20
)
(/usr/share/texlive/texmf-dist/tex/latex/hyperref/hyperref.sty
Package: hyperref 2012/05/13 v6.82q Hypertext links for LaTeX

(/usr/share/texlive/texmf-dist/tex/generic/oberdiek/hobsub-hyperref.sty
Package: hobsub-hyperref 2012/05/28 v1.13 Bundle oberdiek, subset hyperref (HO)


(/usr/share/texlive/texmf-dist/tex/generic/oberdiek/hobsub-generic.sty
Package: hobsub-generic 2012/05/28 v1.13 Bundle oberdiek, subset generic (HO)
Package: hobsub 2012/05/28 v1.13 Construct package bundles (HO)
Package hobsub Info: Skipping package `infwarerr' (already loaded).
Package hobsub Info: Skipping package `ltxcmds' (already loaded).
Package: ifluatex 2010/03/01 v1.3 Provides the ifluatex switch (HO)
Package ifluatex Info: LuaTeX not detected.
Package: ifvtex 2010/03/01 v1.5 Detect VTeX and its facilities (HO)
Package ifvtex Info: VTeX not detected.
Package: intcalc 2007/09/27 v1.1 Expandable calculations with integers (HO)
Package: ifpdf 2011/01/30 v2.3 Provides the ifpdf switch (HO)
Package ifpdf Info: pdfTeX in PDF mode is detected.
Package: etexcmds 2011/02/16 v1.5 Avoid name clashes with e-TeX commands (HO)
Package etexcmds Info: Could not find \expanded.
(etexcmds)             That can mean that you are not using pdfTeX 1.50 or
(etexcmds)             that some package has redefined \expanded.
(etexcmds)             In the latter case, load this package earlier.
Package: kvsetkeys 2012/04/25 v1.16 Key value parser (HO)
Package: kvdefinekeys 2011/04/07 v1.3 Define keys (HO)
Package: pdftexcmds 2011/11/29 v0.20 Utility functions of pdfTeX for LuaTeX (HO
)
Package pdftexcmds Info: LuaTeX not detected.
Package pdftexcmds Info: \pdf@primitive is available.
Package pdftexcmds Info: \pdf@ifprimitive is available.
Package pdftexcmds Info: \pdfdraftmode found.
Package: pdfescape 2011/11/25 v1.13 Implements pdfTeX's escape features (HO)
Package: bigintcalc 2012/04/08 v1.3 Expandable calculations on big integers (HO
)
Package: bitset 2011/01/30 v1.1 Handle bit-vector datatype (HO)
Package: uniquecounter 2011/01/30 v1.2 Provide unlimited unique counter (HO)
)
Package hobsub Info: Skipping package `hobsub' (already loaded).
Package: letltxmacro 2010/09/02 v1.4 Let assignment for LaTeX macros (HO)
Package: hopatch 2012/05/28 v1.2 Wrapper for package hooks (HO)
Package: xcolor-patch 2011/01/30 xcolor patch
Package: atveryend 2011/06/30 v1.8 Hooks at the very end of document (HO)
Package atveryend Info: \enddocument detected (standard20110627).
Package: atbegshi 2011/10/05 v1.16 At begin shipout hook (HO)
Package: refcount 2011/10/16 v3.4 Data extraction from label references (HO)
Package: hycolor 2011/01/30 v1.7 Color options for hyperref/bookmark (HO)
)
(/usr/share/texlive/texmf-dist/tex/generic/ifxetex/ifxetex.sty
Package: ifxetex 2010/09/12 v0.6 Provides ifxetex conditional
)
(/usr/share/texlive/texmf-dist/tex/latex/oberdiek/kvoptions.sty
Package: kvoptions 2011/06/30 v3.11 Key value format for package options (HO)
)
\@linkdim=\dimen119
\Hy@linkcounter=\count106
\Hy@pagecounter=\count107

(/usr/share/texlive/texmf-dist/tex/latex/hyperref/pd1enc.def
File: pd1enc.def 2012/05/13 v6.82q Hyperref: PDFDocEncoding definition (HO)
)
\Hy@SavedSpaceFactor=\count108

(/usr/share/texlive/texmf-dist/tex/latex/latexconfig/hyperref.cfg
File: hyperref.cfg 2002/06/06 v1.2 hyperref configuration of TeXLive
)
Package hyperref Info: Option `breaklinks' set `false' on input line 3941.
Package hyperref Info: Hyper figures OFF on input line 4062.
Package hyperref Info: Link nesting OFF on input line 4067.
Package hyperref Info: Hyper index ON on input line 4070.
Package hyperref Info: Plain pages OFF on input line 4077.
Package hyperref Info: Backreferencing ON on input line 4080.
Package hyperref Info: Implicit mode ON; LaTeX internals redefined.
Package hyperref Info: Bookmarks ON on input line 4300.

(/usr/share/texlive/texmf-dist/tex/latex/hyperref/backref.sty
Package: backref 2010/08/30 v1.36 Bibliographical back referencing

(/usr/share/texlive/texmf-dist/tex/latex/oberdiek/rerunfilecheck.sty
Package: rerunfilecheck 2011/04/15 v1.7 Rerun checks for auxiliary files (HO)
Package uniquecounter Info: New unique counter `rerunfilecheck' on input line 2
82.
))
\c@Hy@tempcnt=\count109

(/usr/share/texlive/texmf-dist/tex/latex/url/url.sty
\Urlmuskip=\muskip11
Package: url 2006/04/12  ver 3.3  Verb mode for urls, etc.
)
LaTeX Info: Redefining \url on input line 4653.
\Fld@menulength=\count110
\Field@Width=\dimen120
\Fld@charsize=\dimen121
Package hyperref Info: Hyper figures OFF on input line 5773.
Package hyperref Info: Link nesting OFF on input line 5778.
Package hyperref Info: Hyper index ON on input line 5781.
Package hyperref Info: backreferencing ON on input line 5786.
Package hyperref Info: Link coloring OFF on input line 5793.
Package hyperref Info: Link coloring with OCG OFF on input line 5798.
Package hyperref Info: PDF/A mode OFF on input line 5803.
LaTeX Info: Redefining \ref on input line 5843.
LaTeX Info: Redefining \pageref on input line 5847.
\Hy@abspage=\count111
\c@Item=\count112
\c@Hfootnote=\count113
)

Package hyperref Message: Driver (autodetected): hpdftex.

(/usr/share/texlive/texmf-dist/tex/latex/hyperref/hpdftex.def
File: hpdftex.def 2012/05/13 v6.82q Hyperref driver for pdfTeX
\Fld@listcount=\count114
\c@bookmark@seq@number=\count115
\Hy@SectionHShift=\skip50
) (./main.aux)
\openout1 = `main.aux'.

LaTeX Font Info:    Checking defaults for OML/cmm/m/it on input line 29.
LaTeX Font Info:    ... okay on input line 29.
LaTeX Font Info:    Checking defaults for T1/cmr/m/n on input line 29.
LaTeX Font Info:    ... okay on input line 29.
LaTeX Font Info:    Checking defaults for OT1/cmr/m/n on input line 29.
LaTeX Font Info:    ... okay on input line 29.
LaTeX Font Info:    Checking defaults for OMS/cmsy/m/n on input line 29.
LaTeX Font Info:    ... okay on input line 29.
LaTeX Font Info:    Checking defaults for OMX/cmex/m/n on input line 29.
LaTeX Font Info:    ... okay on input line 29.
LaTeX Font Info:    Checking defaults for U/cmr/m/n on input line 29.
LaTeX Font Info:    ... okay on input line 29.
LaTeX Font Info:    Checking defaults for PD1/pdf/m/n on input line 29.
LaTeX Font Info:    ... okay on input line 29.
LaTeX Font Info:    Try loading font information for OT1+ptm on input line 29.

(/usr/share/texlive/texmf-dist/tex/latex/psnfss/ot1ptm.fd
File: ot1ptm.fd 2001/06/04 font definitions for OT1/ptm.
)
ABD: EveryShipout initializing macros
(/usr/share/texlive/texmf-dist/tex/context/base/supp-pdf.mkii
[Loading MPS to PDF converter (version 2006.09.02).]
\scratchcounter=\count116
\scratchdimen=\dimen122
\scratchbox=\box31
\nofMPsegments=\count117
\nofMParguments=\count118
\everyMPshowfont=\toks21
\MPscratchCnt=\count119
\MPscratchDim=\dimen123
\MPnumerator=\count120
\makeMPintoPDFobject=\count121
\everyMPtoPDFconversion=\toks22
) (/usr/share/texlive/texmf-dist/tex/latex/oberdiek/epstopdf-base.sty
Package: epstopdf-base 2010/02/09 v2.5 Base part for package epstopdf

(/usr/share/texlive/texmf-dist/tex/latex/oberdiek/grfext.sty
Package: grfext 2010/08/19 v1.1 Manage graphics extensions (HO)
)
Package grfext Info: Graphics extension search list:
(grfext)             [.png,.pdf,.jpg,.mps,.jpeg,.jbig2,.jb2,.PNG,.PDF,.JPG,.JPE
G,.JBIG2,.JB2,.eps]
(grfext)             \AppendGraphicsExtensions on input line 452.

(/usr/share/texlive/texmf-dist/tex/latex/latexconfig/epstopdf-sys.cfg
File: epstopdf-sys.cfg 2010/07/13 v1.3 Configuration of (r)epstopdf for TeX Liv
e
))
\AtBeginShipoutBox=\box32
Package atbegshi Info: Package `everyshi' patched.
Package hyperref Info: Link coloring OFF on input line 29.

(/usr/share/texlive/texmf-dist/tex/latex/hyperref/nameref.sty
Package: nameref 2010/04/30 v2.40 Cross-referencing by name of section

(/usr/share/texlive/texmf-dist/tex/generic/oberdiek/gettitlestring.sty
Package: gettitlestring 2010/12/03 v1.4 Cleanup title references (HO)
)
\c@section@level=\count122
)
LaTeX Info: Redefining \ref on input line 29.
LaTeX Info: Redefining \pageref on input line 29.
LaTeX Info: Redefining \nameref on input line 29.

(./main.out) (./main.out)
\@outlinefile=\write3
\openout3 = `main.out'.

LaTeX Font Info:    Font shape `OT1/ptm/bx/n' in size <14.4> not available
(Font)              Font shape `OT1/ptm/b/n' tried instead on input line 45.
LaTeX Font Info:    Try loading font information for U+msa on input line 45.

(/usr/share/texlive/texmf-dist/tex/latex/amsfonts/umsa.fd
File: umsa.fd 2009/06/22 v3.00 AMS symbols A
)
LaTeX Font Info:    Try loading font information for U+msb on input line 45.

(/usr/share/texlive/texmf-dist/tex/latex/amsfonts/umsb.fd
File: umsb.fd 2009/06/22 v3.00 AMS symbols B
)
LaTeX Font Info:    Try loading font information for OT1+pcr on input line 45.

(/usr/share/texlive/texmf-dist/tex/latex/psnfss/ot1pcr.fd
File: ot1pcr.fd 2001/06/04 font definitions for OT1/pcr.
)
LaTeX Font Info:    Try loading font information for OMS+pcr on input line 45.

(/usr/share/texlive/texmf-dist/tex/latex/psnfss/omspcr.fd
File: omspcr.fd 
)
LaTeX Font Info:    Font shape `OMS/pcr/m/n' in size <9> not available
(Font)              Font shape `OMS/cmsy/m/n' tried instead on input line 45.
LaTeX Font Info:    Font shape `OT1/ptm/bx/n' in size <12> not available
(Font)              Font shape `OT1/ptm/b/n' tried instead on input line 47.


Package hyperref Warning: Token not allowed in a PDF string (PDFDocEncoding):
(hyperref)                \kern -10.0pt
(hyperref)                removed on input line 72.

<./figs/fig1/google_concrete_441.jpg, id=48, 301.125pt x 301.125pt>
File: ./figs/fig1/google_concrete_441.jpg Graphic file (type jpg)

<use ./figs/fig1/google_concrete_441.jpg>
Package pdftex.def Info: ./figs/fig1/google_concrete_441.jpg used on input line
 110.
(pdftex.def)             Requested size: 78.25528pt x 78.25389pt.

<./figs/fig1/google_concrete_476.jpg, id=49, 301.125pt x 301.125pt>
File: ./figs/fig1/google_concrete_476.jpg Graphic file (type jpg)

<use ./figs/fig1/google_concrete_476.jpg>
Package pdftex.def Info: ./figs/fig1/google_concrete_476.jpg used on input line
 110.
(pdftex.def)             Requested size: 78.25528pt x 78.25389pt.

<./figs/fig1/bing2_food_19.jpg, id=50, 301.125pt x 301.125pt>
File: ./figs/fig1/bing2_food_19.jpg Graphic file (type jpg)

<use ./figs/fig1/bing2_food_19.jpg>
Package pdftex.def Info: ./figs/fig1/bing2_food_19.jpg used on input line 110.
(pdftex.def)             Requested size: 78.25528pt x 78.25389pt.


LaTeX Font Warning: Command \scriptsize invalid in math mode on input line 110.



LaTeX Font Warning: Command \scriptsize invalid in math mode on input line 110.



LaTeX Font Warning: Command \scriptsize invalid in math mode on input line 110.


<./figs/fig1/google_grass_566.jpg, id=51, 301.125pt x 301.125pt>
File: ./figs/fig1/google_grass_566.jpg Graphic file (type jpg)

<use ./figs/fig1/google_grass_566.jpg>
Package pdftex.def Info: ./figs/fig1/google_grass_566.jpg used on input line 11
0.
(pdftex.def)             Requested size: 78.25528pt x 78.25389pt.

<./figs/fig1/google_brick_190.jpg, id=52, 301.125pt x 301.125pt>
File: ./figs/fig1/google_brick_190.jpg Graphic file (type jpg)

<use ./figs/fig1/google_brick_190.jpg>
Package pdftex.def Info: ./figs/fig1/google_brick_190.jpg used on input line 11
0.
(pdftex.def)             Requested size: 78.25528pt x 78.25389pt.

<./figs/fig1/google_water_703.jpg, id=53, 301.125pt x 301.125pt>
File: ./figs/fig1/google_water_703.jpg Graphic file (type jpg)

<use ./figs/fig1/google_water_703.jpg>
Package pdftex.def Info: ./figs/fig1/google_water_703.jpg used on input line 11
0.
(pdftex.def)             Requested size: 78.25528pt x 78.25389pt.


LaTeX Font Warning: Command \scriptsize invalid in math mode on input line 110.



LaTeX Font Warning: Command \scriptsize invalid in math mode on input line 110.



LaTeX Font Warning: Command \scriptsize invalid in math mode on input line 110.


<./figs/fig1/flickr_biscuit_194.jpg, id=54, 301.125pt x 301.125pt>
File: ./figs/fig1/flickr_biscuit_194.jpg Graphic file (type jpg)

<use ./figs/fig1/flickr_biscuit_194.jpg>
Package pdftex.def Info: ./figs/fig1/flickr_biscuit_194.jpg used on input line 
110.
(pdftex.def)             Requested size: 78.25528pt x 78.25389pt.

<./figs/fig1/flickr_brick_233.jpg, id=55, 301.125pt x 301.125pt>
File: ./figs/fig1/flickr_brick_233.jpg Graphic file (type jpg)

<use ./figs/fig1/flickr_brick_233.jpg>
Package pdftex.def Info: ./figs/fig1/flickr_brick_233.jpg used on input line 11
0.
(pdftex.def)             Requested size: 78.25528pt x 78.25389pt.

<./figs/fig1/flickr_chips_144.jpg, id=56, 301.125pt x 301.125pt>
File: ./figs/fig1/flickr_chips_144.jpg Graphic file (type jpg)

<use ./figs/fig1/flickr_chips_144.jpg>
Package pdftex.def Info: ./figs/fig1/flickr_chips_144.jpg used on input line 11
0.
(pdftex.def)             Requested size: 78.25528pt x 78.25389pt.


LaTeX Font Warning: Command \scriptsize invalid in math mode on input line 110.



LaTeX Font Warning: Command \scriptsize invalid in math mode on input line 110.



LaTeX Font Warning: Command \scriptsize invalid in math mode on input line 110.


<./figs/fig1/flickr_Fabric_471.jpg, id=57, 301.125pt x 301.125pt>
File: ./figs/fig1/flickr_Fabric_471.jpg Graphic file (type jpg)

<use ./figs/fig1/flickr_Fabric_471.jpg>
Package pdftex.def Info: ./figs/fig1/flickr_Fabric_471.jpg used on input line 1
10.
(pdftex.def)             Requested size: 78.25528pt x 78.25389pt.

<./figs/fig1/flickr_brick_215.jpg, id=58, 301.125pt x 301.125pt>
File: ./figs/fig1/flickr_brick_215.jpg Graphic file (type jpg)

<use ./figs/fig1/flickr_brick_215.jpg>
Package pdftex.def Info: ./figs/fig1/flickr_brick_215.jpg used on input line 11
0.
(pdftex.def)             Requested size: 78.25389pt x 78.24469pt.

<./figs/fig1/bing2_food_75.jpg, id=59, 301.125pt x 301.125pt>
File: ./figs/fig1/bing2_food_75.jpg Graphic file (type jpg)

<use ./figs/fig1/bing2_food_75.jpg>
Package pdftex.def Info: ./figs/fig1/bing2_food_75.jpg used on input line 110.
(pdftex.def)             Requested size: 78.25528pt x 78.25389pt.


LaTeX Font Warning: Command \scriptsize invalid in math mode on input line 110.



LaTeX Font Warning: Command \scriptsize invalid in math mode on input line 110.



LaTeX Font Warning: Command \scriptsize invalid in math mode on input line 110.



Underfull \vbox (badness 1442) has occurred while \output is active []

 [1{/var/lib/texmf/fonts/map/pdftex/updmap/pdftex.map}


 <./figs/fig1/google_concrete_441.jpg> <./figs/fig1/google_concrete_476.jpg> <.
/figs/fig1/bing2_food_19.jpg> <./figs/fig1/google_grass_566.jpg> <./figs/fig1/g
oogle_brick_190.jpg> <./figs/fig1/google_water_703.jpg> <./figs/fig1/flickr_bis
cuit_194.jpg> <./figs/fig1/flickr_brick_233.jpg> <./figs/fig1/flickr_chips_144.
jpg> <./figs/fig1/flickr_Fabric_471.jpg> <./figs/fig1/flickr_brick_215.jpg> <./
figs/fig1/bing2_food_75.jpg>]

Package hyperref Warning: Token not allowed in a PDF string (PDFDocEncoding):
(hyperref)                \kern -10.0pt
(hyperref)                removed on input line 194.

LaTeX Font Info:    Font shape `OT1/ptm/bx/n' in size <10> not available
(Font)              Font shape `OT1/ptm/b/n' tried instead on input line 197.

Underfull \hbox (badness 1902) in paragraph at lines 197--228
[]\OT1/ptm/b/n/10 Example-based tex-ture syn-the-sis. \OT1/ptm/m/n/10 Tech-niqu
es of
 []


Package hyperref Warning: Token not allowed in a PDF string (PDFDocEncoding):
(hyperref)                \kern -10.0pt
(hyperref)                removed on input line 242.

[2] <./figs/dataset/87.jpg, id=169, 301.125pt x 301.125pt>
File: ./figs/dataset/87.jpg Graphic file (type jpg)

<use ./figs/dataset/87.jpg>
Package pdftex.def Info: ./figs/dataset/87.jpg used on input line 294.
(pdftex.def)             Requested size: 54.54025pt x 54.54016pt.

<./figs/dataset/flickr_cardboard_211.jpg, id=170, 301.125pt x 301.125pt>
File: ./figs/dataset/flickr_cardboard_211.jpg Graphic file (type jpg)

<use ./figs/dataset/flickr_cardboard_211.jpg>
Package pdftex.def Info: ./figs/dataset/flickr_cardboard_211.jpg used on input 
line 296.
(pdftex.def)             Requested size: 54.54025pt x 54.54016pt.

<./figs/dataset/google_flower_169.jpg, id=171, 301.125pt x 301.125pt>
File: ./figs/dataset/google_flower_169.jpg Graphic file (type jpg)

<use ./figs/dataset/google_flower_169.jpg>
Package pdftex.def Info: ./figs/dataset/google_flower_169.jpg used on input lin
e 298.
(pdftex.def)             Requested size: 54.54025pt x 54.54016pt.

<./figs/dataset/87syn.jpg, id=172, 451.6875pt x 451.6875pt>
File: ./figs/dataset/87syn.jpg Graphic file (type jpg)

<use ./figs/dataset/87syn.jpg>
Package pdftex.def Info: ./figs/dataset/87syn.jpg used on input line 300.
(pdftex.def)             Requested size: 75.88522pt x 75.88298pt.

<./figs/dataset/flickr_cardboard_211_m.jpg, id=173, 401.5pt x 401.5pt>
File: ./figs/dataset/flickr_cardboard_211_m.jpg Graphic file (type jpg)

<use ./figs/dataset/flickr_cardboard_211_m.jpg>
Package pdftex.def Info: ./figs/dataset/flickr_cardboard_211_m.jpg used on inpu
t line 302.
(pdftex.def)             Requested size: 75.88522pt x 75.88144pt.

<./figs/dataset/google_flower_169_q.jpg, id=174, 401.5pt x 401.5pt>
File: ./figs/dataset/google_flower_169_q.jpg Graphic file (type jpg)

<use ./figs/dataset/google_flower_169_q.jpg>
Package pdftex.def Info: ./figs/dataset/google_flower_169_q.jpg used on input l
ine 304.
(pdftex.def)             Requested size: 75.88522pt x 75.88144pt.


LaTeX Font Warning: Command \scriptsize invalid in math mode on input line 320.



LaTeX Font Warning: Command \scriptsize invalid in math mode on input line 322.



LaTeX Font Warning: Command \scriptsize invalid in math mode on input line 324.



Package hyperref Warning: Token not allowed in a PDF string (PDFDocEncoding):
(hyperref)                \kern -10.0pt
(hyperref)                removed on input line 336.


Package hyperref Warning: Token not allowed in a PDF string (PDFDocEncoding):
(hyperref)                \kern -10.0pt
(hyperref)                removed on input line 344.


Package hyperref Warning: Token not allowed in a PDF string (PDFDocEncoding):
(hyperref)                \kern -10.0pt
(hyperref)                removed on input line 446.

<./figs/repet/1.jpg, id=185, 301.125pt x 301.125pt>
File: ./figs/repet/1.jpg Graphic file (type jpg)
 <use ./figs/repet/1.jpg>
Package pdftex.def Info: ./figs/repet/1.jpg used on input line 469.
(pdftex.def)             Requested size: 78.25528pt x 78.25389pt.

<./figs/repet/forest.jpg, id=186, 72.27pt x 72.27pt>
File: ./figs/repet/forest.jpg Graphic file (type jpg)

<use ./figs/repet/forest.jpg>
Package pdftex.def Info: ./figs/repet/forest.jpg used on input line 469.
(pdftex.def)             Requested size: 78.25528pt x 78.25883pt.

<./figs/repet/273.jpg, id=187, 301.125pt x 301.125pt>
File: ./figs/repet/273.jpg Graphic file (type jpg)

<use ./figs/repet/273.jpg>
Package pdftex.def Info: ./figs/repet/273.jpg used on input line 469.
(pdftex.def)             Requested size: 78.25528pt x 78.25389pt.


LaTeX Font Warning: Command \scriptsize invalid in math mode on input line 469.



LaTeX Font Warning: Command \scriptsize invalid in math mode on input line 469.



LaTeX Font Warning: Command \scriptsize invalid in math mode on input line 469.


<./figs/repet/439.jpg, id=188, 301.125pt x 301.125pt>
File: ./figs/repet/439.jpg Graphic file (type jpg)

<use ./figs/repet/439.jpg>
Package pdftex.def Info: ./figs/repet/439.jpg used on input line 469.
(pdftex.def)             Requested size: 78.25528pt x 78.25389pt.

<./figs/repet/flower2.jpg, id=189, 301.125pt x 301.125pt>
File: ./figs/repet/flower2.jpg Graphic file (type jpg)

<use ./figs/repet/flower2.jpg>
Package pdftex.def Info: ./figs/repet/flower2.jpg used on input line 469.
(pdftex.def)             Requested size: 78.25528pt x 78.25389pt.

<./figs/repet/832.jpg, id=190, 301.125pt x 301.125pt>
File: ./figs/repet/832.jpg Graphic file (type jpg)

<use ./figs/repet/832.jpg>
Package pdftex.def Info: ./figs/repet/832.jpg used on input line 469.
(pdftex.def)             Requested size: 78.25528pt x 78.25389pt.


LaTeX Font Warning: Command \scriptsize invalid in math mode on input line 469.



LaTeX Font Warning: Command \scriptsize invalid in math mode on input line 469.



LaTeX Font Warning: Command \scriptsize invalid in math mode on input line 469.


[3 <./figs/dataset/87.jpg> <./figs/dataset/flickr_cardboard_211.jpg> <./figs/da
taset/google_flower_169.jpg> <./figs/dataset/87syn.jpg> <./figs/dataset/flickr_
cardboard_211_m.jpg> <./figs/dataset/google_flower_169_q.jpg> <./figs/repet/1.j
pg> <./figs/repet/forest.jpg> <./figs/repet/273.jpg> <./figs/repet/439.jpg> <./
figs/repet/flower2.jpg> <./figs/repet/832.jpg>]
<./figs/repetitiveness/60.jpg, id=215, 301.125pt x 301.125pt>
File: ./figs/repetitiveness/60.jpg Graphic file (type jpg)

<use ./figs/repetitiveness/60.jpg>
Package pdftex.def Info: ./figs/repetitiveness/60.jpg used on input line 556.
(pdftex.def)             Requested size: 78.25528pt x 78.25389pt.

<./figs/repetitiveness/bing2_floor_201.jpg, id=216, 301.125pt x 301.125pt>
File: ./figs/repetitiveness/bing2_floor_201.jpg Graphic file (type jpg)

<use ./figs/repetitiveness/bing2_floor_201.jpg>
Package pdftex.def Info: ./figs/repetitiveness/bing2_floor_201.jpg used on inpu
t line 556.
(pdftex.def)             Requested size: 78.25528pt x 78.25389pt.

<./figs/repetitiveness/bing2_animal_19.jpg, id=217, 301.125pt x 301.125pt>
File: ./figs/repetitiveness/bing2_animal_19.jpg Graphic file (type jpg)

<use ./figs/repetitiveness/bing2_animal_19.jpg>
Package pdftex.def Info: ./figs/repetitiveness/bing2_animal_19.jpg used on inpu
t line 556.
(pdftex.def)             Requested size: 78.25528pt x 78.25389pt.


LaTeX Font Warning: Command \scriptsize invalid in math mode on input line 556.



LaTeX Font Warning: Command \scriptsize invalid in math mode on input line 556.



LaTeX Font Warning: Command \scriptsize invalid in math mode on input line 556.


<./figs/repetitiveness/bing2_floor_78.jpg, id=218, 301.125pt x 301.125pt>
File: ./figs/repetitiveness/bing2_floor_78.jpg Graphic file (type jpg)

<use ./figs/repetitiveness/bing2_floor_78.jpg>
Package pdftex.def Info: ./figs/repetitiveness/bing2_floor_78.jpg used on input
 line 556.
(pdftex.def)             Requested size: 78.25528pt x 78.25389pt.

<./figs/repetitiveness/10rep.jpg, id=219, 301.125pt x 301.125pt>
File: ./figs/repetitiveness/10rep.jpg Graphic file (type jpg)

<use ./figs/repetitiveness/10rep.jpg>
Package pdftex.def Info: ./figs/repetitiveness/10rep.jpg used on input line 556
.
(pdftex.def)             Requested size: 78.25528pt x 78.25389pt.

<./figs/repetitiveness/bing2_floor_24.jpg, id=220, 301.125pt x 301.125pt>
File: ./figs/repetitiveness/bing2_floor_24.jpg Graphic file (type jpg)

<use ./figs/repetitiveness/bing2_floor_24.jpg>
Package pdftex.def Info: ./figs/repetitiveness/bing2_floor_24.jpg used on input
 line 556.
(pdftex.def)             Requested size: 78.25528pt x 78.25389pt.


LaTeX Font Warning: Command \scriptsize invalid in math mode on input line 556.



LaTeX Font Warning: Command \scriptsize invalid in math mode on input line 556.



LaTeX Font Warning: Command \scriptsize invalid in math mode on input line 556.



Underfull \hbox (badness 1454) in paragraph at lines 576--591
[]\OT1/ptm/m/n/10 The method draws on nor-mal-ized cross cor-re-la-tion
 []


Package amsfonts Warning: Obsolete command \bold; \mathbf should be used instea
d on input line 635.

[4 <./figs/repetitiveness/60.jpg> <./figs/repetitiveness/bing2_floor_201.jpg> <
./figs/repetitiveness/bing2_animal_19.jpg> <./figs/repetitiveness/bing2_floor_7
8.jpg> <./figs/repetitiveness/10rep.jpg> <./figs/repetitiveness/bing2_floor_24.
jpg>] <./figs/regularity/403.jpg, id=247, 301.125pt x 301.125pt>
File: ./figs/regularity/403.jpg Graphic file (type jpg)

<use ./figs/regularity/403.jpg>
Package pdftex.def Info: ./figs/regularity/403.jpg used on input line 683.
(pdftex.def)             Requested size: 78.25528pt x 78.25389pt.

<./figs/regularity/13.jpg, id=248, 301.125pt x 301.125pt>
File: ./figs/regularity/13.jpg Graphic file (type jpg)

<use ./figs/regularity/13.jpg>
Package pdftex.def Info: ./figs/regularity/13.jpg used on input line 683.
(pdftex.def)             Requested size: 78.25528pt x 78.25389pt.

<./figs/regularity/90.jpg, id=249, 301.125pt x 301.125pt>
File: ./figs/regularity/90.jpg Graphic file (type jpg)

<use ./figs/regularity/90.jpg>
Package pdftex.def Info: ./figs/regularity/90.jpg used on input line 683.
(pdftex.def)             Requested size: 78.25528pt x 78.25389pt.


LaTeX Font Warning: Command \scriptsize invalid in math mode on input line 683.



LaTeX Font Warning: Command \scriptsize invalid in math mode on input line 683.



LaTeX Font Warning: Command \scriptsize invalid in math mode on input line 683.


<./figs/regularity/57.jpg, id=250, 301.125pt x 301.125pt>
File: ./figs/regularity/57.jpg Graphic file (type jpg)

<use ./figs/regularity/57.jpg>
Package pdftex.def Info: ./figs/regularity/57.jpg used on input line 683.
(pdftex.def)             Requested size: 78.25528pt x 78.25389pt.

<./figs/regularity/28.jpg, id=251, 301.125pt x 301.125pt>
File: ./figs/regularity/28.jpg Graphic file (type jpg)

<use ./figs/regularity/28.jpg>
Package pdftex.def Info: ./figs/regularity/28.jpg used on input line 683.
(pdftex.def)             Requested size: 78.25528pt x 78.25389pt.

<./figs/regularity/google_Paper_100.jpg, id=252, 301.125pt x 301.125pt>
File: ./figs/regularity/google_Paper_100.jpg Graphic file (type jpg)

<use ./figs/regularity/google_Paper_100.jpg>
Package pdftex.def Info: ./figs/regularity/google_Paper_100.jpg used on input l
ine 683.
(pdftex.def)             Requested size: 78.25528pt x 78.25389pt.


LaTeX Font Warning: Command \scriptsize invalid in math mode on input line 683.



LaTeX Font Warning: Command \scriptsize invalid in math mode on input line 683.



LaTeX Font Warning: Command \scriptsize invalid in math mode on input line 683.



Package hyperref Warning: Token not allowed in a PDF string (PDFDocEncoding):
(hyperref)                \kern -10.0pt
(hyperref)                removed on input line 700.


Package hyperref Warning: Token not allowed in a PDF string (PDFDocEncoding):
(hyperref)                \kern -10.0pt
(hyperref)                removed on input line 711.


Package hyperref Warning: Token not allowed in a PDF string (PDFDocEncoding):
(hyperref)                \kern -10.0pt
(hyperref)                removed on input line 717.


Underfull \vbox (badness 10000) has occurred while \output is active []


<./figs/Fabric/147.jpg, id=259, 301.125pt x 301.125pt>
File: ./figs/Fabric/147.jpg Graphic file (type jpg)

<use ./figs/Fabric/147.jpg>
Package pdftex.def Info: ./figs/Fabric/147.jpg used on input line 914.
(pdftex.def)             Requested size: 64.59373pt x 64.59357pt.

<./figs/fig8/bing_foam_150.jpg, id=260, 301.125pt x 301.125pt>
File: ./figs/fig8/bing_foam_150.jpg Graphic file (type jpg)

<use ./figs/fig8/bing_foam_150.jpg>
Package pdftex.def Info: ./figs/fig8/bing_foam_150.jpg used on input line 914.
(pdftex.def)             Requested size: 64.59373pt x 64.59357pt.

<./figs/Fabric/161.jpg, id=261, 301.125pt x 301.125pt>
File: ./figs/Fabric/161.jpg Graphic file (type jpg)

<use ./figs/Fabric/161.jpg>
Package pdftex.def Info: ./figs/Fabric/161.jpg used on input line 914.
(pdftex.def)             Requested size: 64.59373pt x 64.59357pt.

<./figs/Fabric/696.jpg, id=262, 301.125pt x 301.125pt>
File: ./figs/Fabric/696.jpg Graphic file (type jpg)

<use ./figs/Fabric/696.jpg>
Package pdftex.def Info: ./figs/Fabric/696.jpg used on input line 914.
(pdftex.def)             Requested size: 64.59373pt x 64.59357pt.

<./figs/Fabric/flickr_Fabric_75.jpg, id=263, 301.125pt x 301.125pt>
File: ./figs/Fabric/flickr_Fabric_75.jpg Graphic file (type jpg)

<use ./figs/Fabric/flickr_Fabric_75.jpg>
Package pdftex.def Info: ./figs/Fabric/flickr_Fabric_75.jpg used on input line 
914.
(pdftex.def)             Requested size: 64.59373pt x 64.59357pt.

<./figs/Fabric/147_syn.jpg, id=264, 451.6875pt x 451.6875pt>
File: ./figs/Fabric/147_syn.jpg Graphic file (type jpg)

<use ./figs/Fabric/147_syn.jpg>
Package pdftex.def Info: ./figs/Fabric/147_syn.jpg used on input line 914.
(pdftex.def)             Requested size: 94.40388pt x 94.40228pt.

<./figs/fig8/bing_foam_150_m.jpg, id=265, 401.5pt x 401.5pt>
File: ./figs/fig8/bing_foam_150_m.jpg Graphic file (type jpg)

<use ./figs/fig8/bing_foam_150_m.jpg>
Package pdftex.def Info: ./figs/fig8/bing_foam_150_m.jpg used on input line 914
.
(pdftex.def)             Requested size: 94.40388pt x 94.40152pt.

<./figs/Fabric/161_syn.jpg, id=266, 451.6875pt x 451.6875pt>
File: ./figs/Fabric/161_syn.jpg Graphic file (type jpg)

<use ./figs/Fabric/161_syn.jpg>
Package pdftex.def Info: ./figs/Fabric/161_syn.jpg used on input line 914.
(pdftex.def)             Requested size: 94.40388pt x 94.40228pt.

<./figs/Fabric/696_syn.jpg, id=267, 385.44pt x 385.44pt>
File: ./figs/Fabric/696_syn.jpg Graphic file (type jpg)

<use ./figs/Fabric/696_syn.jpg>
Package pdftex.def Info: ./figs/Fabric/696_syn.jpg used on input line 914.
(pdftex.def)             Requested size: 94.40388pt x 94.40128pt.

<./figs/Fabric/flickr_Fabric_75_q.jpg, id=268, 401.5pt x 401.5pt>
File: ./figs/Fabric/flickr_Fabric_75_q.jpg Graphic file (type jpg)

<use ./figs/Fabric/flickr_Fabric_75_q.jpg>
Package pdftex.def Info: ./figs/Fabric/flickr_Fabric_75_q.jpg used on input lin
e 914.
(pdftex.def)             Requested size: 94.40388pt x 94.40152pt.


LaTeX Font Warning: Command \scriptsize invalid in math mode on input line 914.



LaTeX Font Warning: Command \scriptsize invalid in math mode on input line 914.



LaTeX Font Warning: Command \scriptsize invalid in math mode on input line 914.



LaTeX Font Warning: Command \scriptsize invalid in math mode on input line 914.



LaTeX Font Warning: Command \scriptsize invalid in math mode on input line 914.


<./figs/fig8/google_brick_32.jpg, id=269, 301.125pt x 301.125pt>
File: ./figs/fig8/google_brick_32.jpg Graphic file (type jpg)

<use ./figs/fig8/google_brick_32.jpg>
Package pdftex.def Info: ./figs/fig8/google_brick_32.jpg used on input line 914
.
(pdftex.def)             Requested size: 64.59373pt x 64.59357pt.

<./figs/fig8/flickr_carpet_325.jpg, id=270, 301.125pt x 301.125pt>
File: ./figs/fig8/flickr_carpet_325.jpg Graphic file (type jpg)

<use ./figs/fig8/flickr_carpet_325.jpg>
Package pdftex.def Info: ./figs/fig8/flickr_carpet_325.jpg used on input line 9
14.
(pdftex.def)             Requested size: 64.59373pt x 64.59357pt.

<./figs/fig8/bing2_rust_136.jpg, id=271, 301.125pt x 301.125pt>
File: ./figs/fig8/bing2_rust_136.jpg Graphic file (type jpg)

<use ./figs/fig8/bing2_rust_136.jpg>
Package pdftex.def Info: ./figs/fig8/bing2_rust_136.jpg used on input line 914.

(pdftex.def)             Requested size: 64.59373pt x 64.59357pt.

<./figs/fig8/bing2_pasta_69.jpg, id=272, 301.125pt x 301.125pt>
File: ./figs/fig8/bing2_pasta_69.jpg Graphic file (type jpg)

<use ./figs/fig8/bing2_pasta_69.jpg>
Package pdftex.def Info: ./figs/fig8/bing2_pasta_69.jpg used on input line 914.

(pdftex.def)             Requested size: 64.59373pt x 64.59357pt.

<./figs/fig8/bing2_crowd_176.jpg, id=273, 301.125pt x 301.125pt>
File: ./figs/fig8/bing2_crowd_176.jpg Graphic file (type jpg)

<use ./figs/fig8/bing2_crowd_176.jpg>
Package pdftex.def Info: ./figs/fig8/bing2_crowd_176.jpg used on input line 914
.
(pdftex.def)             Requested size: 64.59373pt x 64.59357pt.

<./figs/fig8/google_brick_32_q.jpg, id=274, 401.5pt x 401.5pt>
File: ./figs/fig8/google_brick_32_q.jpg Graphic file (type jpg)

<use ./figs/fig8/google_brick_32_q.jpg>
Package pdftex.def Info: ./figs/fig8/google_brick_32_q.jpg used on input line 9
14.
(pdftex.def)             Requested size: 94.40388pt x 94.40152pt.

<./figs/fig8/flickr_carpet_325_w.jpg, id=275, 385.44pt x 385.44pt>
File: ./figs/fig8/flickr_carpet_325_w.jpg Graphic file (type jpg)

<use ./figs/fig8/flickr_carpet_325_w.jpg>
Package pdftex.def Info: ./figs/fig8/flickr_carpet_325_w.jpg used on input line
 914.
(pdftex.def)             Requested size: 94.40388pt x 94.40128pt.

<./figs/fig8/bing2_rust_136_m.jpg, id=276, 401.5pt x 401.5pt>
File: ./figs/fig8/bing2_rust_136_m.jpg Graphic file (type jpg)

<use ./figs/fig8/bing2_rust_136_m.jpg>
Package pdftex.def Info: ./figs/fig8/bing2_rust_136_m.jpg used on input line 91
4.
(pdftex.def)             Requested size: 94.40388pt x 94.40152pt.

<./figs/fig8/bing2_pasta_69_q.jpg, id=277, 401.5pt x 401.5pt>
File: ./figs/fig8/bing2_pasta_69_q.jpg Graphic file (type jpg)

<use ./figs/fig8/bing2_pasta_69_q.jpg>
Package pdftex.def Info: ./figs/fig8/bing2_pasta_69_q.jpg used on input line 91
4.
(pdftex.def)             Requested size: 94.40388pt x 94.40152pt.

<./figs/fig8/bing2_crowd_176_q.jpg, id=278, 401.5pt x 401.5pt>
File: ./figs/fig8/bing2_crowd_176_q.jpg Graphic file (type jpg)

<use ./figs/fig8/bing2_crowd_176_q.jpg>
Package pdftex.def Info: ./figs/fig8/bing2_crowd_176_q.jpg used on input line 9
14.
(pdftex.def)             Requested size: 94.40388pt x 94.40152pt.


LaTeX Font Warning: Command \scriptsize invalid in math mode on input line 914.



LaTeX Font Warning: Command \scriptsize invalid in math mode on input line 914.



LaTeX Font Warning: Command \scriptsize invalid in math mode on input line 914.



LaTeX Font Warning: Command \scriptsize invalid in math mode on input line 914.



LaTeX Font Warning: Command \scriptsize invalid in math mode on input line 914.


<./figs/best/google_plastic_19.jpg, id=279, 301.125pt x 301.125pt>
File: ./figs/best/google_plastic_19.jpg Graphic file (type jpg)

<use ./figs/best/google_plastic_19.jpg>
Package pdftex.def Info: ./figs/best/google_plastic_19.jpg used on input line 9
51.
(pdftex.def)             Requested size: 64.59373pt x 64.59357pt.

<./figs/best/google_plastic_19_q.jpg, id=280, 401.5pt x 401.5pt>
File: ./figs/best/google_plastic_19_q.jpg Graphic file (type jpg)

<use ./figs/best/google_plastic_19_q.jpg>
Package pdftex.def Info: ./figs/best/google_plastic_19_q.jpg used on input line
 951.
(pdftex.def)             Requested size: 84.46465pt x 84.46451pt.

<./figs/best/google_plastic_19_w.jpg, id=281, 385.44pt x 385.44pt>
File: ./figs/best/google_plastic_19_w.jpg Graphic file (type jpg)

<use ./figs/best/google_plastic_19_w.jpg>
Package pdftex.def Info: ./figs/best/google_plastic_19_w.jpg used on input line
 951.
(pdftex.def)             Requested size: 84.46465pt x 84.46182pt.

<./figs/best/bing2_rain_163.jpg, id=282, 301.125pt x 301.125pt>
File: ./figs/best/bing2_rain_163.jpg Graphic file (type jpg)

<use ./figs/best/bing2_rain_163.jpg>
Package pdftex.def Info: ./figs/best/bing2_rain_163.jpg used on input line 951.

(pdftex.def)             Requested size: 64.59373pt x 64.59357pt.

<./figs/best/bing2_rain_163_m.jpg, id=283, 401.5pt x 401.5pt>
File: ./figs/best/bing2_rain_163_m.jpg Graphic file (type jpg)

<use ./figs/best/bing2_rain_163_m.jpg>
Package pdftex.def Info: ./figs/best/bing2_rain_163_m.jpg used on input line 95
1.
(pdftex.def)             Requested size: 84.46465pt x 84.46451pt.

<./figs/best/bing2_rain_163_q.jpg, id=284, 401.5pt x 401.5pt>
File: ./figs/best/bing2_rain_163_q.jpg Graphic file (type jpg)

<use ./figs/best/bing2_rain_163_q.jpg>
Package pdftex.def Info: ./figs/best/bing2_rain_163_q.jpg used on input line 95
1.
(pdftex.def)             Requested size: 84.46465pt x 84.46451pt.


LaTeX Font Warning: Command \scriptsize invalid in math mode on input line 951.



LaTeX Font Warning: Command \scriptsize invalid in math mode on input line 951.



LaTeX Font Warning: Command \scriptsize invalid in math mode on input line 951.



LaTeX Font Warning: Command \scriptsize invalid in math mode on input line 951.



LaTeX Font Warning: Command \scriptsize invalid in math mode on input line 951.



LaTeX Font Warning: Command \scriptsize invalid in math mode on input line 951.


[5 <./figs/regularity/403.jpg> <./figs/regularity/13.jpg> <./figs/regularity/90
.jpg> <./figs/regularity/57.jpg> <./figs/regularity/28.jpg> <./figs/regularity/
google_Paper_100.jpg>]
Underfull \vbox (badness 10000) has occurred while \output is active []


Underfull \vbox (badness 10000) has occurred while \output is active []

 [6 <./figs/Fabric/147.jpg> <./figs/fig8/bing_foam_150.jpg> <./figs/Fabric/161.
jpg> <./figs/Fabric/696.jpg> <./figs/Fabric/flickr_Fabric_75.jpg> <./figs/Fabri
c/147_syn.jpg> <./figs/fig8/bing_foam_150_m.jpg> <./figs/Fabric/161_syn.jpg> <.
/figs/Fabric/696_syn.jpg> <./figs/Fabric/flickr_Fabric_75_q.jpg> <./figs/fig8/g
oogle_brick_32.jpg> <./figs/fig8/flickr_carpet_325.jpg> <./figs/fig8/bing2_rust
_136.jpg> <./figs/fig8/bing2_pasta_69.jpg> <./figs/fig8/bing2_crowd_176.jpg> <.
/figs/fig8/google_brick_32_q.jpg> <./figs/fig8/flickr_carpet_325_w.jpg> <./figs
/fig8/bing2_rust_136_m.jpg> <./figs/fig8/bing2_pasta_69_q.jpg> <./figs/fig8/bin
g2_crowd_176_q.jpg> <./figs/best/google_plastic_19.jpg> <./figs/best/google_pla
stic_19_q.jpg> <./figs/best/google_plastic_19_w.jpg> <./figs/best/bing2_rain_16
3.jpg> <./figs/best/bing2_rain_163_m.jpg> <./figs/best/bing2_rain_163_q.jpg>]
<./figs/AP_curve_all.pdf, id=322, 505.89pt x 361.35pt>
File: ./figs/AP_curve_all.pdf Graphic file (type pdf)

<use ./figs/AP_curve_all.pdf>
Package pdftex.def Info: ./figs/AP_curve_all.pdf used on input line 1011.
(pdftex.def)             Requested size: 189.70947pt x 135.50592pt.

<./figs/failure/fp/bing2_crowd_35.jpg, id=323, 301.125pt x 301.125pt>
File: ./figs/failure/fp/bing2_crowd_35.jpg Graphic file (type jpg)

<use ./figs/failure/fp/bing2_crowd_35.jpg>
Package pdftex.def Info: ./figs/failure/fp/bing2_crowd_35.jpg used on input lin
e 1022.
(pdftex.def)             Requested size: 45.0564pt x 45.05652pt.

<./figs/failure/fp/bing2_crowd_35_m.jpg, id=324, 401.5pt x 401.5pt>
File: ./figs/failure/fp/bing2_crowd_35_m.jpg Graphic file (type jpg)

<use ./figs/failure/fp/bing2_crowd_35_m.jpg>
Package pdftex.def Info: ./figs/failure/fp/bing2_crowd_35_m.jpg used on input l
ine 1025.
(pdftex.def)             Requested size: 68.7687pt x 65.44208pt.

<./figs/failure/fp/bing_hair_263.jpg, id=325, 301.125pt x 301.125pt>
File: ./figs/failure/fp/bing_hair_263.jpg Graphic file (type jpg)

<use ./figs/failure/fp/bing_hair_263.jpg>
Package pdftex.def Info: ./figs/failure/fp/bing_hair_263.jpg used on input line
 1027.
(pdftex.def)             Requested size: 45.0564pt x 45.05652pt.

<./figs/failure/fp/bing_hair_263_q.jpg, id=326, 401.5pt x 401.5pt>
File: ./figs/failure/fp/bing_hair_263_q.jpg Graphic file (type jpg)

<use ./figs/failure/fp/bing_hair_263_q.jpg>
Package pdftex.def Info: ./figs/failure/fp/bing_hair_263_q.jpg used on input li
ne 1030.
(pdftex.def)             Requested size: 68.7687pt x 65.44208pt.


LaTeX Font Warning: Command \scriptsize invalid in math mode on input line 1032
.


LaTeX Font Warning: Command \scriptsize invalid in math mode on input line 1034
.


LaTeX Font Warning: Command \scriptsize invalid in math mode on input line 1036
.


LaTeX Font Warning: Command \scriptsize invalid in math mode on input line 1038
.

<./figs/failure/fn/bing2_cloud_40.jpg, id=327, 301.125pt x 301.125pt>
File: ./figs/failure/fn/bing2_cloud_40.jpg Graphic file (type jpg)

<use ./figs/failure/fn/bing2_cloud_40.jpg>
Package pdftex.def Info: ./figs/failure/fn/bing2_cloud_40.jpg used on input lin
e 1041.
(pdftex.def)             Requested size: 45.0564pt x 45.05652pt.

<./figs/failure/fn/bing2_cloud_40_m.jpg, id=328, 401.5pt x 401.5pt>
File: ./figs/failure/fn/bing2_cloud_40_m.jpg Graphic file (type jpg)

<use ./figs/failure/fn/bing2_cloud_40_m.jpg>
Package pdftex.def Info: ./figs/failure/fn/bing2_cloud_40_m.jpg used on input l
ine 1044.
(pdftex.def)             Requested size: 68.7687pt x 65.44208pt.

<./figs/failure/fn/bing2_rust_10.jpg, id=329, 301.125pt x 301.125pt>
File: ./figs/failure/fn/bing2_rust_10.jpg Graphic file (type jpg)

<use ./figs/failure/fn/bing2_rust_10.jpg>
Package pdftex.def Info: ./figs/failure/fn/bing2_rust_10.jpg used on input line
 1046.
(pdftex.def)             Requested size: 45.0564pt x 45.05652pt.

<./figs/failure/fn/bing2_rust_10_m.jpg, id=330, 401.5pt x 401.5pt>
File: ./figs/failure/fn/bing2_rust_10_m.jpg Graphic file (type jpg)

<use ./figs/failure/fn/bing2_rust_10_m.jpg>
Package pdftex.def Info: ./figs/failure/fn/bing2_rust_10_m.jpg used on input li
ne 1049.
(pdftex.def)             Requested size: 68.7687pt x 65.44208pt.


LaTeX Font Warning: Command \scriptsize invalid in math mode on input line 1051
.


LaTeX Font Warning: Command \scriptsize invalid in math mode on input line 1053
.


LaTeX Font Warning: Command \scriptsize invalid in math mode on input line 1055
.


LaTeX Font Warning: Command \scriptsize invalid in math mode on input line 1057
.


Overfull \hbox (2.06157pt too wide) in paragraph at lines 1019--1061
 []$[]$ 
 []

<./figs/scale/flickr_crushed_78.jpg, id=331, 301.125pt x 301.125pt>
File: ./figs/scale/flickr_crushed_78.jpg Graphic file (type jpg)

<use ./figs/scale/flickr_crushed_78.jpg>
Package pdftex.def Info: ./figs/scale/flickr_crushed_78.jpg used on input line 
1070.
(pdftex.def)             Requested size: 77.06845pt x 77.06844pt.

<./figs/scale/flickr_crushed_79.jpg, id=332, 301.125pt x 301.125pt>
File: ./figs/scale/flickr_crushed_79.jpg Graphic file (type jpg)

<use ./figs/scale/flickr_crushed_79.jpg>
Package pdftex.def Info: ./figs/scale/flickr_crushed_79.jpg used on input line 
1072.
(pdftex.def)             Requested size: 77.06845pt x 77.06844pt.

<./figs/scale/flickr_crushed_80.jpg, id=333, 301.125pt x 301.125pt>
File: ./figs/scale/flickr_crushed_80.jpg Graphic file (type jpg)

<use ./figs/scale/flickr_crushed_80.jpg>
Package pdftex.def Info: ./figs/scale/flickr_crushed_80.jpg used on input line 
1074.
(pdftex.def)             Requested size: 77.06845pt x 77.06844pt.


LaTeX Font Warning: Command \scriptsize invalid in math mode on input line 1076
.


LaTeX Font Warning: Command \scriptsize invalid in math mode on input line 1078
.


LaTeX Font Warning: Command \scriptsize invalid in math mode on input line 1080
.


Overfull \hbox (2.72989pt too wide) in paragraph at lines 1068--1082
 []$[]$ 
 []


Package hyperref Warning: Token not allowed in a PDF string (PDFDocEncoding):
(hyperref)                \kern -10.0pt
(hyperref)                removed on input line 1107.

<./figs/2/2.jpg, id=336, 703.9098pt x 678.6153pt>
File: ./figs/2/2.jpg Graphic file (type jpg)
 <use ./figs/2/2.jpg>
Package pdftex.def Info: ./figs/2/2.jpg used on input line 1181.
(pdftex.def)             Requested size: 119.24419pt x 91.0396pt.

<./figs/2/3.jpg, id=337, 715.473pt x 639.5895pt>
File: ./figs/2/3.jpg Graphic file (type jpg)
 <use ./figs/2/3.jpg>
Package pdftex.def Info: ./figs/2/3.jpg used on input line 1183.
(pdftex.def)             Requested size: 119.23793pt x 91.04485pt.

<./figs/2/roi_11_rect.pdf, id=338, 1043.9pt x 905.78403pt>
File: ./figs/2/roi_11_rect.pdf Graphic file (type pdf)

<use ./figs/2/roi_11_rect.pdf>
Package pdftex.def Info: ./figs/2/roi_11_rect.pdf used on input line 1185.
(pdftex.def)             Requested size: 119.24158pt x 91.0398pt.
 <./figs/2/22_3.jpg, id=339, 642.4pt x 481.8pt>
File: ./figs/2/22_3.jpg Graphic file (type jpg)

<use ./figs/2/22_3.jpg>
Package pdftex.def Info: ./figs/2/22_3.jpg used on input line 1187.
(pdftex.def)             Requested size: 119.24402pt x 91.04303pt.


LaTeX Font Warning: Command \scriptsize invalid in math mode on input line 1189
.


LaTeX Font Warning: Command \scriptsize invalid in math mode on input line 1191
.


LaTeX Font Warning: Command \scriptsize invalid in math mode on input line 1193
.


LaTeX Font Warning: Command \scriptsize invalid in math mode on input line 1195
.

<./figs/roi/roi_2.jpg, id=340, 513.8397pt x 343.2825pt>
File: ./figs/roi/roi_2.jpg Graphic file (type jpg)

<use ./figs/roi/roi_2.jpg>
Package pdftex.def Info: ./figs/roi/roi_2.jpg used on input line 1207.
(pdftex.def)             Requested size: 71.1415pt x 47.52493pt.

<./figs/roi/2_syn.jpg, id=341, 752.8125pt x 644.4075pt>
File: ./figs/roi/2_syn.jpg Graphic file (type jpg)

<use ./figs/roi/2_syn.jpg>
Package pdftex.def Info: ./figs/roi/2_syn.jpg used on input line 1209.
(pdftex.def)             Requested size: 78.2493pt x 59.74442pt.

<./figs/roi/2_1_syn.jpg, id=342, 573.14125pt x 370.38374pt>
File: ./figs/roi/2_1_syn.jpg Graphic file (type jpg)

<use ./figs/roi/2_1_syn.jpg>
Package pdftex.def Info: ./figs/roi/2_1_syn.jpg used on input line 1211.
(pdftex.def)             Requested size: 78.25401pt x 59.74864pt.


LaTeX Font Warning: Command \scriptsize invalid in math mode on input line 1214
.


LaTeX Font Warning: Command \scriptsize invalid in math mode on input line 1216
.


LaTeX Font Warning: Command \scriptsize invalid in math mode on input line 1218
.

<./figs/roi/roi_1.jpg, id=343, 385.1991pt x 255.8358pt>
File: ./figs/roi/roi_1.jpg Graphic file (type jpg)

<use ./figs/roi/roi_1.jpg>
Package pdftex.def Info: ./figs/roi/roi_1.jpg used on input line 1221.
(pdftex.def)             Requested size: 71.1415pt x 47.2469pt.

<./figs/roi/1_syn.jpg, id=344, 722.7pt x 479.7925pt>
File: ./figs/roi/1_syn.jpg Graphic file (type jpg)

<use ./figs/roi/1_syn.jpg>
Package pdftex.def Info: ./figs/roi/1_syn.jpg used on input line 1223.
(pdftex.def)             Requested size: 78.25113pt x 59.74695pt.

<./figs/roi/1_1_syn.jpg, id=345, 496.85625pt x 440.64626pt>
File: ./figs/roi/1_1_syn.jpg Graphic file (type jpg)

<use ./figs/roi/1_1_syn.jpg>
Package pdftex.def Info: ./figs/roi/1_1_syn.jpg used on input line 1225.
(pdftex.def)             Requested size: 78.25526pt x 59.74689pt.


LaTeX Font Warning: Command \scriptsize invalid in math mode on input line 1227
.


LaTeX Font Warning: Command \scriptsize invalid in math mode on input line 1229
.


LaTeX Font Warning: Command \scriptsize invalid in math mode on input line 1231
.


Package hyperref Warning: Token not allowed in a PDF string (PDFDocEncoding):
(hyperref)                \kern -10.0pt
(hyperref)                removed on input line 1304.

[7 <./figs/AP_curve_all.pdf> <./figs/failure/fp/bing2_crowd_35.jpg> <./figs/fai
lure/fp/bing2_crowd_35_m.jpg> <./figs/failure/fp/bing_hair_263.jpg> <./figs/fai
lure/fp/bing_hair_263_q.jpg> <./figs/failure/fn/bing2_cloud_40.jpg> <./figs/fai
lure/fn/bing2_cloud_40_m.jpg> <./figs/failure/fn/bing2_rust_10.jpg> <./figs/fai
lure/fn/bing2_rust_10_m.jpg> <./figs/scale/flickr_crushed_78.jpg> <./figs/scale
/flickr_crushed_79.jpg> <./figs/scale/flickr_crushed_80.jpg> <./figs/roi/roi_2.
jpg> <./figs/roi/2_syn.jpg> <./figs/roi/2_1_syn.jpg> <./figs/roi/roi_1.jpg> <./
figs/roi/1_syn.jpg> <./figs/roi/1_1_syn.jpg>] (./main.bbl (./main.brf)
\tf@brf=\write4
\openout4 = `main.brf'.


Underfull \hbox (badness 3701) in paragraph at lines 58--58
[]\OT1/ptm/m/n/8 M. Gygli, H. Grab-ner, H. Riemen-schnei-der, F. Nater, and
 []

)
Package atveryend Info: Empty hook `BeforeClearDocument' on input line 1339.
 [8 <./figs/2/2.jpg> <./figs/2/3.jpg> <./figs/2/roi_11_rect.pdf> <./figs/2/22_3
.jpg

pdfTeX warning: /usr/bin/pdflatex (file ./figs/2/22_3.jpg): PDF inclusion: mult
iple pdfs with page group included in a single page
>]
Package atveryend Info: Empty hook `AfterLastShipout' on input line 1339.
 (./main.aux)
Package atveryend Info: Executing hook `AtVeryEndDocument' on input line 1339.
Package atveryend Info: Executing hook `AtEndAfterFileList' on input line 1339.

Package rerunfilecheck Info: File `main.out' has not changed.
(rerunfilecheck)             Checksum: D87563880815316AE6DC80BA777E32BC;669.
Package rerunfilecheck Info: File `main.brf' has not changed.
(rerunfilecheck)             Checksum: 34C2E37DC8BEC8A9FD33B391C876F0E6;2782.
Package atveryend Info: Empty hook `AtVeryVeryEnd' on input line 1339.
 ) 
Here is how much of TeX's memory you used:
 7112 strings out of 493485
 108216 string characters out of 3143526
 203821 words of memory out of 3000000
 10123 multiletter control sequences out of 15000+200000
 33812 words of font info for 81 fonts, out of 3000000 for 9000
 957 hyphenation exceptions out of 8191
 34i,15n,30p,310b,356s stack positions out of 5000i,500n,10000p,200000b,50000s
{/usr/share/texlive/texmf-dist/fonts/enc/dvips/base/8r.enc}</usr/share/texliv
e/texmf-dist/fonts/type1/public/amsfonts/cm/cmbx10.pfb></usr/share/texlive/texm
f-dist/fonts/type1/public/amsfonts/cm/cmex10.pfb></usr/share/texlive/texmf-dist
/fonts/type1/public/amsfonts/cm/cmmi10.pfb></usr/share/texlive/texmf-dist/fonts
/type1/public/amsfonts/cm/cmmi5.pfb></usr/share/texlive/texmf-dist/fonts/type1/
public/amsfonts/cm/cmmi7.pfb></usr/share/texlive/texmf-dist/fonts/type1/public/
amsfonts/cm/cmmi9.pfb></usr/share/texlive/texmf-dist/fonts/type1/public/amsfont
s/cm/cmr10.pfb></usr/share/texlive/texmf-dist/fonts/type1/public/amsfonts/cm/cm
r7.pfb></usr/share/texlive/texmf-dist/fonts/type1/public/amsfonts/cm/cmr9.pfb><
/usr/share/texlive/texmf-dist/fonts/type1/public/amsfonts/cm/cmsy10.pfb></usr/s
hare/texlive/texmf-dist/fonts/type1/public/amsfonts/cm/cmsy7.pfb></usr/share/te
xlive/texmf-dist/fonts/type1/public/amsfonts/cm/cmsy9.pfb></usr/share/texlive/t
exmf-dist/fonts/type1/public/amsfonts/symbols/msbm10.pfb></usr/share/texlive/te
xmf-dist/fonts/type1/urw/courier/ucrr8a.pfb></usr/share/texlive/texmf-dist/font
s/type1/urw/times/utmb8a.pfb></usr/share/texlive/texmf-dist/fonts/type1/urw/tim
es/utmr8a.pfb></usr/share/texlive/texmf-dist/fonts/type1/urw/times/utmri8a.pfb>

Output written on main.pdf (8 pages, 6765896 bytes).
PDF statistics:
 528 PDF objects out of 1000 (max. 8388607)
 391 compressed objects within 4 object streams
 78 named destinations out of 1000 (max. 500000)
 509 words of extra memory for PDF output out of 10000 (max. 10000000)

